<?xml version="1.0" encoding="utf-8"?>
<CoverageSession xmlns:xsd="http://www.w3.org/2001/XMLSchema" xmlns:xsi="http://www.w3.org/2001/XMLSchema-instance">
  <Summary numSequencePoints="163" visitedSequencePoints="77" numBranchPoints="92" visitedBranchPoints="40" sequenceCoverage="47.24" branchCoverage="43.48" maxCyclomaticComplexity="8" minCyclomaticComplexity="1" />
  <Modules>
    <Module skippedDueTo="Filter" hash="A5-06-7E-BB-97-9F-FF-58-FD-1F-67-CC-F1-D7-3F-86-8D-A2-2B-86">
      <FullName>C:\Windows\Microsoft.Net\assembly\GAC_64\mscorlib\v4.0_4.0.0.0__b77a5c561934e089\mscorlib.dll</FullName>
      <ModuleName>mscorlib</ModuleName>
      <Classes />
    </Module>
    <Module skippedDueTo="Filter" hash="08-BF-92-14-93-00-2A-42-CE-32-37-59-01-59-E7-49-28-41-00-61">
      <FullName>C:\Program Files\Gallio\bin\Gallio.Echo.exe</FullName>
      <ModuleName>Gallio.Echo</ModuleName>
      <Classes />
    </Module>
    <Module skippedDueTo="Filter" hash="5B-F0-65-D3-3F-C4-30-AC-0A-55-5B-36-F5-D4-10-C5-B2-DE-3A-36">
      <FullName>C:\Program Files\Gallio\bin\Gallio.dll</FullName>
      <ModuleName>Gallio</ModuleName>
      <Classes />
    </Module>
    <Module skippedDueTo="Filter" hash="02-48-D8-40-BF-27-52-82-F9-C6-04-52-74-0C-85-95-AE-D5-36-B5">
      <FullName>C:\Windows\Microsoft.Net\assembly\GAC_MSIL\System.Xml\v4.0_4.0.0.0__b77a5c561934e089\System.Xml.dll</FullName>
      <ModuleName>System.Xml</ModuleName>
      <Classes />
    </Module>
    <Module skippedDueTo="Filter" hash="95-BF-1E-D5-01-4B-4C-3A-DD-26-38-3F-91-6B-51-18-D3-62-48-CB">
      <FullName>C:\Windows\Microsoft.Net\assembly\GAC_MSIL\System\v4.0_4.0.0.0__b77a5c561934e089\System.dll</FullName>
      <ModuleName>System</ModuleName>
      <Classes />
    </Module>
    <Module skippedDueTo="Filter" hash="68-2C-E9-3C-97-12-3E-41-03-67-62-B8-56-00-43-0F-FC-D5-55-41">
      <FullName>C:\Windows\Microsoft.Net\assembly\GAC_MSIL\System.Configuration\v4.0_4.0.0.0__b03f5f7f11d50a3a\System.Configuration.dll</FullName>
      <ModuleName>System.Configuration</ModuleName>
      <Classes />
    </Module>
    <Module skippedDueTo="Filter" hash="EF-21-2C-4C-EC-3A-25-B6-C6-29-0E-24-F0-F9-81-50-B6-01-83-DD">
      <FullName>C:\Program Files\Gallio\bin\Gallio.XmlSerializers.dll</FullName>
      <ModuleName>Gallio.XmlSerializers</ModuleName>
      <Classes />
    </Module>
    <Module skippedDueTo="Filter" hash="BB-F6-85-98-D0-8A-03-9C-55-46-A9-F2-99-2D-EE-D4-B3-01-85-FD">
      <FullName>C:\Windows\Microsoft.Net\assembly\GAC_MSIL\System.Drawing\v4.0_4.0.0.0__b03f5f7f11d50a3a\System.Drawing.dll</FullName>
      <ModuleName>System.Drawing</ModuleName>
      <Classes />
    </Module>
    <Module skippedDueTo="Filter" hash="9C-33-53-FC-AC-72-7B-4C-17-35-66-4F-2B-A0-73-64-9A-EC-01-AF">
      <FullName>C:\Program Files\Gallio\bin\Gallio.Reports.dll</FullName>
      <ModuleName>Gallio.Reports</ModuleName>
      <Classes />
    </Module>
    <Module skippedDueTo="Filter" hash="EA-4C-40-75-F3-24-C7-F4-8B-F0-F8-96-F1-BD-11-14-33-B1-A7-08">
      <FullName>C:\Program Files\Gallio\bin\NUnit\Latest\Gallio.NUnitAdapterLatest.dll</FullName>
      <ModuleName>Gallio.NUnitAdapterLatest</ModuleName>
      <Classes />
    </Module>
    <Module skippedDueTo="Filter" hash="C6-A4-C6-84-EB-84-41-C4-A9-30-69-92-57-02-1A-EE-1A-09-C1-61">
      <FullName>C:\Program Files\Gallio\bin\NUnit\Latest\nunit.util.dll</FullName>
      <ModuleName>nunit.util</ModuleName>
      <Classes />
    </Module>
    <Module skippedDueTo="Filter" hash="72-C7-03-3D-46-8A-09-61-49-D7-41-77-D2-AB-3C-B0-58-18-E6-A9">
      <FullName>C:\Program Files\Gallio\bin\NUnit\Latest\nunit.core.interfaces.dll</FullName>
      <ModuleName>nunit.core.interfaces</ModuleName>
      <Classes />
    </Module>
    <Module skippedDueTo="Filter" hash="7A-99-4B-0E-30-AA-4A-64-F6-D0-5F-F1-41-D9-04-6D-56-99-A6-79">
      <FullName>C:\Program Files\Gallio\bin\NUnit\Latest\nunit.core.dll</FullName>
      <ModuleName>nunit.core</ModuleName>
      <Classes />
    </Module>
    <Module skippedDueTo="Filter" hash="84-64-E1-D2-0A-E2-91-23-AD-BD-B9-7A-3C-89-7B-66-65-58-46-1C">
      <FullName>C:\Windows\Microsoft.Net\assembly\GAC_MSIL\System.Runtime.Remoting\v4.0_4.0.0.0__b77a5c561934e089\System.Runtime.Remoting.dll</FullName>
      <ModuleName>System.Runtime.Remoting</ModuleName>
      <Classes />
    </Module>
    <Module skippedDueTo="Filter" hash="BB-0A-8F-C5-12-D8-A6-C8-9B-5E-2B-5F-53-4B-23-17-82-91-82-C6">
      <FullName>C:\Git\Bus Tracker\BusTrackerDomain\BusTrackerDomain.Test\bin\Debug\BusTrackerDomain.Test.dll</FullName>
      <ModuleName>BusTrackerDomain.Test</ModuleName>
      <Classes />
    </Module>
    <Module skippedDueTo="Filter" hash="42-83-FE-A6-9F-01-8E-2C-E8-41-E9-25-3E-1E-0D-99-81-76-6B-C9">
      <FullName>C:\Git\Bus Tracker\BusTrackerDomain\BusTrackerDomain.Test\bin\Debug\nunit.framework.dll</FullName>
      <ModuleName>nunit.framework</ModuleName>
      <Classes />
    </Module>
    <Module skippedDueTo="Filter" hash="4B-D6-D7-AD-B7-7B-F0-7C-CD-28-8F-3F-5F-53-4E-64-64-A0-62-B4">
      <FullName>C:\Program Files\Gallio\bin\NUnit\Latest\nunit.framework.dll</FullName>
      <ModuleName>nunit.framework</ModuleName>
      <Classes />
    </Module>
    <Module skippedDueTo="Filter" hash="0A-BF-A9-7D-03-70-AC-D2-72-05-F5-9E-9A-75-4D-4C-39-07-B7-BF">
      <FullName>C:\Windows\Microsoft.Net\assembly\GAC_MSIL\System.Windows.Forms\v4.0_4.0.0.0__b77a5c561934e089\System.Windows.Forms.dll</FullName>
      <ModuleName>System.Windows.Forms</ModuleName>
      <Classes />
    </Module>
    <Module hash="38-CF-FF-E1-C0-A5-6E-9C-15-27-D1-CA-58-0B-2B-7D-52-77-AE-A4">
      <Summary numSequencePoints="44" visitedSequencePoints="41" numBranchPoints="26" visitedBranchPoints="21" sequenceCoverage="93.18" branchCoverage="80.77" maxCyclomaticComplexity="8" minCyclomaticComplexity="1" />
      <FullName>C:\Git\Bus Tracker\BusTrackerDomain\BusTrackerDomain.Test\bin\Debug\BusTrackerDomain.dll</FullName>
      <ModuleName>BusTrackerDomain</ModuleName>
      <Files>
        <File uid="1" fullPath="c:\Git\Bus Tracker\BusTrackerDomain\BusTrackerDomain\BusTracker.cs" />
        <File uid="2" fullPath="c:\Git\Bus Tracker\BusTrackerDomain\BusTrackerDomain\ServiceInfoCalculator.cs" />
      </Files>
      <Classes>
        <Class>
          <Summary numSequencePoints="0" visitedSequencePoints="0" numBranchPoints="0" visitedBranchPoints="0" sequenceCoverage="0" branchCoverage="0" maxCyclomaticComplexity="0" minCyclomaticComplexity="0" />
          <FullName>&lt;Module&gt;</FullName>
          <Methods />
        </Class>
        <Class>
          <Summary numSequencePoints="13" visitedSequencePoints="10" numBranchPoints="4" visitedBranchPoints="3" sequenceCoverage="76.92" branchCoverage="75" maxCyclomaticComplexity="1" minCyclomaticComplexity="1" />
          <FullName>BusTrackerDomain.BusTracker</FullName>
          <Methods>
            <Method visited="true" cyclomaticComplexity="1" sequenceCoverage="100" branchCoverage="100" isConstructor="true" isStatic="false" isGetter="false" isSetter="false">
              <Summary numSequencePoints="4" visitedSequencePoints="4" numBranchPoints="1" visitedBranchPoints="1" sequenceCoverage="100" branchCoverage="100" maxCyclomaticComplexity="1" minCyclomaticComplexity="1" />
              <MetadataToken>100663297</MetadataToken>
              <Name>System.Void BusTrackerDomain.BusTracker::.ctor(BusTrackerDomain.Interface.IServiceAgent)</Name>
              <FileRef uid="1" />
              <SequencePoints>
                <SequencePoint vc="3" uspid="1" ordinal="0" offset="0" sl="15" sc="9" el="15" ec="54" />
                <SequencePoint vc="3" uspid="2" ordinal="1" offset="7" sl="16" sc="9" el="16" ec="10" />
                <SequencePoint vc="3" uspid="3" ordinal="2" offset="8" sl="17" sc="13" el="17" ec="46" />
                <SequencePoint vc="3" uspid="4" ordinal="3" offset="15" sl="18" sc="9" el="18" ec="10" />
              </SequencePoints>
              <BranchPoints />
              <MethodPoint xsi:type="SequencePoint" vc="3" uspid="1" ordinal="0" offset="0" sl="15" sc="9" el="15" ec="54" />
            </Method>
            <Method visited="true" cyclomaticComplexity="1" sequenceCoverage="100" branchCoverage="100" isConstructor="false" isStatic="false" isGetter="false" isSetter="false">
              <Summary numSequencePoints="3" visitedSequencePoints="3" numBranchPoints="1" visitedBranchPoints="1" sequenceCoverage="100" branchCoverage="100" maxCyclomaticComplexity="1" minCyclomaticComplexity="1" />
              <MetadataToken>100663298</MetadataToken>
              <Name>BusTrackerDomain.Entity.StationInfo BusTrackerDomain.BusTracker::GetStationInfo(System.Int32)</Name>
              <FileRef uid="1" />
              <SequencePoints>
                <SequencePoint vc="1" uspid="5" ordinal="0" offset="0" sl="21" sc="9" el="21" ec="10" />
                <SequencePoint vc="1" uspid="6" ordinal="1" offset="1" sl="22" sc="13" el="22" ec="59" />
                <SequencePoint vc="1" uspid="7" ordinal="2" offset="16" sl="23" sc="9" el="23" ec="10" />
              </SequencePoints>
              <BranchPoints />
              <MethodPoint xsi:type="SequencePoint" vc="1" uspid="5" ordinal="0" offset="0" sl="21" sc="9" el="21" ec="10" />
            </Method>
            <Method visited="false" cyclomaticComplexity="1" sequenceCoverage="0" branchCoverage="0" isConstructor="false" isStatic="false" isGetter="false" isSetter="false">
              <Summary numSequencePoints="3" visitedSequencePoints="0" numBranchPoints="1" visitedBranchPoints="0" sequenceCoverage="0" branchCoverage="0" maxCyclomaticComplexity="1" minCyclomaticComplexity="1" />
              <MetadataToken>100663299</MetadataToken>
              <Name>System.Collections.Generic.IEnumerable`1&lt;BusTrackerDomain.Entity.Service&gt; BusTrackerDomain.BusTracker::GetServices()</Name>
              <FileRef uid="1" />
              <SequencePoints>
                <SequencePoint vc="0" uspid="8" ordinal="0" offset="0" sl="26" sc="9" el="26" ec="10" />
                <SequencePoint vc="0" uspid="9" ordinal="1" offset="1" sl="27" sc="13" el="27" ec="47" />
                <SequencePoint vc="0" uspid="10" ordinal="2" offset="15" sl="28" sc="9" el="28" ec="10" />
              </SequencePoints>
              <BranchPoints />
              <MethodPoint xsi:type="SequencePoint" vc="0" uspid="8" ordinal="0" offset="0" sl="26" sc="9" el="26" ec="10" />
            </Method>
            <Method visited="true" cyclomaticComplexity="1" sequenceCoverage="100" branchCoverage="100" isConstructor="false" isStatic="false" isGetter="false" isSetter="false">
              <Summary numSequencePoints="3" visitedSequencePoints="3" numBranchPoints="1" visitedBranchPoints="1" sequenceCoverage="100" branchCoverage="100" maxCyclomaticComplexity="1" minCyclomaticComplexity="1" />
              <MetadataToken>100663300</MetadataToken>
              <Name>BusTrackerDomain.Entity.ServiceInfo BusTrackerDomain.BusTracker::GetServiceInfo(System.Int32)</Name>
              <FileRef uid="1" />
              <SequencePoints>
                <SequencePoint vc="2" uspid="11" ordinal="0" offset="0" sl="31" sc="9" el="31" ec="10" />
                <SequencePoint vc="2" uspid="12" ordinal="1" offset="1" sl="32" sc="13" el="32" ec="91" />
                <SequencePoint vc="2" uspid="13" ordinal="2" offset="21" sl="33" sc="9" el="33" ec="10" />
              </SequencePoints>
              <BranchPoints />
              <MethodPoint xsi:type="SequencePoint" vc="2" uspid="11" ordinal="0" offset="0" sl="31" sc="9" el="31" ec="10" />
            </Method>
          </Methods>
        </Class>
        <Class>
          <Summary numSequencePoints="0" visitedSequencePoints="0" numBranchPoints="0" visitedBranchPoints="0" sequenceCoverage="0" branchCoverage="0" maxCyclomaticComplexity="1" minCyclomaticComplexity="1" />
          <FullName>BusTrackerDomain.Entity.StationServiceInfo</FullName>
          <Methods>
            <Method visited="true" cyclomaticComplexity="1" sequenceCoverage="0" branchCoverage="0" isConstructor="false" isStatic="false" isGetter="true" isSetter="false">
              <Summary numSequencePoints="0" visitedSequencePoints="0" numBranchPoints="0" visitedBranchPoints="0" sequenceCoverage="0" branchCoverage="0" maxCyclomaticComplexity="1" minCyclomaticComplexity="1" />
              <MetadataToken>100663301</MetadataToken>
              <Name>BusTrackerDomain.Entity.Service BusTrackerDomain.Entity.StationServiceInfo::get_Service()</Name>
              <SequencePoints />
              <BranchPoints />
              <MethodPoint vc="5" uspid="14" ordinal="0" offset="0" />
            </Method>
            <Method visited="true" cyclomaticComplexity="1" sequenceCoverage="0" branchCoverage="0" isConstructor="false" isStatic="false" isGetter="false" isSetter="true">
              <Summary numSequencePoints="0" visitedSequencePoints="0" numBranchPoints="0" visitedBranchPoints="0" sequenceCoverage="0" branchCoverage="0" maxCyclomaticComplexity="1" minCyclomaticComplexity="1" />
              <MetadataToken>100663302</MetadataToken>
              <Name>System.Void BusTrackerDomain.Entity.StationServiceInfo::set_Service(BusTrackerDomain.Entity.Service)</Name>
              <SequencePoints />
              <BranchPoints />
              <MethodPoint vc="5" uspid="15" ordinal="0" offset="0" />
            </Method>
            <Method visited="true" cyclomaticComplexity="1" sequenceCoverage="0" branchCoverage="0" isConstructor="false" isStatic="false" isGetter="true" isSetter="false">
              <Summary numSequencePoints="0" visitedSequencePoints="0" numBranchPoints="0" visitedBranchPoints="0" sequenceCoverage="0" branchCoverage="0" maxCyclomaticComplexity="1" minCyclomaticComplexity="1" />
              <MetadataToken>100663303</MetadataToken>
              <Name>BusTrackerDomain.Entity.Departure BusTrackerDomain.Entity.StationServiceInfo::get_Departure()</Name>
              <SequencePoints />
              <BranchPoints />
              <MethodPoint vc="5" uspid="16" ordinal="0" offset="0" />
            </Method>
            <Method visited="true" cyclomaticComplexity="1" sequenceCoverage="0" branchCoverage="0" isConstructor="false" isStatic="false" isGetter="false" isSetter="true">
              <Summary numSequencePoints="0" visitedSequencePoints="0" numBranchPoints="0" visitedBranchPoints="0" sequenceCoverage="0" branchCoverage="0" maxCyclomaticComplexity="1" minCyclomaticComplexity="1" />
              <MetadataToken>100663304</MetadataToken>
              <Name>System.Void BusTrackerDomain.Entity.StationServiceInfo::set_Departure(BusTrackerDomain.Entity.Departure)</Name>
              <SequencePoints />
              <BranchPoints />
              <MethodPoint vc="5" uspid="17" ordinal="0" offset="0" />
            </Method>
            <Method visited="true" cyclomaticComplexity="1" sequenceCoverage="0" branchCoverage="0" isConstructor="true" isStatic="false" isGetter="false" isSetter="false">
              <Summary numSequencePoints="0" visitedSequencePoints="0" numBranchPoints="0" visitedBranchPoints="0" sequenceCoverage="0" branchCoverage="0" maxCyclomaticComplexity="1" minCyclomaticComplexity="1" />
              <MetadataToken>100663305</MetadataToken>
              <Name>System.Void BusTrackerDomain.Entity.StationServiceInfo::.ctor()</Name>
              <SequencePoints />
              <BranchPoints />
              <MethodPoint vc="5" uspid="18" ordinal="0" offset="0" />
            </Method>
          </Methods>
        </Class>
        <Class>
          <Summary numSequencePoints="0" visitedSequencePoints="0" numBranchPoints="0" visitedBranchPoints="0" sequenceCoverage="0" branchCoverage="0" maxCyclomaticComplexity="1" minCyclomaticComplexity="1" />
          <FullName>BusTrackerDomain.Entity.Departure</FullName>
          <Methods>
            <Method visited="false" cyclomaticComplexity="1" sequenceCoverage="0" branchCoverage="0" isConstructor="false" isStatic="false" isGetter="true" isSetter="false">
              <Summary numSequencePoints="0" visitedSequencePoints="0" numBranchPoints="0" visitedBranchPoints="0" sequenceCoverage="0" branchCoverage="0" maxCyclomaticComplexity="1" minCyclomaticComplexity="1" />
              <MetadataToken>100663306</MetadataToken>
              <Name>System.Int32 BusTrackerDomain.Entity.Departure::get_RouteId()</Name>
              <SequencePoints />
              <BranchPoints />
              <MethodPoint vc="0" uspid="19" ordinal="0" offset="0" />
            </Method>
            <Method visited="true" cyclomaticComplexity="1" sequenceCoverage="0" branchCoverage="0" isConstructor="false" isStatic="false" isGetter="false" isSetter="true">
              <Summary numSequencePoints="0" visitedSequencePoints="0" numBranchPoints="0" visitedBranchPoints="0" sequenceCoverage="0" branchCoverage="0" maxCyclomaticComplexity="1" minCyclomaticComplexity="1" />
              <MetadataToken>100663307</MetadataToken>
              <Name>System.Void BusTrackerDomain.Entity.Departure::set_RouteId(System.Int32)</Name>
              <SequencePoints />
              <BranchPoints />
              <MethodPoint vc="3" uspid="20" ordinal="0" offset="0" />
            </Method>
            <Method visited="true" cyclomaticComplexity="1" sequenceCoverage="0" branchCoverage="0" isConstructor="false" isStatic="false" isGetter="true" isSetter="false">
              <Summary numSequencePoints="0" visitedSequencePoints="0" numBranchPoints="0" visitedBranchPoints="0" sequenceCoverage="0" branchCoverage="0" maxCyclomaticComplexity="1" minCyclomaticComplexity="1" />
              <MetadataToken>100663308</MetadataToken>
              <Name>System.Int32 BusTrackerDomain.Entity.Departure::get_Direction()</Name>
              <SequencePoints />
              <BranchPoints />
              <MethodPoint vc="3" uspid="21" ordinal="0" offset="0" />
            </Method>
            <Method visited="true" cyclomaticComplexity="1" sequenceCoverage="0" branchCoverage="0" isConstructor="false" isStatic="false" isGetter="false" isSetter="true">
              <Summary numSequencePoints="0" visitedSequencePoints="0" numBranchPoints="0" visitedBranchPoints="0" sequenceCoverage="0" branchCoverage="0" maxCyclomaticComplexity="1" minCyclomaticComplexity="1" />
              <MetadataToken>100663309</MetadataToken>
              <Name>System.Void BusTrackerDomain.Entity.Departure::set_Direction(System.Int32)</Name>
              <SequencePoints />
              <BranchPoints />
              <MethodPoint vc="5" uspid="22" ordinal="0" offset="0" />
            </Method>
            <Method visited="true" cyclomaticComplexity="1" sequenceCoverage="0" branchCoverage="0" isConstructor="false" isStatic="false" isGetter="true" isSetter="false">
              <Summary numSequencePoints="0" visitedSequencePoints="0" numBranchPoints="0" visitedBranchPoints="0" sequenceCoverage="0" branchCoverage="0" maxCyclomaticComplexity="1" minCyclomaticComplexity="1" />
              <MetadataToken>100663310</MetadataToken>
              <Name>System.DateTime BusTrackerDomain.Entity.Departure::get_DepartureTime()</Name>
              <SequencePoints />
              <BranchPoints />
              <MethodPoint vc="3" uspid="23" ordinal="0" offset="0" />
            </Method>
            <Method visited="true" cyclomaticComplexity="1" sequenceCoverage="0" branchCoverage="0" isConstructor="false" isStatic="false" isGetter="false" isSetter="true">
              <Summary numSequencePoints="0" visitedSequencePoints="0" numBranchPoints="0" visitedBranchPoints="0" sequenceCoverage="0" branchCoverage="0" maxCyclomaticComplexity="1" minCyclomaticComplexity="1" />
              <MetadataToken>100663311</MetadataToken>
              <Name>System.Void BusTrackerDomain.Entity.Departure::set_DepartureTime(System.DateTime)</Name>
              <SequencePoints />
              <BranchPoints />
              <MethodPoint vc="5" uspid="24" ordinal="0" offset="0" />
            </Method>
            <Method visited="true" cyclomaticComplexity="1" sequenceCoverage="0" branchCoverage="0" isConstructor="false" isStatic="false" isGetter="true" isSetter="false">
              <Summary numSequencePoints="0" visitedSequencePoints="0" numBranchPoints="0" visitedBranchPoints="0" sequenceCoverage="0" branchCoverage="0" maxCyclomaticComplexity="1" minCyclomaticComplexity="1" />
              <MetadataToken>100663312</MetadataToken>
              <Name>System.TimeSpan BusTrackerDomain.Entity.Departure::get_Delay()</Name>
              <SequencePoints />
              <BranchPoints />
              <MethodPoint vc="1" uspid="25" ordinal="0" offset="0" />
            </Method>
            <Method visited="true" cyclomaticComplexity="1" sequenceCoverage="0" branchCoverage="0" isConstructor="false" isStatic="false" isGetter="false" isSetter="true">
              <Summary numSequencePoints="0" visitedSequencePoints="0" numBranchPoints="0" visitedBranchPoints="0" sequenceCoverage="0" branchCoverage="0" maxCyclomaticComplexity="1" minCyclomaticComplexity="1" />
              <MetadataToken>100663313</MetadataToken>
              <Name>System.Void BusTrackerDomain.Entity.Departure::set_Delay(System.TimeSpan)</Name>
              <SequencePoints />
              <BranchPoints />
              <MethodPoint vc="3" uspid="26" ordinal="0" offset="0" />
            </Method>
            <Method visited="false" cyclomaticComplexity="1" sequenceCoverage="0" branchCoverage="0" isConstructor="false" isStatic="false" isGetter="true" isSetter="false">
              <Summary numSequencePoints="0" visitedSequencePoints="0" numBranchPoints="0" visitedBranchPoints="0" sequenceCoverage="0" branchCoverage="0" maxCyclomaticComplexity="1" minCyclomaticComplexity="1" />
              <MetadataToken>100663314</MetadataToken>
              <Name>System.String BusTrackerDomain.Entity.Departure::get_Note()</Name>
              <SequencePoints />
              <BranchPoints />
              <MethodPoint vc="0" uspid="27" ordinal="0" offset="0" />
            </Method>
            <Method visited="true" cyclomaticComplexity="1" sequenceCoverage="0" branchCoverage="0" isConstructor="false" isStatic="false" isGetter="false" isSetter="true">
              <Summary numSequencePoints="0" visitedSequencePoints="0" numBranchPoints="0" visitedBranchPoints="0" sequenceCoverage="0" branchCoverage="0" maxCyclomaticComplexity="1" minCyclomaticComplexity="1" />
              <MetadataToken>100663315</MetadataToken>
              <Name>System.Void BusTrackerDomain.Entity.Departure::set_Note(System.String)</Name>
              <SequencePoints />
              <BranchPoints />
              <MethodPoint vc="3" uspid="28" ordinal="0" offset="0" />
            </Method>
            <Method visited="true" cyclomaticComplexity="1" sequenceCoverage="0" branchCoverage="0" isConstructor="true" isStatic="false" isGetter="false" isSetter="false">
              <Summary numSequencePoints="0" visitedSequencePoints="0" numBranchPoints="0" visitedBranchPoints="0" sequenceCoverage="0" branchCoverage="0" maxCyclomaticComplexity="1" minCyclomaticComplexity="1" />
              <MetadataToken>100663316</MetadataToken>
              <Name>System.Void BusTrackerDomain.Entity.Departure::.ctor()</Name>
              <SequencePoints />
              <BranchPoints />
              <MethodPoint vc="5" uspid="29" ordinal="0" offset="0" />
            </Method>
          </Methods>
        </Class>
        <Class>
          <Summary numSequencePoints="0" visitedSequencePoints="0" numBranchPoints="0" visitedBranchPoints="0" sequenceCoverage="0" branchCoverage="0" maxCyclomaticComplexity="1" minCyclomaticComplexity="1" />
          <FullName>BusTrackerDomain.Entity.StationInfo</FullName>
          <Methods>
            <Method visited="true" cyclomaticComplexity="1" sequenceCoverage="0" branchCoverage="0" isConstructor="false" isStatic="false" isGetter="true" isSetter="false">
              <Summary numSequencePoints="0" visitedSequencePoints="0" numBranchPoints="0" visitedBranchPoints="0" sequenceCoverage="0" branchCoverage="0" maxCyclomaticComplexity="1" minCyclomaticComplexity="1" />
              <MetadataToken>100663317</MetadataToken>
              <Name>BusTrackerDomain.Entity.Station BusTrackerDomain.Entity.StationInfo::get_Station()</Name>
              <SequencePoints />
              <BranchPoints />
              <MethodPoint vc="7" uspid="30" ordinal="0" offset="0" />
            </Method>
            <Method visited="true" cyclomaticComplexity="1" sequenceCoverage="0" branchCoverage="0" isConstructor="false" isStatic="false" isGetter="false" isSetter="true">
              <Summary numSequencePoints="0" visitedSequencePoints="0" numBranchPoints="0" visitedBranchPoints="0" sequenceCoverage="0" branchCoverage="0" maxCyclomaticComplexity="1" minCyclomaticComplexity="1" />
              <MetadataToken>100663318</MetadataToken>
              <Name>System.Void BusTrackerDomain.Entity.StationInfo::set_Station(BusTrackerDomain.Entity.Station)</Name>
              <SequencePoints />
              <BranchPoints />
              <MethodPoint vc="7" uspid="31" ordinal="0" offset="0" />
            </Method>
            <Method visited="true" cyclomaticComplexity="1" sequenceCoverage="0" branchCoverage="0" isConstructor="false" isStatic="false" isGetter="true" isSetter="false">
              <Summary numSequencePoints="0" visitedSequencePoints="0" numBranchPoints="0" visitedBranchPoints="0" sequenceCoverage="0" branchCoverage="0" maxCyclomaticComplexity="1" minCyclomaticComplexity="1" />
              <MetadataToken>100663319</MetadataToken>
              <Name>System.Collections.Generic.List`1&lt;BusTrackerDomain.Entity.StationServiceInfo&gt; BusTrackerDomain.Entity.StationInfo::get_StationServiceInfo()</Name>
              <SequencePoints />
              <BranchPoints />
              <MethodPoint vc="9" uspid="32" ordinal="0" offset="0" />
            </Method>
            <Method visited="true" cyclomaticComplexity="1" sequenceCoverage="0" branchCoverage="0" isConstructor="false" isStatic="false" isGetter="false" isSetter="true">
              <Summary numSequencePoints="0" visitedSequencePoints="0" numBranchPoints="0" visitedBranchPoints="0" sequenceCoverage="0" branchCoverage="0" maxCyclomaticComplexity="1" minCyclomaticComplexity="1" />
              <MetadataToken>100663320</MetadataToken>
              <Name>System.Void BusTrackerDomain.Entity.StationInfo::set_StationServiceInfo(System.Collections.Generic.List`1&lt;BusTrackerDomain.Entity.StationServiceInfo&gt;)</Name>
              <SequencePoints />
              <BranchPoints />
              <MethodPoint vc="7" uspid="33" ordinal="0" offset="0" />
            </Method>
            <Method visited="true" cyclomaticComplexity="1" sequenceCoverage="0" branchCoverage="0" isConstructor="true" isStatic="false" isGetter="false" isSetter="false">
              <Summary numSequencePoints="0" visitedSequencePoints="0" numBranchPoints="0" visitedBranchPoints="0" sequenceCoverage="0" branchCoverage="0" maxCyclomaticComplexity="1" minCyclomaticComplexity="1" />
              <MetadataToken>100663321</MetadataToken>
              <Name>System.Void BusTrackerDomain.Entity.StationInfo::.ctor()</Name>
              <SequencePoints />
              <BranchPoints />
              <MethodPoint vc="8" uspid="34" ordinal="0" offset="0" />
            </Method>
          </Methods>
        </Class>
        <Class>
          <Summary numSequencePoints="0" visitedSequencePoints="0" numBranchPoints="0" visitedBranchPoints="0" sequenceCoverage="0" branchCoverage="0" maxCyclomaticComplexity="1" minCyclomaticComplexity="1" />
          <FullName>BusTrackerDomain.Entity.ServiceInfo</FullName>
          <Methods>
            <Method visited="false" cyclomaticComplexity="1" sequenceCoverage="0" branchCoverage="0" isConstructor="false" isStatic="false" isGetter="true" isSetter="false">
              <Summary numSequencePoints="0" visitedSequencePoints="0" numBranchPoints="0" visitedBranchPoints="0" sequenceCoverage="0" branchCoverage="0" maxCyclomaticComplexity="1" minCyclomaticComplexity="1" />
              <MetadataToken>100663322</MetadataToken>
              <Name>BusTrackerDomain.Entity.Service BusTrackerDomain.Entity.ServiceInfo::get_Service()</Name>
              <SequencePoints />
              <BranchPoints />
              <MethodPoint vc="0" uspid="35" ordinal="0" offset="0" />
            </Method>
            <Method visited="true" cyclomaticComplexity="1" sequenceCoverage="0" branchCoverage="0" isConstructor="false" isStatic="false" isGetter="false" isSetter="true">
              <Summary numSequencePoints="0" visitedSequencePoints="0" numBranchPoints="0" visitedBranchPoints="0" sequenceCoverage="0" branchCoverage="0" maxCyclomaticComplexity="1" minCyclomaticComplexity="1" />
              <MetadataToken>100663323</MetadataToken>
              <Name>System.Void BusTrackerDomain.Entity.ServiceInfo::set_Service(BusTrackerDomain.Entity.Service)</Name>
              <SequencePoints />
              <BranchPoints />
              <MethodPoint vc="2" uspid="36" ordinal="0" offset="0" />
            </Method>
            <Method visited="true" cyclomaticComplexity="1" sequenceCoverage="0" branchCoverage="0" isConstructor="false" isStatic="false" isGetter="true" isSetter="false">
              <Summary numSequencePoints="0" visitedSequencePoints="0" numBranchPoints="0" visitedBranchPoints="0" sequenceCoverage="0" branchCoverage="0" maxCyclomaticComplexity="1" minCyclomaticComplexity="1" />
              <MetadataToken>100663324</MetadataToken>
              <Name>System.Collections.Generic.List`1&lt;BusTrackerDomain.Entity.ServiceStationInfo&gt; BusTrackerDomain.Entity.ServiceInfo::get_ServiceStationInfo()</Name>
              <SequencePoints />
              <BranchPoints />
              <MethodPoint vc="6" uspid="37" ordinal="0" offset="0" />
            </Method>
            <Method visited="true" cyclomaticComplexity="1" sequenceCoverage="0" branchCoverage="0" isConstructor="false" isStatic="false" isGetter="false" isSetter="true">
              <Summary numSequencePoints="0" visitedSequencePoints="0" numBranchPoints="0" visitedBranchPoints="0" sequenceCoverage="0" branchCoverage="0" maxCyclomaticComplexity="1" minCyclomaticComplexity="1" />
              <MetadataToken>100663325</MetadataToken>
              <Name>System.Void BusTrackerDomain.Entity.ServiceInfo::set_ServiceStationInfo(System.Collections.Generic.List`1&lt;BusTrackerDomain.Entity.ServiceStationInfo&gt;)</Name>
              <SequencePoints />
              <BranchPoints />
              <MethodPoint vc="2" uspid="38" ordinal="0" offset="0" />
            </Method>
            <Method visited="true" cyclomaticComplexity="1" sequenceCoverage="0" branchCoverage="0" isConstructor="true" isStatic="false" isGetter="false" isSetter="false">
              <Summary numSequencePoints="0" visitedSequencePoints="0" numBranchPoints="0" visitedBranchPoints="0" sequenceCoverage="0" branchCoverage="0" maxCyclomaticComplexity="1" minCyclomaticComplexity="1" />
              <MetadataToken>100663326</MetadataToken>
              <Name>System.Void BusTrackerDomain.Entity.ServiceInfo::.ctor()</Name>
              <SequencePoints />
              <BranchPoints />
              <MethodPoint vc="2" uspid="39" ordinal="0" offset="0" />
            </Method>
          </Methods>
        </Class>
        <Class>
          <Summary numSequencePoints="0" visitedSequencePoints="0" numBranchPoints="0" visitedBranchPoints="0" sequenceCoverage="0" branchCoverage="0" maxCyclomaticComplexity="1" minCyclomaticComplexity="1" />
          <FullName>BusTrackerDomain.Entity.Service</FullName>
          <Methods>
            <Method visited="true" cyclomaticComplexity="1" sequenceCoverage="0" branchCoverage="0" isConstructor="false" isStatic="false" isGetter="true" isSetter="false">
              <Summary numSequencePoints="0" visitedSequencePoints="0" numBranchPoints="0" visitedBranchPoints="0" sequenceCoverage="0" branchCoverage="0" maxCyclomaticComplexity="1" minCyclomaticComplexity="1" />
              <MetadataToken>100663327</MetadataToken>
              <Name>System.Int32 BusTrackerDomain.Entity.Service::get_ServiceId()</Name>
              <SequencePoints />
              <BranchPoints />
              <MethodPoint vc="3" uspid="40" ordinal="0" offset="0" />
            </Method>
            <Method visited="true" cyclomaticComplexity="1" sequenceCoverage="0" branchCoverage="0" isConstructor="false" isStatic="false" isGetter="false" isSetter="true">
              <Summary numSequencePoints="0" visitedSequencePoints="0" numBranchPoints="0" visitedBranchPoints="0" sequenceCoverage="0" branchCoverage="0" maxCyclomaticComplexity="1" minCyclomaticComplexity="1" />
              <MetadataToken>100663328</MetadataToken>
              <Name>System.Void BusTrackerDomain.Entity.Service::set_ServiceId(System.Int32)</Name>
              <SequencePoints />
              <BranchPoints />
              <MethodPoint vc="5" uspid="41" ordinal="0" offset="0" />
            </Method>
            <Method visited="false" cyclomaticComplexity="1" sequenceCoverage="0" branchCoverage="0" isConstructor="false" isStatic="false" isGetter="true" isSetter="false">
              <Summary numSequencePoints="0" visitedSequencePoints="0" numBranchPoints="0" visitedBranchPoints="0" sequenceCoverage="0" branchCoverage="0" maxCyclomaticComplexity="1" minCyclomaticComplexity="1" />
              <MetadataToken>100663329</MetadataToken>
              <Name>System.String BusTrackerDomain.Entity.Service::get_ServiceName()</Name>
              <SequencePoints />
              <BranchPoints />
              <MethodPoint vc="0" uspid="42" ordinal="0" offset="0" />
            </Method>
            <Method visited="true" cyclomaticComplexity="1" sequenceCoverage="0" branchCoverage="0" isConstructor="false" isStatic="false" isGetter="false" isSetter="true">
              <Summary numSequencePoints="0" visitedSequencePoints="0" numBranchPoints="0" visitedBranchPoints="0" sequenceCoverage="0" branchCoverage="0" maxCyclomaticComplexity="1" minCyclomaticComplexity="1" />
              <MetadataToken>100663330</MetadataToken>
              <Name>System.Void BusTrackerDomain.Entity.Service::set_ServiceName(System.String)</Name>
              <SequencePoints />
              <BranchPoints />
              <MethodPoint vc="3" uspid="43" ordinal="0" offset="0" />
            </Method>
            <Method visited="true" cyclomaticComplexity="1" sequenceCoverage="0" branchCoverage="0" isConstructor="true" isStatic="false" isGetter="false" isSetter="false">
              <Summary numSequencePoints="0" visitedSequencePoints="0" numBranchPoints="0" visitedBranchPoints="0" sequenceCoverage="0" branchCoverage="0" maxCyclomaticComplexity="1" minCyclomaticComplexity="1" />
              <MetadataToken>100663331</MetadataToken>
              <Name>System.Void BusTrackerDomain.Entity.Service::.ctor()</Name>
              <SequencePoints />
              <BranchPoints />
              <MethodPoint vc="5" uspid="44" ordinal="0" offset="0" />
            </Method>
          </Methods>
        </Class>
        <Class>
          <Summary numSequencePoints="0" visitedSequencePoints="0" numBranchPoints="0" visitedBranchPoints="0" sequenceCoverage="0" branchCoverage="0" maxCyclomaticComplexity="1" minCyclomaticComplexity="1" />
          <FullName>BusTrackerDomain.Entity.ServiceRouteInfo</FullName>
          <Methods>
            <Method visited="true" cyclomaticComplexity="1" sequenceCoverage="0" branchCoverage="0" isConstructor="false" isStatic="false" isGetter="true" isSetter="false">
              <Summary numSequencePoints="0" visitedSequencePoints="0" numBranchPoints="0" visitedBranchPoints="0" sequenceCoverage="0" branchCoverage="0" maxCyclomaticComplexity="1" minCyclomaticComplexity="1" />
              <MetadataToken>100663332</MetadataToken>
              <Name>BusTrackerDomain.Entity.Service BusTrackerDomain.Entity.ServiceRouteInfo::get_Service()</Name>
              <SequencePoints />
              <BranchPoints />
              <MethodPoint vc="2" uspid="45" ordinal="0" offset="0" />
            </Method>
            <Method visited="true" cyclomaticComplexity="1" sequenceCoverage="0" branchCoverage="0" isConstructor="false" isStatic="false" isGetter="false" isSetter="true">
              <Summary numSequencePoints="0" visitedSequencePoints="0" numBranchPoints="0" visitedBranchPoints="0" sequenceCoverage="0" branchCoverage="0" maxCyclomaticComplexity="1" minCyclomaticComplexity="1" />
              <MetadataToken>100663333</MetadataToken>
              <Name>System.Void BusTrackerDomain.Entity.ServiceRouteInfo::set_Service(BusTrackerDomain.Entity.Service)</Name>
              <SequencePoints />
              <BranchPoints />
              <MethodPoint vc="2" uspid="46" ordinal="0" offset="0" />
            </Method>
            <Method visited="true" cyclomaticComplexity="1" sequenceCoverage="0" branchCoverage="0" isConstructor="false" isStatic="false" isGetter="true" isSetter="false">
              <Summary numSequencePoints="0" visitedSequencePoints="0" numBranchPoints="0" visitedBranchPoints="0" sequenceCoverage="0" branchCoverage="0" maxCyclomaticComplexity="1" minCyclomaticComplexity="1" />
              <MetadataToken>100663334</MetadataToken>
              <Name>System.Collections.Generic.List`1&lt;BusTrackerDomain.Entity.Station&gt; BusTrackerDomain.Entity.ServiceRouteInfo::get_Stations()</Name>
              <SequencePoints />
              <BranchPoints />
              <MethodPoint vc="3" uspid="47" ordinal="0" offset="0" />
            </Method>
            <Method visited="true" cyclomaticComplexity="1" sequenceCoverage="0" branchCoverage="0" isConstructor="false" isStatic="false" isGetter="false" isSetter="true">
              <Summary numSequencePoints="0" visitedSequencePoints="0" numBranchPoints="0" visitedBranchPoints="0" sequenceCoverage="0" branchCoverage="0" maxCyclomaticComplexity="1" minCyclomaticComplexity="1" />
              <MetadataToken>100663335</MetadataToken>
              <Name>System.Void BusTrackerDomain.Entity.ServiceRouteInfo::set_Stations(System.Collections.Generic.List`1&lt;BusTrackerDomain.Entity.Station&gt;)</Name>
              <SequencePoints />
              <BranchPoints />
              <MethodPoint vc="2" uspid="48" ordinal="0" offset="0" />
            </Method>
            <Method visited="true" cyclomaticComplexity="1" sequenceCoverage="0" branchCoverage="0" isConstructor="true" isStatic="false" isGetter="false" isSetter="false">
              <Summary numSequencePoints="0" visitedSequencePoints="0" numBranchPoints="0" visitedBranchPoints="0" sequenceCoverage="0" branchCoverage="0" maxCyclomaticComplexity="1" minCyclomaticComplexity="1" />
              <MetadataToken>100663336</MetadataToken>
              <Name>System.Void BusTrackerDomain.Entity.ServiceRouteInfo::.ctor()</Name>
              <SequencePoints />
              <BranchPoints />
              <MethodPoint vc="2" uspid="49" ordinal="0" offset="0" />
            </Method>
          </Methods>
        </Class>
        <Class>
          <Summary numSequencePoints="0" visitedSequencePoints="0" numBranchPoints="0" visitedBranchPoints="0" sequenceCoverage="0" branchCoverage="0" maxCyclomaticComplexity="1" minCyclomaticComplexity="1" />
          <FullName>BusTrackerDomain.Entity.ServiceStationInfo</FullName>
          <Methods>
            <Method visited="true" cyclomaticComplexity="1" sequenceCoverage="0" branchCoverage="0" isConstructor="false" isStatic="false" isGetter="true" isSetter="false">
              <Summary numSequencePoints="0" visitedSequencePoints="0" numBranchPoints="0" visitedBranchPoints="0" sequenceCoverage="0" branchCoverage="0" maxCyclomaticComplexity="1" minCyclomaticComplexity="1" />
              <MetadataToken>100663337</MetadataToken>
              <Name>BusTrackerDomain.Entity.Station BusTrackerDomain.Entity.ServiceStationInfo::get_Station()</Name>
              <SequencePoints />
              <BranchPoints />
              <MethodPoint vc="4" uspid="50" ordinal="0" offset="0" />
            </Method>
            <Method visited="true" cyclomaticComplexity="1" sequenceCoverage="0" branchCoverage="0" isConstructor="false" isStatic="false" isGetter="false" isSetter="true">
              <Summary numSequencePoints="0" visitedSequencePoints="0" numBranchPoints="0" visitedBranchPoints="0" sequenceCoverage="0" branchCoverage="0" maxCyclomaticComplexity="1" minCyclomaticComplexity="1" />
              <MetadataToken>100663338</MetadataToken>
              <Name>System.Void BusTrackerDomain.Entity.ServiceStationInfo::set_Station(BusTrackerDomain.Entity.Station)</Name>
              <SequencePoints />
              <BranchPoints />
              <MethodPoint vc="4" uspid="51" ordinal="0" offset="0" />
            </Method>
            <Method visited="true" cyclomaticComplexity="1" sequenceCoverage="0" branchCoverage="0" isConstructor="false" isStatic="false" isGetter="true" isSetter="false">
              <Summary numSequencePoints="0" visitedSequencePoints="0" numBranchPoints="0" visitedBranchPoints="0" sequenceCoverage="0" branchCoverage="0" maxCyclomaticComplexity="1" minCyclomaticComplexity="1" />
              <MetadataToken>100663339</MetadataToken>
              <Name>BusTrackerDomain.Entity.Departure BusTrackerDomain.Entity.ServiceStationInfo::get_NextTo()</Name>
              <SequencePoints />
              <BranchPoints />
              <MethodPoint vc="1" uspid="52" ordinal="0" offset="0" />
            </Method>
            <Method visited="true" cyclomaticComplexity="1" sequenceCoverage="0" branchCoverage="0" isConstructor="false" isStatic="false" isGetter="false" isSetter="true">
              <Summary numSequencePoints="0" visitedSequencePoints="0" numBranchPoints="0" visitedBranchPoints="0" sequenceCoverage="0" branchCoverage="0" maxCyclomaticComplexity="1" minCyclomaticComplexity="1" />
              <MetadataToken>100663340</MetadataToken>
              <Name>System.Void BusTrackerDomain.Entity.ServiceStationInfo::set_NextTo(BusTrackerDomain.Entity.Departure)</Name>
              <SequencePoints />
              <BranchPoints />
              <MethodPoint vc="4" uspid="53" ordinal="0" offset="0" />
            </Method>
            <Method visited="false" cyclomaticComplexity="1" sequenceCoverage="0" branchCoverage="0" isConstructor="false" isStatic="false" isGetter="true" isSetter="false">
              <Summary numSequencePoints="0" visitedSequencePoints="0" numBranchPoints="0" visitedBranchPoints="0" sequenceCoverage="0" branchCoverage="0" maxCyclomaticComplexity="1" minCyclomaticComplexity="1" />
              <MetadataToken>100663341</MetadataToken>
              <Name>BusTrackerDomain.Entity.Departure BusTrackerDomain.Entity.ServiceStationInfo::get_NextReturn()</Name>
              <SequencePoints />
              <BranchPoints />
              <MethodPoint vc="0" uspid="54" ordinal="0" offset="0" />
            </Method>
            <Method visited="true" cyclomaticComplexity="1" sequenceCoverage="0" branchCoverage="0" isConstructor="false" isStatic="false" isGetter="false" isSetter="true">
              <Summary numSequencePoints="0" visitedSequencePoints="0" numBranchPoints="0" visitedBranchPoints="0" sequenceCoverage="0" branchCoverage="0" maxCyclomaticComplexity="1" minCyclomaticComplexity="1" />
              <MetadataToken>100663342</MetadataToken>
              <Name>System.Void BusTrackerDomain.Entity.ServiceStationInfo::set_NextReturn(BusTrackerDomain.Entity.Departure)</Name>
              <SequencePoints />
              <BranchPoints />
              <MethodPoint vc="4" uspid="55" ordinal="0" offset="0" />
            </Method>
            <Method visited="true" cyclomaticComplexity="1" sequenceCoverage="0" branchCoverage="0" isConstructor="true" isStatic="false" isGetter="false" isSetter="false">
              <Summary numSequencePoints="0" visitedSequencePoints="0" numBranchPoints="0" visitedBranchPoints="0" sequenceCoverage="0" branchCoverage="0" maxCyclomaticComplexity="1" minCyclomaticComplexity="1" />
              <MetadataToken>100663343</MetadataToken>
              <Name>System.Void BusTrackerDomain.Entity.ServiceStationInfo::.ctor()</Name>
              <SequencePoints />
              <BranchPoints />
              <MethodPoint vc="4" uspid="56" ordinal="0" offset="0" />
            </Method>
          </Methods>
        </Class>
        <Class>
          <Summary numSequencePoints="0" visitedSequencePoints="0" numBranchPoints="0" visitedBranchPoints="0" sequenceCoverage="0" branchCoverage="0" maxCyclomaticComplexity="1" minCyclomaticComplexity="1" />
          <FullName>BusTrackerDomain.Entity.Station</FullName>
          <Methods>
            <Method visited="true" cyclomaticComplexity="1" sequenceCoverage="0" branchCoverage="0" isConstructor="false" isStatic="false" isGetter="true" isSetter="false">
              <Summary numSequencePoints="0" visitedSequencePoints="0" numBranchPoints="0" visitedBranchPoints="0" sequenceCoverage="0" branchCoverage="0" maxCyclomaticComplexity="1" minCyclomaticComplexity="1" />
              <MetadataToken>100663344</MetadataToken>
              <Name>System.Int32 BusTrackerDomain.Entity.Station::get_Id()</Name>
              <SequencePoints />
              <BranchPoints />
              <MethodPoint vc="8" uspid="57" ordinal="0" offset="0" />
            </Method>
            <Method visited="true" cyclomaticComplexity="1" sequenceCoverage="0" branchCoverage="0" isConstructor="false" isStatic="false" isGetter="false" isSetter="true">
              <Summary numSequencePoints="0" visitedSequencePoints="0" numBranchPoints="0" visitedBranchPoints="0" sequenceCoverage="0" branchCoverage="0" maxCyclomaticComplexity="1" minCyclomaticComplexity="1" />
              <MetadataToken>100663345</MetadataToken>
              <Name>System.Void BusTrackerDomain.Entity.Station::set_Id(System.Int32)</Name>
              <SequencePoints />
              <BranchPoints />
              <MethodPoint vc="7" uspid="58" ordinal="0" offset="0" />
            </Method>
            <Method visited="false" cyclomaticComplexity="1" sequenceCoverage="0" branchCoverage="0" isConstructor="false" isStatic="false" isGetter="true" isSetter="false">
              <Summary numSequencePoints="0" visitedSequencePoints="0" numBranchPoints="0" visitedBranchPoints="0" sequenceCoverage="0" branchCoverage="0" maxCyclomaticComplexity="1" minCyclomaticComplexity="1" />
              <MetadataToken>100663346</MetadataToken>
              <Name>System.String BusTrackerDomain.Entity.Station::get_Name()</Name>
              <SequencePoints />
              <BranchPoints />
              <MethodPoint vc="0" uspid="59" ordinal="0" offset="0" />
            </Method>
            <Method visited="true" cyclomaticComplexity="1" sequenceCoverage="0" branchCoverage="0" isConstructor="false" isStatic="false" isGetter="false" isSetter="true">
              <Summary numSequencePoints="0" visitedSequencePoints="0" numBranchPoints="0" visitedBranchPoints="0" sequenceCoverage="0" branchCoverage="0" maxCyclomaticComplexity="1" minCyclomaticComplexity="1" />
              <MetadataToken>100663347</MetadataToken>
              <Name>System.Void BusTrackerDomain.Entity.Station::set_Name(System.String)</Name>
              <SequencePoints />
              <BranchPoints />
              <MethodPoint vc="3" uspid="60" ordinal="0" offset="0" />
            </Method>
            <Method visited="true" cyclomaticComplexity="1" sequenceCoverage="0" branchCoverage="0" isConstructor="true" isStatic="false" isGetter="false" isSetter="false">
              <Summary numSequencePoints="0" visitedSequencePoints="0" numBranchPoints="0" visitedBranchPoints="0" sequenceCoverage="0" branchCoverage="0" maxCyclomaticComplexity="1" minCyclomaticComplexity="1" />
              <MetadataToken>100663348</MetadataToken>
              <Name>System.Void BusTrackerDomain.Entity.Station::.ctor()</Name>
              <SequencePoints />
              <BranchPoints />
              <MethodPoint vc="7" uspid="61" ordinal="0" offset="0" />
            </Method>
          </Methods>
        </Class>
        <Class>
          <Summary numSequencePoints="30" visitedSequencePoints="30" numBranchPoints="19" visitedBranchPoints="16" sequenceCoverage="100" branchCoverage="84.21" maxCyclomaticComplexity="8" minCyclomaticComplexity="1" />
          <FullName>BusTrackerDomain.ServiceInfoCalculator</FullName>
          <Methods>
            <Method visited="true" cyclomaticComplexity="1" sequenceCoverage="100" branchCoverage="100" isConstructor="true" isStatic="false" isGetter="false" isSetter="false">
              <Summary numSequencePoints="4" visitedSequencePoints="4" numBranchPoints="1" visitedBranchPoints="1" sequenceCoverage="100" branchCoverage="100" maxCyclomaticComplexity="1" minCyclomaticComplexity="1" />
              <MetadataToken>100663352</MetadataToken>
              <Name>System.Void BusTrackerDomain.ServiceInfoCalculator::.ctor(BusTrackerDomain.Interface.IServiceAgent)</Name>
              <FileRef uid="2" />
              <SequencePoints>
                <SequencePoint vc="2" uspid="62" ordinal="0" offset="0" sl="15" sc="9" el="15" ec="65" />
                <SequencePoint vc="2" uspid="63" ordinal="1" offset="7" sl="16" sc="9" el="16" ec="10" />
                <SequencePoint vc="2" uspid="64" ordinal="2" offset="8" sl="17" sc="13" el="17" ec="46" />
                <SequencePoint vc="2" uspid="65" ordinal="3" offset="15" sl="18" sc="9" el="18" ec="10" />
              </SequencePoints>
              <BranchPoints />
              <MethodPoint xsi:type="SequencePoint" vc="2" uspid="62" ordinal="0" offset="0" sl="15" sc="9" el="15" ec="65" />
            </Method>
            <Method visited="true" cyclomaticComplexity="8" sequenceCoverage="100" branchCoverage="80" isConstructor="false" isStatic="false" isGetter="false" isSetter="false">
              <Summary numSequencePoints="23" visitedSequencePoints="23" numBranchPoints="15" visitedBranchPoints="12" sequenceCoverage="100" branchCoverage="80" maxCyclomaticComplexity="8" minCyclomaticComplexity="8" />
              <MetadataToken>100663353</MetadataToken>
              <Name>BusTrackerDomain.Entity.ServiceInfo BusTrackerDomain.ServiceInfoCalculator::GetServiceInfo(System.Int32)</Name>
              <FileRef uid="2" />
              <SequencePoints>
                <SequencePoint vc="2" uspid="66" ordinal="0" offset="18" sl="21" sc="9" el="21" ec="10" />
                <SequencePoint vc="2" uspid="67" ordinal="1" offset="19" sl="22" sc="13" el="22" ec="70" />
                <SequencePoint vc="2" uspid="68" ordinal="2" offset="38" sl="24" sc="13" el="28" ec="19" />
                <SequencePoint vc="2" uspid="69" ordinal="3" offset="75" sl="30" sc="13" el="30" ec="20" />
                <SequencePoint vc="2" uspid="70" ordinal="4" offset="76" sl="30" sc="37" el="30" ec="51" />
                <SequencePoint vc="4" uspid="71" ordinal="5" offset="94" sl="30" sc="22" el="30" ec="33" />
                <SequencePoint vc="4" uspid="72" ordinal="6" offset="102" sl="31" sc="13" el="31" ec="14" />
                <SequencePoint vc="4" uspid="73" ordinal="7" offset="103" sl="32" sc="17" el="32" ec="80" />
                <SequencePoint vc="4" uspid="74" ordinal="8" offset="121" sl="34" sc="17" el="34" ec="41" />
                <SequencePoint vc="4" uspid="75" ordinal="9" offset="134" sl="35" sc="17" el="35" ec="18" />
                <SequencePoint vc="4" uspid="76" ordinal="10" offset="135" sl="38" sc="21" el="38" ec="64" />
                <SequencePoint vc="1" uspid="77" ordinal="11" offset="150" sl="39" sc="21" el="39" ec="22" />
                <SequencePoint vc="1" uspid="78" ordinal="12" offset="151" sl="40" sc="25" el="42" ec="59" />
                <SequencePoint vc="1" uspid="79" ordinal="13" offset="228" sl="43" sc="21" el="43" ec="22" />
                <SequencePoint vc="3" uspid="80" ordinal="14" offset="231" sl="45" sc="21" el="45" ec="22" />
                <SequencePoint vc="3" uspid="81" ordinal="15" offset="232" sl="46" sc="25" el="46" ec="61" />
                <SequencePoint vc="3" uspid="82" ordinal="16" offset="239" sl="47" sc="21" el="47" ec="22" />
                <SequencePoint vc="4" uspid="83" ordinal="17" offset="240" sl="49" sc="21" el="54" ec="28" />
                <SequencePoint vc="4" uspid="84" ordinal="18" offset="367" sl="55" sc="17" el="55" ec="18" />
                <SequencePoint vc="4" uspid="85" ordinal="19" offset="368" sl="56" sc="13" el="56" ec="14" />
                <SequencePoint vc="6" uspid="86" ordinal="20" offset="369" sl="30" sc="34" el="30" ec="36" />
                <SequencePoint vc="2" uspid="87" ordinal="21" offset="403" sl="58" sc="13" el="58" ec="32" />
                <SequencePoint vc="2" uspid="88" ordinal="22" offset="408" sl="59" sc="9" el="59" ec="10" />
              </SequencePoints>
              <BranchPoints>
                <BranchPoint vc="4" uspid="90" ordinal="0" offset="129" path="0" />
                <BranchPoint vc="0" uspid="91" ordinal="1" offset="129" path="1" />
                <BranchPoint vc="1" uspid="92" ordinal="2" offset="148" path="0" />
                <BranchPoint vc="3" uspid="93" ordinal="3" offset="148" path="1" />
                <BranchPoint vc="1" uspid="94" ordinal="4" offset="159" path="0" />
                <BranchPoint vc="0" uspid="95" ordinal="5" offset="159" path="1" />
                <BranchPoint vc="1" uspid="96" ordinal="6" offset="190" path="0" />
                <BranchPoint vc="0" uspid="97" ordinal="7" offset="190" path="1" />
                <BranchPoint vc="1" uspid="98" ordinal="8" offset="276" path="0" />
                <BranchPoint vc="3" uspid="99" ordinal="9" offset="276" path="1" />
                <BranchPoint vc="1" uspid="100" ordinal="10" offset="322" path="0" />
                <BranchPoint vc="3" uspid="101" ordinal="11" offset="322" path="1" />
                <BranchPoint vc="2" uspid="102" ordinal="12" offset="380" path="0" />
                <BranchPoint vc="4" uspid="103" ordinal="13" offset="380" path="1" />
              </BranchPoints>
              <MethodPoint vc="2" uspid="89" ordinal="0" offset="0" />
            </Method>
            <Method visited="true" cyclomaticComplexity="1" sequenceCoverage="100" branchCoverage="100" isConstructor="false" isStatic="true" isGetter="false" isSetter="false">
              <Summary numSequencePoints="1" visitedSequencePoints="1" numBranchPoints="1" visitedBranchPoints="1" sequenceCoverage="100" branchCoverage="100" maxCyclomaticComplexity="1" minCyclomaticComplexity="1" />
              <MetadataToken>100663354</MetadataToken>
              <Name>BusTrackerDomain.Entity.Departure BusTrackerDomain.ServiceInfoCalculator::&lt;GetServiceInfo&gt;b__3(BusTrackerDomain.Entity.StationServiceInfo)</Name>
              <FileRef uid="2" />
              <SequencePoints>
                <SequencePoint vc="2" uspid="104" ordinal="0" offset="0" sl="41" sc="62" el="41" ec="73" />
              </SequencePoints>
              <BranchPoints />
              <MethodPoint xsi:type="SequencePoint" vc="2" uspid="104" ordinal="0" offset="0" sl="41" sc="62" el="41" ec="73" />
            </Method>
            <Method visited="true" cyclomaticComplexity="1" sequenceCoverage="100" branchCoverage="100" isConstructor="false" isStatic="true" isGetter="false" isSetter="false">
              <Summary numSequencePoints="1" visitedSequencePoints="1" numBranchPoints="1" visitedBranchPoints="1" sequenceCoverage="100" branchCoverage="100" maxCyclomaticComplexity="1" minCyclomaticComplexity="1" />
              <MetadataToken>100663355</MetadataToken>
              <Name>System.Boolean BusTrackerDomain.ServiceInfoCalculator::&lt;GetServiceInfo&gt;b__4(BusTrackerDomain.Entity.Departure)</Name>
              <FileRef uid="2" />
              <SequencePoints>
                <SequencePoint vc="1" uspid="105" ordinal="0" offset="0" sl="52" sc="69" el="52" ec="85" />
              </SequencePoints>
              <BranchPoints />
              <MethodPoint xsi:type="SequencePoint" vc="1" uspid="105" ordinal="0" offset="0" sl="52" sc="69" el="52" ec="85" />
            </Method>
            <Method visited="true" cyclomaticComplexity="1" sequenceCoverage="100" branchCoverage="100" isConstructor="false" isStatic="true" isGetter="false" isSetter="false">
              <Summary numSequencePoints="1" visitedSequencePoints="1" numBranchPoints="1" visitedBranchPoints="1" sequenceCoverage="100" branchCoverage="100" maxCyclomaticComplexity="1" minCyclomaticComplexity="1" />
              <MetadataToken>100663356</MetadataToken>
              <Name>System.Boolean BusTrackerDomain.ServiceInfoCalculator::&lt;GetServiceInfo&gt;b__5(BusTrackerDomain.Entity.Departure)</Name>
              <FileRef uid="2" />
              <SequencePoints>
                <SequencePoint vc="2" uspid="106" ordinal="0" offset="0" sl="53" sc="73" el="53" ec="89" />
              </SequencePoints>
              <BranchPoints />
              <MethodPoint xsi:type="SequencePoint" vc="2" uspid="106" ordinal="0" offset="0" sl="53" sc="73" el="53" ec="89" />
            </Method>
          </Methods>
        </Class>
        <Class>
          <Summary numSequencePoints="1" visitedSequencePoints="1" numBranchPoints="3" visitedBranchPoints="2" sequenceCoverage="100" branchCoverage="66.67" maxCyclomaticComplexity="2" minCyclomaticComplexity="1" />
          <FullName>BusTrackerDomain.ServiceInfoCalculator/&lt;&gt;c__DisplayClassa</FullName>
          <Methods>
            <Method visited="true" cyclomaticComplexity="1" sequenceCoverage="0" branchCoverage="0" isConstructor="true" isStatic="false" isGetter="false" isSetter="false">
              <Summary numSequencePoints="0" visitedSequencePoints="0" numBranchPoints="0" visitedBranchPoints="0" sequenceCoverage="0" branchCoverage="0" maxCyclomaticComplexity="1" minCyclomaticComplexity="1" />
              <MetadataToken>100663357</MetadataToken>
              <Name>System.Void BusTrackerDomain.ServiceInfoCalculator/&lt;&gt;c__DisplayClassa::.ctor()</Name>
              <SequencePoints />
              <BranchPoints />
              <MethodPoint vc="2" uspid="107" ordinal="0" offset="0" />
            </Method>
            <Method visited="true" cyclomaticComplexity="2" sequenceCoverage="100" branchCoverage="66.67" isConstructor="false" isStatic="false" isGetter="false" isSetter="false">
              <Summary numSequencePoints="1" visitedSequencePoints="1" numBranchPoints="3" visitedBranchPoints="2" sequenceCoverage="100" branchCoverage="66.67" maxCyclomaticComplexity="2" minCyclomaticComplexity="2" />
              <MetadataToken>100663358</MetadataToken>
              <Name>System.Boolean BusTrackerDomain.ServiceInfoCalculator/&lt;&gt;c__DisplayClassa::&lt;GetServiceInfo&gt;b__2(BusTrackerDomain.Entity.StationServiceInfo)</Name>
              <FileRef uid="2" />
              <SequencePoints>
                <SequencePoint vc="2" uspid="108" ordinal="0" offset="0" sl="40" sc="80" el="40" ec="133" />
              </SequencePoints>
              <BranchPoints>
                <BranchPoint vc="2" uspid="109" ordinal="0" offset="6" path="0" />
                <BranchPoint vc="0" uspid="110" ordinal="1" offset="6" path="1" />
              </BranchPoints>
              <MethodPoint xsi:type="SequencePoint" vc="2" uspid="108" ordinal="0" offset="0" sl="40" sc="80" el="40" ec="133" />
            </Method>
          </Methods>
        </Class>
      </Classes>
    </Module>
    <Module skippedDueTo="Filter" hash="55-1B-1C-BA-F1-FD-3A-71-DF-58-92-18-9F-D7-3A-E4-01-E9-13-E4">
      <FullName>C:\Git\Bus Tracker\BusTrackerDomain\BusTrackerDomain.Test\bin\Debug\NSubstitute.dll</FullName>
      <ModuleName>NSubstitute</ModuleName>
      <Classes />
    </Module>
    <Module skippedDueTo="Filter" hash="1F-F0-9E-EE-C6-0E-AF-A7-D0-8B-FA-43-7E-80-38-CE-02-B8-9A-66">
      <FullName>C:\Windows\Microsoft.Net\assembly\GAC_MSIL\System.ServiceModel\v4.0_4.0.0.0__b77a5c561934e089\System.ServiceModel.dll</FullName>
      <ModuleName>System.ServiceModel</ModuleName>
      <Classes />
    </Module>
    <Module skippedDueTo="Filter" hash="58-95-C1-AF-C4-E5-C6-BB-F3-54-7A-B0-3C-B7-C6-29-C9-42-CA-D4">
      <FullName>C:\Windows\Microsoft.Net\assembly\GAC_MSIL\System.Core\v4.0_4.0.0.0__b77a5c561934e089\System.Core.dll</FullName>
      <ModuleName>System.Core</ModuleName>
      <Classes />
    </Module>
    <Module skippedDueTo="Filter" hash="">
      <FullName>RefEmit_InMemoryManifestModule</FullName>
      <ModuleName>DynamicProxyGenAssembly2</ModuleName>
      <Classes />
    </Module>
    <Module skippedDueTo="Filter" hash="3E-35-77-8B-B2-3A-B7-FC-28-7B-C0-9E-FF-0A-D3-B3-42-21-6A-12">
      <FullName>C:\Git\Bus Tracker\BusTrackerWeb\SkanetrafikenServiceAgent.Test\bin\Debug\SkanetrafikenServiceAgent.Test.dll</FullName>
      <ModuleName>SkanetrafikenServiceAgent.Test</ModuleName>
      <Classes />
    </Module>
    <Module hash="D2-40-87-2C-94-88-29-2A-08-F1-5D-5F-42-17-A8-55-34-91-34-E2">
      <Summary numSequencePoints="119" visitedSequencePoints="36" numBranchPoints="66" visitedBranchPoints="19" sequenceCoverage="30.25" branchCoverage="28.79" maxCyclomaticComplexity="8" minCyclomaticComplexity="1" />
      <FullName>C:\Git\Bus Tracker\BusTrackerWeb\SkanetrafikenServiceAgent.Test\bin\Debug\SkanetrafikenServiceAgent.dll</FullName>
      <ModuleName>SkanetrafikenServiceAgent</ModuleName>
      <Files>
        <File uid="7" fullPath="c:\Git\Bus Tracker\BusTrackerWeb\SkanetrafikenServiceAgent\Entity\GetLineResult.cs" />
        <File uid="8" fullPath="c:\Git\Bus Tracker\BusTrackerWeb\SkanetrafikenServiceAgent\ServiceAgent.cs" />
        <File uid="9" fullPath="c:\Git\Bus Tracker\BusTrackerWeb\SkanetrafikenServiceAgent\Entity\GetDepartureArrivalResult.cs" />
        <File uid="11" fullPath="c:\Git\Bus Tracker\BusTrackerWeb\SkanetrafikenServiceAgent\ServiceFinder.cs" />
        <File uid="14" fullPath="c:\Git\Bus Tracker\BusTrackerWeb\SkanetrafikenServiceAgent\WebCallProxy.cs" />
      </Files>
      <Classes>
        <Class>
          <Summary numSequencePoints="0" visitedSequencePoints="0" numBranchPoints="0" visitedBranchPoints="0" sequenceCoverage="0" branchCoverage="0" maxCyclomaticComplexity="0" minCyclomaticComplexity="0" />
          <FullName>&lt;Module&gt;</FullName>
          <Methods />
        </Class>
        <Class>
          <Summary numSequencePoints="0" visitedSequencePoints="0" numBranchPoints="0" visitedBranchPoints="0" sequenceCoverage="0" branchCoverage="0" maxCyclomaticComplexity="1" minCyclomaticComplexity="1" />
          <FullName>BusTrackerWeb.SkanetrafikenServiceAgent.Entity.GetJourneyResult</FullName>
          <Methods>
            <Method visited="false" cyclomaticComplexity="1" sequenceCoverage="0" branchCoverage="0" isConstructor="true" isStatic="false" isGetter="false" isSetter="false">
              <Summary numSequencePoints="0" visitedSequencePoints="0" numBranchPoints="0" visitedBranchPoints="0" sequenceCoverage="0" branchCoverage="0" maxCyclomaticComplexity="1" minCyclomaticComplexity="1" />
              <MetadataToken>100663297</MetadataToken>
              <Name>System.Void BusTrackerWeb.SkanetrafikenServiceAgent.Entity.GetJourneyResult::.ctor()</Name>
              <SequencePoints />
              <BranchPoints />
              <MethodPoint vc="0" uspid="111" ordinal="0" offset="0" />
            </Method>
          </Methods>
        </Class>
        <Class>
          <Summary numSequencePoints="0" visitedSequencePoints="0" numBranchPoints="0" visitedBranchPoints="0" sequenceCoverage="0" branchCoverage="0" maxCyclomaticComplexity="1" minCyclomaticComplexity="1" />
          <FullName>BusTrackerWeb.SkanetrafikenServiceAgent.Entity.GetJourneyResult/Journey</FullName>
          <Methods>
            <Method visited="false" cyclomaticComplexity="1" sequenceCoverage="0" branchCoverage="0" isConstructor="false" isStatic="false" isGetter="true" isSetter="false">
              <Summary numSequencePoints="0" visitedSequencePoints="0" numBranchPoints="0" visitedBranchPoints="0" sequenceCoverage="0" branchCoverage="0" maxCyclomaticComplexity="1" minCyclomaticComplexity="1" />
              <MetadataToken>100663298</MetadataToken>
              <Name>BusTrackerWeb.SkanetrafikenServiceAgent.Entity.GetJourneyResult/Journey/LineInfo BusTrackerWeb.SkanetrafikenServiceAgent.Entity.GetJourneyResult/Journey::get_Line()</Name>
              <SequencePoints />
              <BranchPoints />
              <MethodPoint vc="0" uspid="112" ordinal="0" offset="0" />
            </Method>
            <Method visited="false" cyclomaticComplexity="1" sequenceCoverage="0" branchCoverage="0" isConstructor="false" isStatic="false" isGetter="false" isSetter="true">
              <Summary numSequencePoints="0" visitedSequencePoints="0" numBranchPoints="0" visitedBranchPoints="0" sequenceCoverage="0" branchCoverage="0" maxCyclomaticComplexity="1" minCyclomaticComplexity="1" />
              <MetadataToken>100663299</MetadataToken>
              <Name>System.Void BusTrackerWeb.SkanetrafikenServiceAgent.Entity.GetJourneyResult/Journey::set_Line(BusTrackerWeb.SkanetrafikenServiceAgent.Entity.GetJourneyResult/Journey/LineInfo)</Name>
              <SequencePoints />
              <BranchPoints />
              <MethodPoint vc="0" uspid="113" ordinal="0" offset="0" />
            </Method>
            <Method visited="false" cyclomaticComplexity="1" sequenceCoverage="0" branchCoverage="0" isConstructor="true" isStatic="false" isGetter="false" isSetter="false">
              <Summary numSequencePoints="0" visitedSequencePoints="0" numBranchPoints="0" visitedBranchPoints="0" sequenceCoverage="0" branchCoverage="0" maxCyclomaticComplexity="1" minCyclomaticComplexity="1" />
              <MetadataToken>100663300</MetadataToken>
              <Name>System.Void BusTrackerWeb.SkanetrafikenServiceAgent.Entity.GetJourneyResult/Journey::.ctor()</Name>
              <SequencePoints />
              <BranchPoints />
              <MethodPoint vc="0" uspid="114" ordinal="0" offset="0" />
            </Method>
          </Methods>
        </Class>
        <Class>
          <Summary numSequencePoints="0" visitedSequencePoints="0" numBranchPoints="0" visitedBranchPoints="0" sequenceCoverage="0" branchCoverage="0" maxCyclomaticComplexity="1" minCyclomaticComplexity="1" />
          <FullName>BusTrackerWeb.SkanetrafikenServiceAgent.Entity.GetJourneyResult/Journey/RouteLink</FullName>
          <Methods>
            <Method visited="false" cyclomaticComplexity="1" sequenceCoverage="0" branchCoverage="0" isConstructor="true" isStatic="false" isGetter="false" isSetter="false">
              <Summary numSequencePoints="0" visitedSequencePoints="0" numBranchPoints="0" visitedBranchPoints="0" sequenceCoverage="0" branchCoverage="0" maxCyclomaticComplexity="1" minCyclomaticComplexity="1" />
              <MetadataToken>100663301</MetadataToken>
              <Name>System.Void BusTrackerWeb.SkanetrafikenServiceAgent.Entity.GetJourneyResult/Journey/RouteLink::.ctor()</Name>
              <SequencePoints />
              <BranchPoints />
              <MethodPoint vc="0" uspid="115" ordinal="0" offset="0" />
            </Method>
          </Methods>
        </Class>
        <Class>
          <Summary numSequencePoints="0" visitedSequencePoints="0" numBranchPoints="0" visitedBranchPoints="0" sequenceCoverage="0" branchCoverage="0" maxCyclomaticComplexity="1" minCyclomaticComplexity="1" />
          <FullName>BusTrackerWeb.SkanetrafikenServiceAgent.Entity.GetJourneyResult/Journey/LineInfo</FullName>
          <Methods>
            <Method visited="false" cyclomaticComplexity="1" sequenceCoverage="0" branchCoverage="0" isConstructor="false" isStatic="false" isGetter="true" isSetter="false">
              <Summary numSequencePoints="0" visitedSequencePoints="0" numBranchPoints="0" visitedBranchPoints="0" sequenceCoverage="0" branchCoverage="0" maxCyclomaticComplexity="1" minCyclomaticComplexity="1" />
              <MetadataToken>100663302</MetadataToken>
              <Name>System.String BusTrackerWeb.SkanetrafikenServiceAgent.Entity.GetJourneyResult/Journey/LineInfo::get_No()</Name>
              <SequencePoints />
              <BranchPoints />
              <MethodPoint vc="0" uspid="116" ordinal="0" offset="0" />
            </Method>
            <Method visited="false" cyclomaticComplexity="1" sequenceCoverage="0" branchCoverage="0" isConstructor="false" isStatic="false" isGetter="false" isSetter="true">
              <Summary numSequencePoints="0" visitedSequencePoints="0" numBranchPoints="0" visitedBranchPoints="0" sequenceCoverage="0" branchCoverage="0" maxCyclomaticComplexity="1" minCyclomaticComplexity="1" />
              <MetadataToken>100663303</MetadataToken>
              <Name>System.Void BusTrackerWeb.SkanetrafikenServiceAgent.Entity.GetJourneyResult/Journey/LineInfo::set_No(System.String)</Name>
              <SequencePoints />
              <BranchPoints />
              <MethodPoint vc="0" uspid="117" ordinal="0" offset="0" />
            </Method>
            <Method visited="false" cyclomaticComplexity="1" sequenceCoverage="0" branchCoverage="0" isConstructor="true" isStatic="false" isGetter="false" isSetter="false">
              <Summary numSequencePoints="0" visitedSequencePoints="0" numBranchPoints="0" visitedBranchPoints="0" sequenceCoverage="0" branchCoverage="0" maxCyclomaticComplexity="1" minCyclomaticComplexity="1" />
              <MetadataToken>100663304</MetadataToken>
              <Name>System.Void BusTrackerWeb.SkanetrafikenServiceAgent.Entity.GetJourneyResult/Journey/LineInfo::.ctor()</Name>
              <SequencePoints />
              <BranchPoints />
              <MethodPoint vc="0" uspid="118" ordinal="0" offset="0" />
            </Method>
          </Methods>
        </Class>
        <Class>
          <Summary numSequencePoints="31" visitedSequencePoints="0" numBranchPoints="22" visitedBranchPoints="0" sequenceCoverage="0" branchCoverage="0" maxCyclomaticComplexity="8" minCyclomaticComplexity="1" />
          <FullName>BusTrackerWeb.SkanetrafikenServiceAgent.GetLineResult</FullName>
          <Methods>
            <Method visited="false" cyclomaticComplexity="8" sequenceCoverage="0" branchCoverage="0" isConstructor="false" isStatic="false" isGetter="false" isSetter="false">
              <Summary numSequencePoints="28" visitedSequencePoints="0" numBranchPoints="15" visitedBranchPoints="0" sequenceCoverage="0" branchCoverage="0" maxCyclomaticComplexity="8" minCyclomaticComplexity="8" />
              <MetadataToken>100663305</MetadataToken>
              <Name>BusTrackerDomain.Entity.ServiceRouteInfo BusTrackerWeb.SkanetrafikenServiceAgent.GetLineResult::ToServiceRoute(System.String)</Name>
              <FileRef uid="7" />
              <SequencePoints>
                <SequencePoint vc="0" uspid="119" ordinal="0" offset="0" sl="15" sc="9" el="15" ec="10" />
                <SequencePoint vc="0" uspid="120" ordinal="1" offset="1" sl="16" sc="13" el="16" ec="110" />
                <SequencePoint vc="0" uspid="121" ordinal="2" offset="13" sl="20" sc="20" el="20" ec="51" />
                <SequencePoint vc="0" uspid="122" ordinal="3" offset="19" sl="21" sc="13" el="21" ec="14" />
                <SequencePoint vc="0" uspid="123" ordinal="4" offset="20" sl="22" sc="17" el="22" ec="59" />
                <SequencePoint vc="0" uspid="124" ordinal="5" offset="28" sl="23" sc="13" el="23" ec="14" />
                <SequencePoint vc="0" uspid="125" ordinal="6" offset="50" sl="25" sc="13" el="25" ec="51" />
                <SequencePoint vc="0" uspid="126" ordinal="7" offset="56" sl="26" sc="13" el="26" ec="31" />
                <SequencePoint vc="0" uspid="127" ordinal="8" offset="64" sl="28" sc="13" el="28" ec="113" />
                <SequencePoint vc="0" uspid="128" ordinal="9" offset="92" sl="30" sc="13" el="30" ec="100" />
                <SequencePoint vc="0" uspid="129" ordinal="10" offset="116" sl="32" sc="13" el="32" ec="20" />
                <SequencePoint vc="0" uspid="130" ordinal="11" offset="117" sl="32" sc="40" el="32" ec="147" />
                <SequencePoint vc="0" uspid="131" ordinal="12" offset="167" sl="32" sc="22" el="32" ec="36" />
                <SequencePoint vc="0" uspid="132" ordinal="13" offset="176" sl="33" sc="13" el="33" ec="14" />
                <SequencePoint vc="0" uspid="133" ordinal="14" offset="177" sl="34" sc="17" el="38" ec="89" />
                <SequencePoint vc="0" uspid="134" ordinal="15" offset="222" sl="40" sc="17" el="40" ec="45" />
                <SequencePoint vc="0" uspid="135" ordinal="16" offset="236" sl="41" sc="17" el="41" ec="18" />
                <SequencePoint vc="0" uspid="136" ordinal="17" offset="237" sl="42" sc="21" el="44" ec="68" />
                <SequencePoint vc="0" uspid="137" ordinal="18" offset="282" sl="45" sc="21" el="47" ec="62" />
                <SequencePoint vc="0" uspid="138" ordinal="19" offset="328" sl="48" sc="21" el="48" ec="63" />
                <SequencePoint vc="0" uspid="139" ordinal="20" offset="339" sl="49" sc="21" el="49" ec="72" />
                <SequencePoint vc="0" uspid="140" ordinal="21" offset="350" sl="50" sc="21" el="50" ec="61" />
                <SequencePoint vc="0" uspid="141" ordinal="22" offset="359" sl="52" sc="21" el="52" ec="101" />
                <SequencePoint vc="0" uspid="142" ordinal="23" offset="401" sl="53" sc="17" el="53" ec="18" />
                <SequencePoint vc="0" uspid="143" ordinal="24" offset="402" sl="54" sc="13" el="54" ec="14" />
                <SequencePoint vc="0" uspid="144" ordinal="25" offset="403" sl="32" sc="37" el="32" ec="39" />
                <SequencePoint vc="0" uspid="145" ordinal="26" offset="442" sl="56" sc="13" el="56" ec="33" />
                <SequencePoint vc="0" uspid="146" ordinal="27" offset="448" sl="57" sc="9" el="57" ec="10" />
              </SequencePoints>
              <BranchPoints>
                <BranchPoint vc="0" uspid="147" ordinal="0" offset="39" path="0" />
                <BranchPoint vc="0" uspid="148" ordinal="1" offset="39" path="1" />
                <BranchPoint vc="0" uspid="149" ordinal="2" offset="124" path="0" />
                <BranchPoint vc="0" uspid="150" ordinal="3" offset="124" path="1" />
                <BranchPoint vc="0" uspid="151" ordinal="4" offset="189" path="0" />
                <BranchPoint vc="0" uspid="152" ordinal="5" offset="189" path="1" />
                <BranchPoint vc="0" uspid="153" ordinal="6" offset="231" path="0" />
                <BranchPoint vc="0" uspid="154" ordinal="7" offset="231" path="1" />
                <BranchPoint vc="0" uspid="155" ordinal="8" offset="249" path="0" />
                <BranchPoint vc="0" uspid="156" ordinal="9" offset="249" path="1" />
                <BranchPoint vc="0" uspid="157" ordinal="10" offset="414" path="0" />
                <BranchPoint vc="0" uspid="158" ordinal="11" offset="414" path="1" />
                <BranchPoint vc="0" uspid="159" ordinal="12" offset="430" path="0" />
                <BranchPoint vc="0" uspid="160" ordinal="13" offset="430" path="1" />
              </BranchPoints>
              <MethodPoint xsi:type="SequencePoint" vc="0" uspid="119" ordinal="0" offset="0" sl="15" sc="9" el="15" ec="10" />
            </Method>
            <Method visited="false" cyclomaticComplexity="1" sequenceCoverage="0" branchCoverage="0" isConstructor="true" isStatic="false" isGetter="false" isSetter="false">
              <Summary numSequencePoints="0" visitedSequencePoints="0" numBranchPoints="0" visitedBranchPoints="0" sequenceCoverage="0" branchCoverage="0" maxCyclomaticComplexity="1" minCyclomaticComplexity="1" />
              <MetadataToken>100663306</MetadataToken>
              <Name>System.Void BusTrackerWeb.SkanetrafikenServiceAgent.GetLineResult::.ctor()</Name>
              <SequencePoints />
              <BranchPoints />
              <MethodPoint vc="0" uspid="161" ordinal="0" offset="0" />
            </Method>
            <Method visited="false" cyclomaticComplexity="2" sequenceCoverage="0" branchCoverage="0" isConstructor="false" isStatic="true" isGetter="false" isSetter="false">
              <Summary numSequencePoints="1" visitedSequencePoints="0" numBranchPoints="3" visitedBranchPoints="0" sequenceCoverage="0" branchCoverage="0" maxCyclomaticComplexity="2" minCyclomaticComplexity="2" />
              <MetadataToken>100663307</MetadataToken>
              <Name>System.Boolean BusTrackerWeb.SkanetrafikenServiceAgent.GetLineResult::&lt;ToServiceRoute&gt;b__2(HtmlAgilityPack.HtmlNode)</Name>
              <FileRef uid="7" />
              <SequencePoints>
                <SequencePoint vc="0" uspid="162" ordinal="0" offset="0" sl="32" sc="62" el="32" ec="146" />
              </SequencePoints>
              <BranchPoints>
                <BranchPoint vc="0" uspid="163" ordinal="0" offset="16" path="0" />
                <BranchPoint vc="0" uspid="164" ordinal="1" offset="16" path="1" />
              </BranchPoints>
              <MethodPoint xsi:type="SequencePoint" vc="0" uspid="162" ordinal="0" offset="0" sl="32" sc="62" el="32" ec="146" />
            </Method>
            <Method visited="false" cyclomaticComplexity="2" sequenceCoverage="0" branchCoverage="0" isConstructor="false" isStatic="true" isGetter="false" isSetter="false">
              <Summary numSequencePoints="1" visitedSequencePoints="0" numBranchPoints="3" visitedBranchPoints="0" sequenceCoverage="0" branchCoverage="0" maxCyclomaticComplexity="2" minCyclomaticComplexity="2" />
              <MetadataToken>100663308</MetadataToken>
              <Name>System.Boolean BusTrackerWeb.SkanetrafikenServiceAgent.GetLineResult::&lt;ToServiceRoute&gt;b__3(HtmlAgilityPack.HtmlNode)</Name>
              <FileRef uid="7" />
              <SequencePoints>
                <SequencePoint vc="0" uspid="165" ordinal="0" offset="0" sl="37" sc="38" el="38" ec="87" />
              </SequencePoints>
              <BranchPoints>
                <BranchPoint vc="0" uspid="166" ordinal="0" offset="16" path="0" />
                <BranchPoint vc="0" uspid="167" ordinal="1" offset="16" path="1" />
              </BranchPoints>
              <MethodPoint xsi:type="SequencePoint" vc="0" uspid="165" ordinal="0" offset="0" sl="37" sc="38" el="38" ec="87" />
            </Method>
            <Method visited="false" cyclomaticComplexity="1" sequenceCoverage="0" branchCoverage="0" isConstructor="false" isStatic="true" isGetter="false" isSetter="false">
              <Summary numSequencePoints="1" visitedSequencePoints="0" numBranchPoints="1" visitedBranchPoints="0" sequenceCoverage="0" branchCoverage="0" maxCyclomaticComplexity="1" minCyclomaticComplexity="1" />
              <MetadataToken>100663309</MetadataToken>
              <Name>System.Boolean BusTrackerWeb.SkanetrafikenServiceAgent.GetLineResult::&lt;ToServiceRoute&gt;b__4(HtmlAgilityPack.HtmlNode)</Name>
              <FileRef uid="7" />
              <SequencePoints>
                <SequencePoint vc="0" uspid="168" ordinal="0" offset="0" sl="44" sc="53" el="44" ec="66" />
              </SequencePoints>
              <BranchPoints />
[...]
              <MetadataToken>100663341</MetadataToken>
              <Name>System.Void BusTrackerWeb.SkanetrafikenServiceAgent.Entity.GetDepartureArrivalResult/RealTime::.ctor()</Name>
              <SequencePoints />
              <BranchPoints />
              <MethodPoint vc="2" uspid="280" ordinal="0" offset="0" />
            </Method>
          </Methods>
        </Class>
        <Class>
          <Summary numSequencePoints="0" visitedSequencePoints="0" numBranchPoints="0" visitedBranchPoints="0" sequenceCoverage="0" branchCoverage="0" maxCyclomaticComplexity="1" minCyclomaticComplexity="1" />
          <FullName>BusTrackerWeb.SkanetrafikenServiceAgent.Entity.GetDepartureArrivalResult/RealTimeInfo</FullName>
          <Methods>
            <Method visited="true" cyclomaticComplexity="1" sequenceCoverage="0" branchCoverage="0" isConstructor="false" isStatic="false" isGetter="true" isSetter="false">
              <Summary numSequencePoints="0" visitedSequencePoints="0" numBranchPoints="0" visitedBranchPoints="0" sequenceCoverage="0" branchCoverage="0" maxCyclomaticComplexity="1" minCyclomaticComplexity="1" />
              <MetadataToken>100663342</MetadataToken>
              <Name>System.Int32 BusTrackerWeb.SkanetrafikenServiceAgent.Entity.GetDepartureArrivalResult/RealTimeInfo::get_DepTimeDeviation()</Name>
              <SequencePoints />
              <BranchPoints />
              <MethodPoint vc="2" uspid="281" ordinal="0" offset="0" />
            </Method>
            <Method visited="true" cyclomaticComplexity="1" sequenceCoverage="0" branchCoverage="0" isConstructor="false" isStatic="false" isGetter="false" isSetter="true">
              <Summary numSequencePoints="0" visitedSequencePoints="0" numBranchPoints="0" visitedBranchPoints="0" sequenceCoverage="0" branchCoverage="0" maxCyclomaticComplexity="1" minCyclomaticComplexity="1" />
              <MetadataToken>100663343</MetadataToken>
              <Name>System.Void BusTrackerWeb.SkanetrafikenServiceAgent.Entity.GetDepartureArrivalResult/RealTimeInfo::set_DepTimeDeviation(System.Int32)</Name>
              <SequencePoints />
              <BranchPoints />
              <MethodPoint vc="2" uspid="282" ordinal="0" offset="0" />
            </Method>
            <Method visited="true" cyclomaticComplexity="1" sequenceCoverage="0" branchCoverage="0" isConstructor="false" isStatic="false" isGetter="true" isSetter="false">
              <Summary numSequencePoints="0" visitedSequencePoints="0" numBranchPoints="0" visitedBranchPoints="0" sequenceCoverage="0" branchCoverage="0" maxCyclomaticComplexity="1" minCyclomaticComplexity="1" />
              <MetadataToken>100663344</MetadataToken>
              <Name>System.String BusTrackerWeb.SkanetrafikenServiceAgent.Entity.GetDepartureArrivalResult/RealTimeInfo::get_DepDeviationAffect()</Name>
              <SequencePoints />
              <BranchPoints />
              <MethodPoint vc="2" uspid="283" ordinal="0" offset="0" />
            </Method>
            <Method visited="false" cyclomaticComplexity="1" sequenceCoverage="0" branchCoverage="0" isConstructor="false" isStatic="false" isGetter="false" isSetter="true">
              <Summary numSequencePoints="0" visitedSequencePoints="0" numBranchPoints="0" visitedBranchPoints="0" sequenceCoverage="0" branchCoverage="0" maxCyclomaticComplexity="1" minCyclomaticComplexity="1" />
              <MetadataToken>100663345</MetadataToken>
              <Name>System.Void BusTrackerWeb.SkanetrafikenServiceAgent.Entity.GetDepartureArrivalResult/RealTimeInfo::set_DepDeviationAffect(System.String)</Name>
              <SequencePoints />
              <BranchPoints />
              <MethodPoint vc="0" uspid="284" ordinal="0" offset="0" />
            </Method>
            <Method visited="true" cyclomaticComplexity="1" sequenceCoverage="0" branchCoverage="0" isConstructor="true" isStatic="false" isGetter="false" isSetter="false">
              <Summary numSequencePoints="0" visitedSequencePoints="0" numBranchPoints="0" visitedBranchPoints="0" sequenceCoverage="0" branchCoverage="0" maxCyclomaticComplexity="1" minCyclomaticComplexity="1" />
              <MetadataToken>100663346</MetadataToken>
              <Name>System.Void BusTrackerWeb.SkanetrafikenServiceAgent.Entity.GetDepartureArrivalResult/RealTimeInfo::.ctor()</Name>
              <SequencePoints />
              <BranchPoints />
              <MethodPoint vc="2" uspid="285" ordinal="0" offset="0" />
            </Method>
          </Methods>
        </Class>
        <Class>
          <Summary numSequencePoints="0" visitedSequencePoints="0" numBranchPoints="0" visitedBranchPoints="0" sequenceCoverage="0" branchCoverage="0" maxCyclomaticComplexity="1" minCyclomaticComplexity="1" />
          <FullName>BusTrackerWeb.SkanetrafikenServiceAgent.Entity.GetDepartureArrivalResult/StopAreaDataObject</FullName>
          <Methods>
            <Method visited="true" cyclomaticComplexity="1" sequenceCoverage="0" branchCoverage="0" isConstructor="false" isStatic="false" isGetter="true" isSetter="false">
              <Summary numSequencePoints="0" visitedSequencePoints="0" numBranchPoints="0" visitedBranchPoints="0" sequenceCoverage="0" branchCoverage="0" maxCyclomaticComplexity="1" minCyclomaticComplexity="1" />
              <MetadataToken>100663347</MetadataToken>
              <Name>System.String BusTrackerWeb.SkanetrafikenServiceAgent.Entity.GetDepartureArrivalResult/StopAreaDataObject::get_Name()</Name>
              <SequencePoints />
              <BranchPoints />
              <MethodPoint vc="6" uspid="286" ordinal="0" offset="0" />
            </Method>
            <Method visited="true" cyclomaticComplexity="1" sequenceCoverage="0" branchCoverage="0" isConstructor="false" isStatic="false" isGetter="false" isSetter="true">
              <Summary numSequencePoints="0" visitedSequencePoints="0" numBranchPoints="0" visitedBranchPoints="0" sequenceCoverage="0" branchCoverage="0" maxCyclomaticComplexity="1" minCyclomaticComplexity="1" />
              <MetadataToken>100663348</MetadataToken>
              <Name>System.Void BusTrackerWeb.SkanetrafikenServiceAgent.Entity.GetDepartureArrivalResult/StopAreaDataObject::set_Name(System.String)</Name>
              <SequencePoints />
              <BranchPoints />
              <MethodPoint vc="6" uspid="287" ordinal="0" offset="0" />
            </Method>
            <Method visited="true" cyclomaticComplexity="1" sequenceCoverage="0" branchCoverage="0" isConstructor="true" isStatic="false" isGetter="false" isSetter="false">
              <Summary numSequencePoints="0" visitedSequencePoints="0" numBranchPoints="0" visitedBranchPoints="0" sequenceCoverage="0" branchCoverage="0" maxCyclomaticComplexity="1" minCyclomaticComplexity="1" />
              <MetadataToken>100663349</MetadataToken>
              <Name>System.Void BusTrackerWeb.SkanetrafikenServiceAgent.Entity.GetDepartureArrivalResult/StopAreaDataObject::.ctor()</Name>
              <SequencePoints />
              <BranchPoints />
              <MethodPoint vc="6" uspid="288" ordinal="0" offset="0" />
            </Method>
          </Methods>
        </Class>
        <Class>
          <Summary numSequencePoints="14" visitedSequencePoints="0" numBranchPoints="4" visitedBranchPoints="0" sequenceCoverage="0" branchCoverage="0" maxCyclomaticComplexity="1" minCyclomaticComplexity="1" />
          <FullName>BusTrackerWeb.SkanetrafikenServiceAgent.ServiceFinder</FullName>
          <Methods>
            <Method visited="false" cyclomaticComplexity="1" sequenceCoverage="0" branchCoverage="0" isConstructor="true" isStatic="false" isGetter="false" isSetter="false">
              <Summary numSequencePoints="5" visitedSequencePoints="0" numBranchPoints="1" visitedBranchPoints="0" sequenceCoverage="0" branchCoverage="0" maxCyclomaticComplexity="1" minCyclomaticComplexity="1" />
              <MetadataToken>100663351</MetadataToken>
              <Name>System.Void BusTrackerWeb.SkanetrafikenServiceAgent.ServiceFinder::.ctor()</Name>
              <FileRef uid="11" />
              <SequencePoints>
                <SequencePoint vc="0" uspid="289" ordinal="0" offset="0" sl="12" sc="9" el="12" ec="102" />
                <SequencePoint vc="0" uspid="290" ordinal="1" offset="11" sl="14" sc="9" el="14" ec="31" />
                <SequencePoint vc="0" uspid="291" ordinal="2" offset="18" sl="15" sc="9" el="15" ec="10" />
                <SequencePoint vc="0" uspid="292" ordinal="3" offset="19" sl="16" sc="13" el="16" ec="124" />
                <SequencePoint vc="0" uspid="293" ordinal="4" offset="67" sl="17" sc="9" el="17" ec="10" />
              </SequencePoints>
              <BranchPoints />
              <MethodPoint xsi:type="SequencePoint" vc="0" uspid="289" ordinal="0" offset="0" sl="12" sc="9" el="12" ec="102" />
            </Method>
            <Method visited="false" cyclomaticComplexity="1" sequenceCoverage="0" branchCoverage="0" isConstructor="false" isStatic="false" isGetter="false" isSetter="false">
              <Summary numSequencePoints="3" visitedSequencePoints="0" numBranchPoints="1" visitedBranchPoints="0" sequenceCoverage="0" branchCoverage="0" maxCyclomaticComplexity="1" minCyclomaticComplexity="1" />
              <MetadataToken>100663352</MetadataToken>
              <Name>System.Collections.Generic.List`1&lt;BusTrackerDomain.Entity.Service&gt; BusTrackerWeb.SkanetrafikenServiceAgent.ServiceFinder::GetServices()</Name>
              <FileRef uid="11" />
              <SequencePoints>
                <SequencePoint vc="0" uspid="294" ordinal="0" offset="0" sl="20" sc="9" el="20" ec="10" />
                <SequencePoint vc="0" uspid="295" ordinal="1" offset="1" sl="21" sc="13" el="21" ec="46" />
                <SequencePoint vc="0" uspid="296" ordinal="2" offset="20" sl="22" sc="9" el="22" ec="10" />
              </SequencePoints>
              <BranchPoints />
              <MethodPoint xsi:type="SequencePoint" vc="0" uspid="294" ordinal="0" offset="0" sl="20" sc="9" el="20" ec="10" />
            </Method>
            <Method visited="false" cyclomaticComplexity="1" sequenceCoverage="0" branchCoverage="0" isConstructor="false" isStatic="false" isGetter="false" isSetter="false">
              <Summary numSequencePoints="3" visitedSequencePoints="0" numBranchPoints="1" visitedBranchPoints="0" sequenceCoverage="0" branchCoverage="0" maxCyclomaticComplexity="1" minCyclomaticComplexity="1" />
              <MetadataToken>100663353</MetadataToken>
              <Name>System.String BusTrackerWeb.SkanetrafikenServiceAgent.ServiceFinder::GetRouteKey(System.Int32)</Name>
              <FileRef uid="11" />
              <SequencePoints>
                <SequencePoint vc="0" uspid="297" ordinal="0" offset="13" sl="25" sc="9" el="25" ec="10" />
                <SequencePoint vc="0" uspid="298" ordinal="1" offset="14" sl="26" sc="13" el="26" ec="79" />
                <SequencePoint vc="0" uspid="299" ordinal="2" offset="48" sl="27" sc="9" el="27" ec="10" />
              </SequencePoints>
              <BranchPoints />
              <MethodPoint vc="0" uspid="300" ordinal="0" offset="0" />
            </Method>
            <Method visited="false" cyclomaticComplexity="1" sequenceCoverage="0" branchCoverage="0" isConstructor="false" isStatic="false" isGetter="false" isSetter="false">
              <Summary numSequencePoints="3" visitedSequencePoints="0" numBranchPoints="1" visitedBranchPoints="0" sequenceCoverage="0" branchCoverage="0" maxCyclomaticComplexity="1" minCyclomaticComplexity="1" />
              <MetadataToken>100663354</MetadataToken>
              <Name>BusTrackerDomain.Entity.Service BusTrackerWeb.SkanetrafikenServiceAgent.ServiceFinder::GetRouteService(System.Int32)</Name>
              <FileRef uid="11" />
              <SequencePoints>
                <SequencePoint vc="0" uspid="301" ordinal="0" offset="13" sl="30" sc="9" el="30" ec="10" />
                <SequencePoint vc="0" uspid="302" ordinal="1" offset="14" sl="31" sc="13" el="31" ec="77" />
                <SequencePoint vc="0" uspid="303" ordinal="2" offset="48" sl="32" sc="9" el="32" ec="10" />
              </SequencePoints>
              <BranchPoints />
              <MethodPoint vc="0" uspid="304" ordinal="0" offset="0" />
            </Method>
          </Methods>
        </Class>
        <Class>
          <Summary numSequencePoints="1" visitedSequencePoints="0" numBranchPoints="1" visitedBranchPoints="0" sequenceCoverage="0" branchCoverage="0" maxCyclomaticComplexity="1" minCyclomaticComplexity="1" />
          <FullName>BusTrackerWeb.SkanetrafikenServiceAgent.ServiceFinder/&lt;&gt;c__DisplayClass2</FullName>
          <Methods>
            <Method visited="false" cyclomaticComplexity="1" sequenceCoverage="0" branchCoverage="0" isConstructor="true" isStatic="false" isGetter="false" isSetter="false">
              <Summary numSequencePoints="0" visitedSequencePoints="0" numBranchPoints="0" visitedBranchPoints="0" sequenceCoverage="0" branchCoverage="0" maxCyclomaticComplexity="1" minCyclomaticComplexity="1" />
              <MetadataToken>100663357</MetadataToken>
              <Name>System.Void BusTrackerWeb.SkanetrafikenServiceAgent.ServiceFinder/&lt;&gt;c__DisplayClass2::.ctor()</Name>
              <SequencePoints />
              <BranchPoints />
              <MethodPoint vc="0" uspid="305" ordinal="0" offset="0" />
            </Method>
            <Method visited="false" cyclomaticComplexity="1" sequenceCoverage="0" branchCoverage="0" isConstructor="false" isStatic="false" isGetter="false" isSetter="false">
              <Summary numSequencePoints="1" visitedSequencePoints="0" numBranchPoints="1" visitedBranchPoints="0" sequenceCoverage="0" branchCoverage="0" maxCyclomaticComplexity="1" minCyclomaticComplexity="1" />
              <MetadataToken>100663358</MetadataToken>
              <Name>System.Boolean BusTrackerWeb.SkanetrafikenServiceAgent.ServiceFinder/&lt;&gt;c__DisplayClass2::&lt;GetRouteKey&gt;b__1(System.Collections.Generic.KeyValuePair`2&lt;BusTrackerDomain.Entity.Service,System.String&gt;)</Name>
              <FileRef uid="11" />
              <SequencePoints>
                <SequencePoint vc="0" uspid="306" ordinal="0" offset="0" sl="26" sc="43" el="26" ec="71" />
              </SequencePoints>
              <BranchPoints />
              <MethodPoint xsi:type="SequencePoint" vc="0" uspid="306" ordinal="0" offset="0" sl="26" sc="43" el="26" ec="71" />
            </Method>
          </Methods>
        </Class>
        <Class>
          <Summary numSequencePoints="1" visitedSequencePoints="0" numBranchPoints="1" visitedBranchPoints="0" sequenceCoverage="0" branchCoverage="0" maxCyclomaticComplexity="1" minCyclomaticComplexity="1" />
          <FullName>BusTrackerWeb.SkanetrafikenServiceAgent.ServiceFinder/&lt;&gt;c__DisplayClass5</FullName>
          <Methods>
            <Method visited="false" cyclomaticComplexity="1" sequenceCoverage="0" branchCoverage="0" isConstructor="true" isStatic="false" isGetter="false" isSetter="false">
              <Summary numSequencePoints="0" visitedSequencePoints="0" numBranchPoints="0" visitedBranchPoints="0" sequenceCoverage="0" branchCoverage="0" maxCyclomaticComplexity="1" minCyclomaticComplexity="1" />
              <MetadataToken>100663359</MetadataToken>
              <Name>System.Void BusTrackerWeb.SkanetrafikenServiceAgent.ServiceFinder/&lt;&gt;c__DisplayClass5::.ctor()</Name>
              <SequencePoints />
              <BranchPoints />
              <MethodPoint vc="0" uspid="307" ordinal="0" offset="0" />
            </Method>
            <Method visited="false" cyclomaticComplexity="1" sequenceCoverage="0" branchCoverage="0" isConstructor="false" isStatic="false" isGetter="false" isSetter="false">
              <Summary numSequencePoints="1" visitedSequencePoints="0" numBranchPoints="1" visitedBranchPoints="0" sequenceCoverage="0" branchCoverage="0" maxCyclomaticComplexity="1" minCyclomaticComplexity="1" />
              <MetadataToken>100663360</MetadataToken>
              <Name>System.Boolean BusTrackerWeb.SkanetrafikenServiceAgent.ServiceFinder/&lt;&gt;c__DisplayClass5::&lt;GetRouteService&gt;b__4(System.Collections.Generic.KeyValuePair`2&lt;BusTrackerDomain.Entity.Service,System.String&gt;)</Name>
              <FileRef uid="11" />
              <SequencePoints>
                <SequencePoint vc="0" uspid="308" ordinal="0" offset="0" sl="31" sc="43" el="31" ec="71" />
              </SequencePoints>
              <BranchPoints />
              <MethodPoint xsi:type="SequencePoint" vc="0" uspid="308" ordinal="0" offset="0" sl="31" sc="43" el="31" ec="71" />
            </Method>
          </Methods>
        </Class>
        <Class>
          <Summary numSequencePoints="5" visitedSequencePoints="0" numBranchPoints="3" visitedBranchPoints="0" sequenceCoverage="0" branchCoverage="0" maxCyclomaticComplexity="2" minCyclomaticComplexity="1" />
          <FullName>BusTrackerWeb.SkanetrafikenServiceAgent.WebCallProxy</FullName>
          <Methods>
            <Method visited="false" cyclomaticComplexity="2" sequenceCoverage="0" branchCoverage="0" isConstructor="false" isStatic="false" isGetter="false" isSetter="false">
              <Summary numSequencePoints="5" visitedSequencePoints="0" numBranchPoints="3" visitedBranchPoints="0" sequenceCoverage="0" branchCoverage="0" maxCyclomaticComplexity="2" minCyclomaticComplexity="2" />
              <MetadataToken>100663355</MetadataToken>
              <Name>System.String BusTrackerWeb.SkanetrafikenServiceAgent.WebCallProxy::Call(System.String)</Name>
              <FileRef uid="14" />
              <SequencePoints>
                <SequencePoint vc="0" uspid="309" ordinal="0" offset="0" sl="9" sc="9" el="9" ec="10" />
                <SequencePoint vc="0" uspid="310" ordinal="1" offset="1" sl="10" sc="20" el="10" ec="51" />
                <SequencePoint vc="0" uspid="311" ordinal="2" offset="7" sl="11" sc="13" el="11" ec="14" />
                <SequencePoint vc="0" uspid="312" ordinal="3" offset="8" sl="12" sc="17" el="12" ec="60" />
                <SequencePoint vc="0" uspid="313" ordinal="4" offset="35" sl="14" sc="9" el="14" ec="10" />
              </SequencePoints>
              <BranchPoints>
                <BranchPoint vc="0" uspid="314" ordinal="0" offset="24" path="0" />
                <BranchPoint vc="0" uspid="315" ordinal="1" offset="24" path="1" />
              </BranchPoints>
              <MethodPoint xsi:type="SequencePoint" vc="0" uspid="309" ordinal="0" offset="0" sl="9" sc="9" el="9" ec="10" />
            </Method>
            <Method visited="false" cyclomaticComplexity="1" sequenceCoverage="0" branchCoverage="0" isConstructor="true" isStatic="false" isGetter="false" isSetter="false">
              <Summary numSequencePoints="0" visitedSequencePoints="0" numBranchPoints="0" visitedBranchPoints="0" sequenceCoverage="0" branchCoverage="0" maxCyclomaticComplexity="1" minCyclomaticComplexity="1" />
              <MetadataToken>100663356</MetadataToken>
              <Name>System.Void BusTrackerWeb.SkanetrafikenServiceAgent.WebCallProxy::.ctor()</Name>
              <SequencePoints />
              <BranchPoints />
              <MethodPoint vc="0" uspid="316" ordinal="0" offset="0" />
            </Method>
          </Methods>
        </Class>
      </Classes>
    </Module>
    <Module skippedDueTo="Filter" hash="7B-30-A4-BA-34-91-EB-E6-AF-A7-E4-50-3F-B6-8B-C1-35-F6-F1-66">
      <FullName>C:\Windows\Microsoft.Net\assembly\GAC_MSIL\System.Xml.Linq\v4.0_4.0.0.0__b77a5c561934e089\System.Xml.Linq.dll</FullName>
      <ModuleName>System.Xml.Linq</ModuleName>
      <Classes />
    </Module>
  </Modules>
</CoverageSession>