<?xml version="1.0" encoding="utf-8"?>
<CoverageSession xmlns:xsd="http://www.w3.org/2001/XMLSchema" xmlns:xsi="http://www.w3.org/2001/XMLSchema-instance">
  <Summary numSequencePoints="131" visitedSequencePoints="42" numBranchPoints="68" visitedBranchPoints="19" sequenceCoverage="32.06" branchCoverage="27.94" maxCyclomaticComplexity="8" minCyclomaticComplexity="1" />
  <Modules>
    <Module skippedDueTo="Filter" hash="A5-06-7E-BB-97-9F-FF-58-FD-1F-67-CC-F1-D7-3F-86-8D-A2-2B-86">
      <FullName>C:\Windows\Microsoft.Net\assembly\GAC_64\mscorlib\v4.0_4.0.0.0__b77a5c561934e089\mscorlib.dll</FullName>
      <ModuleName>mscorlib</ModuleName>
      <Classes />
    </Module>
    <Module skippedDueTo="Filter" hash="08-BF-92-14-93-00-2A-42-CE-32-37-59-01-59-E7-49-28-41-00-61">
      <FullName>C:\Program Files\Gallio\bin\Gallio.Echo.exe</FullName>
      <ModuleName>Gallio.Echo</ModuleName>
      <Classes />
    </Module>
    <Module skippedDueTo="Filter" hash="5B-F0-65-D3-3F-C4-30-AC-0A-55-5B-36-F5-D4-10-C5-B2-DE-3A-36">
      <FullName>C:\Program Files\Gallio\bin\Gallio.dll</FullName>
      <ModuleName>Gallio</ModuleName>
      <Classes />
    </Module>
    <Module skippedDueTo="Filter" hash="02-48-D8-40-BF-27-52-82-F9-C6-04-52-74-0C-85-95-AE-D5-36-B5">
      <FullName>C:\Windows\Microsoft.Net\assembly\GAC_MSIL\System.Xml\v4.0_4.0.0.0__b77a5c561934e089\System.Xml.dll</FullName>
      <ModuleName>System.Xml</ModuleName>
      <Classes />
    </Module>
    <Module skippedDueTo="Filter" hash="95-BF-1E-D5-01-4B-4C-3A-DD-26-38-3F-91-6B-51-18-D3-62-48-CB">
      <FullName>C:\Windows\Microsoft.Net\assembly\GAC_MSIL\System\v4.0_4.0.0.0__b77a5c561934e089\System.dll</FullName>
      <ModuleName>System</ModuleName>
      <Classes />
    </Module>
    <Module skippedDueTo="Filter" hash="68-2C-E9-3C-97-12-3E-41-03-67-62-B8-56-00-43-0F-FC-D5-55-41">
      <FullName>C:\Windows\Microsoft.Net\assembly\GAC_MSIL\System.Configuration\v4.0_4.0.0.0__b03f5f7f11d50a3a\System.Configuration.dll</FullName>
      <ModuleName>System.Configuration</ModuleName>
      <Classes />
    </Module>
    <Module skippedDueTo="Filter" hash="EF-21-2C-4C-EC-3A-25-B6-C6-29-0E-24-F0-F9-81-50-B6-01-83-DD">
      <FullName>C:\Program Files\Gallio\bin\Gallio.XmlSerializers.dll</FullName>
      <ModuleName>Gallio.XmlSerializers</ModuleName>
      <Classes />
    </Module>
    <Module skippedDueTo="Filter" hash="BB-F6-85-98-D0-8A-03-9C-55-46-A9-F2-99-2D-EE-D4-B3-01-85-FD">
      <FullName>C:\Windows\Microsoft.Net\assembly\GAC_MSIL\System.Drawing\v4.0_4.0.0.0__b03f5f7f11d50a3a\System.Drawing.dll</FullName>
      <ModuleName>System.Drawing</ModuleName>
      <Classes />
    </Module>
    <Module skippedDueTo="Filter" hash="9C-33-53-FC-AC-72-7B-4C-17-35-66-4F-2B-A0-73-64-9A-EC-01-AF">
      <FullName>C:\Program Files\Gallio\bin\Gallio.Reports.dll</FullName>
      <ModuleName>Gallio.Reports</ModuleName>
      <Classes />
    </Module>
    <Module skippedDueTo="Filter" hash="EA-4C-40-75-F3-24-C7-F4-8B-F0-F8-96-F1-BD-11-14-33-B1-A7-08">
      <FullName>C:\Program Files\Gallio\bin\NUnit\Latest\Gallio.NUnitAdapterLatest.dll</FullName>
      <ModuleName>Gallio.NUnitAdapterLatest</ModuleName>
      <Classes />
    </Module>
    <Module skippedDueTo="Filter" hash="C6-A4-C6-84-EB-84-41-C4-A9-30-69-92-57-02-1A-EE-1A-09-C1-61">
      <FullName>C:\Program Files\Gallio\bin\NUnit\Latest\nunit.util.dll</FullName>
      <ModuleName>nunit.util</ModuleName>
      <Classes />
    </Module>
    <Module skippedDueTo="Filter" hash="72-C7-03-3D-46-8A-09-61-49-D7-41-77-D2-AB-3C-B0-58-18-E6-A9">
      <FullName>C:\Program Files\Gallio\bin\NUnit\Latest\nunit.core.interfaces.dll</FullName>
      <ModuleName>nunit.core.interfaces</ModuleName>
      <Classes />
    </Module>
    <Module skippedDueTo="Filter" hash="7A-99-4B-0E-30-AA-4A-64-F6-D0-5F-F1-41-D9-04-6D-56-99-A6-79">
      <FullName>C:\Program Files\Gallio\bin\NUnit\Latest\nunit.core.dll</FullName>
      <ModuleName>nunit.core</ModuleName>
      <Classes />
    </Module>
    <Module skippedDueTo="Filter" hash="84-64-E1-D2-0A-E2-91-23-AD-BD-B9-7A-3C-89-7B-66-65-58-46-1C">
      <FullName>C:\Windows\Microsoft.Net\assembly\GAC_MSIL\System.Runtime.Remoting\v4.0_4.0.0.0__b77a5c561934e089\System.Runtime.Remoting.dll</FullName>
      <ModuleName>System.Runtime.Remoting</ModuleName>
      <Classes />
    </Module>
    <Module skippedDueTo="Filter" hash="13-E0-9E-97-4B-A9-51-48-18-E9-7B-FE-49-A3-D5-94-EC-C1-83-EB">
      <FullName>C:\Git\Bus Tracker\BusTrackerDomain\BusTrackerDomain.Test\bin\Debug\BusTrackerDomain.Test.dll</FullName>
      <ModuleName>BusTrackerDomain.Test</ModuleName>
      <Classes />
    </Module>
    <Module skippedDueTo="Filter" hash="42-83-FE-A6-9F-01-8E-2C-E8-41-E9-25-3E-1E-0D-99-81-76-6B-C9">
      <FullName>C:\Git\Bus Tracker\BusTrackerDomain\BusTrackerDomain.Test\bin\Debug\nunit.framework.dll</FullName>
      <ModuleName>nunit.framework</ModuleName>
      <Classes />
    </Module>
    <Module skippedDueTo="Filter" hash="4B-D6-D7-AD-B7-7B-F0-7C-CD-28-8F-3F-5F-53-4E-64-64-A0-62-B4">
      <FullName>C:\Program Files\Gallio\bin\NUnit\Latest\nunit.framework.dll</FullName>
      <ModuleName>nunit.framework</ModuleName>
      <Classes />
    </Module>
    <Module skippedDueTo="Filter" hash="0A-BF-A9-7D-03-70-AC-D2-72-05-F5-9E-9A-75-4D-4C-39-07-B7-BF">
      <FullName>C:\Windows\Microsoft.Net\assembly\GAC_MSIL\System.Windows.Forms\v4.0_4.0.0.0__b77a5c561934e089\System.Windows.Forms.dll</FullName>
      <ModuleName>System.Windows.Forms</ModuleName>
      <Classes />
    </Module>
    <Module hash="80-F5-B0-80-D9-EA-5D-2D-76-E7-66-E4-E7-E0-6F-D3-77-72-3D-38">
      <Summary numSequencePoints="13" visitedSequencePoints="7" numBranchPoints="4" visitedBranchPoints="2" sequenceCoverage="53.85" branchCoverage="50" maxCyclomaticComplexity="1" minCyclomaticComplexity="1" />
      <FullName>C:\Git\Bus Tracker\BusTrackerDomain\BusTrackerDomain.Test\bin\Debug\BusTrackerDomain.dll</FullName>
      <ModuleName>BusTrackerDomain</ModuleName>
      <Files>
        <File uid="1" fullPath="c:\Git\Bus Tracker\BusTrackerDomain\BusTrackerDomain\BusTracker.cs" />
      </Files>
      <Classes>
        <Class>
          <Summary numSequencePoints="0" visitedSequencePoints="0" numBranchPoints="0" visitedBranchPoints="0" sequenceCoverage="0" branchCoverage="0" maxCyclomaticComplexity="0" minCyclomaticComplexity="0" />
          <FullName>&lt;Module&gt;</FullName>
          <Methods />
        </Class>
        <Class>
          <Summary numSequencePoints="13" visitedSequencePoints="7" numBranchPoints="4" visitedBranchPoints="2" sequenceCoverage="53.85" branchCoverage="50" maxCyclomaticComplexity="1" minCyclomaticComplexity="1" />
          <FullName>BusTrackerDomain.BusTracker</FullName>
          <Methods>
            <Method visited="true" cyclomaticComplexity="1" sequenceCoverage="100" branchCoverage="100" isConstructor="true" isStatic="false" isGetter="false" isSetter="false">
              <Summary numSequencePoints="4" visitedSequencePoints="4" numBranchPoints="1" visitedBranchPoints="1" sequenceCoverage="100" branchCoverage="100" maxCyclomaticComplexity="1" minCyclomaticComplexity="1" />
              <MetadataToken>100663297</MetadataToken>
              <Name>System.Void BusTrackerDomain.BusTracker::.ctor(BusTrackerDomain.Interface.IServiceAgent)</Name>
              <FileRef uid="1" />
              <SequencePoints>
                <SequencePoint vc="1" uspid="1" ordinal="0" offset="0" sl="15" sc="9" el="15" ec="54" />
                <SequencePoint vc="1" uspid="2" ordinal="1" offset="7" sl="16" sc="9" el="16" ec="10" />
                <SequencePoint vc="1" uspid="3" ordinal="2" offset="8" sl="17" sc="13" el="17" ec="46" />
                <SequencePoint vc="1" uspid="4" ordinal="3" offset="15" sl="18" sc="9" el="18" ec="10" />
              </SequencePoints>
              <BranchPoints />
              <MethodPoint xsi:type="SequencePoint" vc="1" uspid="1" ordinal="0" offset="0" sl="15" sc="9" el="15" ec="54" />
            </Method>
            <Method visited="true" cyclomaticComplexity="1" sequenceCoverage="100" branchCoverage="100" isConstructor="false" isStatic="false" isGetter="false" isSetter="false">
              <Summary numSequencePoints="3" visitedSequencePoints="3" numBranchPoints="1" visitedBranchPoints="1" sequenceCoverage="100" branchCoverage="100" maxCyclomaticComplexity="1" minCyclomaticComplexity="1" />
              <MetadataToken>100663298</MetadataToken>
              <Name>System.Collections.Generic.IEnumerable`1&lt;BusTrackerDomain.Entity.DepartureInfo&gt; BusTrackerDomain.BusTracker::GetStationInfo(System.Int32)</Name>
              <FileRef uid="1" />
              <SequencePoints>
                <SequencePoint vc="1" uspid="5" ordinal="0" offset="0" sl="21" sc="9" el="21" ec="10" />
                <SequencePoint vc="1" uspid="6" ordinal="1" offset="1" sl="22" sc="13" el="22" ec="59" />
                <SequencePoint vc="1" uspid="7" ordinal="2" offset="16" sl="23" sc="9" el="23" ec="10" />
              </SequencePoints>
              <BranchPoints />
              <MethodPoint xsi:type="SequencePoint" vc="1" uspid="5" ordinal="0" offset="0" sl="21" sc="9" el="21" ec="10" />
            </Method>
            <Method visited="false" cyclomaticComplexity="1" sequenceCoverage="0" branchCoverage="0" isConstructor="false" isStatic="false" isGetter="false" isSetter="false">
              <Summary numSequencePoints="3" visitedSequencePoints="0" numBranchPoints="1" visitedBranchPoints="0" sequenceCoverage="0" branchCoverage="0" maxCyclomaticComplexity="1" minCyclomaticComplexity="1" />
              <MetadataToken>100663299</MetadataToken>
              <Name>BusTrackerDomain.Entity.ServiceRoute BusTrackerDomain.BusTracker::GetServiceRoute(System.Int32)</Name>
              <FileRef uid="1" />
              <SequencePoints>
                <SequencePoint vc="0" uspid="8" ordinal="0" offset="0" sl="26" sc="9" el="26" ec="10" />
                <SequencePoint vc="0" uspid="9" ordinal="1" offset="1" sl="27" sc="13" el="27" ec="60" />
                <SequencePoint vc="0" uspid="10" ordinal="2" offset="16" sl="28" sc="9" el="28" ec="10" />
              </SequencePoints>
              <BranchPoints />
              <MethodPoint xsi:type="SequencePoint" vc="0" uspid="8" ordinal="0" offset="0" sl="26" sc="9" el="26" ec="10" />
            </Method>
            <Method visited="false" cyclomaticComplexity="1" sequenceCoverage="0" branchCoverage="0" isConstructor="false" isStatic="false" isGetter="false" isSetter="false">
              <Summary numSequencePoints="3" visitedSequencePoints="0" numBranchPoints="1" visitedBranchPoints="0" sequenceCoverage="0" branchCoverage="0" maxCyclomaticComplexity="1" minCyclomaticComplexity="1" />
              <MetadataToken>100663300</MetadataToken>
              <Name>System.Collections.Generic.IEnumerable`1&lt;BusTrackerDomain.Entity.Service&gt; BusTrackerDomain.BusTracker::GetServices()</Name>
              <FileRef uid="1" />
              <SequencePoints>
                <SequencePoint vc="0" uspid="11" ordinal="0" offset="0" sl="31" sc="9" el="31" ec="10" />
                <SequencePoint vc="0" uspid="12" ordinal="1" offset="1" sl="32" sc="13" el="32" ec="47" />
                <SequencePoint vc="0" uspid="13" ordinal="2" offset="15" sl="33" sc="9" el="33" ec="10" />
              </SequencePoints>
              <BranchPoints />
              <MethodPoint xsi:type="SequencePoint" vc="0" uspid="11" ordinal="0" offset="0" sl="31" sc="9" el="31" ec="10" />
            </Method>
          </Methods>
        </Class>
        <Class>
          <Summary numSequencePoints="0" visitedSequencePoints="0" numBranchPoints="0" visitedBranchPoints="0" sequenceCoverage="0" branchCoverage="0" maxCyclomaticComplexity="1" minCyclomaticComplexity="1" />
          <FullName>BusTrackerDomain.Entity.DepartureInfo</FullName>
          <Methods>
            <Method visited="true" cyclomaticComplexity="1" sequenceCoverage="0" branchCoverage="0" isConstructor="false" isStatic="false" isGetter="true" isSetter="false">
              <Summary numSequencePoints="0" visitedSequencePoints="0" numBranchPoints="0" visitedBranchPoints="0" sequenceCoverage="0" branchCoverage="0" maxCyclomaticComplexity="1" minCyclomaticComplexity="1" />
              <MetadataToken>100663301</MetadataToken>
              <Name>BusTrackerDomain.Entity.Service BusTrackerDomain.Entity.DepartureInfo::get_Service()</Name>
              <SequencePoints />
              <BranchPoints />
              <MethodPoint vc="1" uspid="14" ordinal="0" offset="0" />
            </Method>
            <Method visited="true" cyclomaticComplexity="1" sequenceCoverage="0" branchCoverage="0" isConstructor="false" isStatic="false" isGetter="false" isSetter="true">
              <Summary numSequencePoints="0" visitedSequencePoints="0" numBranchPoints="0" visitedBranchPoints="0" sequenceCoverage="0" branchCoverage="0" maxCyclomaticComplexity="1" minCyclomaticComplexity="1" />
              <MetadataToken>100663302</MetadataToken>
              <Name>System.Void BusTrackerDomain.Entity.DepartureInfo::set_Service(BusTrackerDomain.Entity.Service)</Name>
              <SequencePoints />
              <BranchPoints />
              <MethodPoint vc="3" uspid="15" ordinal="0" offset="0" />
            </Method>
            <Method visited="false" cyclomaticComplexity="1" sequenceCoverage="0" branchCoverage="0" isConstructor="false" isStatic="false" isGetter="true" isSetter="false">
              <Summary numSequencePoints="0" visitedSequencePoints="0" numBranchPoints="0" visitedBranchPoints="0" sequenceCoverage="0" branchCoverage="0" maxCyclomaticComplexity="1" minCyclomaticComplexity="1" />
              <MetadataToken>100663303</MetadataToken>
              <Name>BusTrackerDomain.Entity.Station BusTrackerDomain.Entity.DepartureInfo::get_Station()</Name>
              <SequencePoints />
              <BranchPoints />
              <MethodPoint vc="0" uspid="16" ordinal="0" offset="0" />
            </Method>
            <Method visited="true" cyclomaticComplexity="1" sequenceCoverage="0" branchCoverage="0" isConstructor="false" isStatic="false" isGetter="false" isSetter="true">
              <Summary numSequencePoints="0" visitedSequencePoints="0" numBranchPoints="0" visitedBranchPoints="0" sequenceCoverage="0" branchCoverage="0" maxCyclomaticComplexity="1" minCyclomaticComplexity="1" />
              <MetadataToken>100663304</MetadataToken>
              <Name>System.Void BusTrackerDomain.Entity.DepartureInfo::set_Station(BusTrackerDomain.Entity.Station)</Name>
              <SequencePoints />
              <BranchPoints />
              <MethodPoint vc="3" uspid="17" ordinal="0" offset="0" />
            </Method>
            <Method visited="false" cyclomaticComplexity="1" sequenceCoverage="0" branchCoverage="0" isConstructor="false" isStatic="false" isGetter="true" isSetter="false">
              <Summary numSequencePoints="0" visitedSequencePoints="0" numBranchPoints="0" visitedBranchPoints="0" sequenceCoverage="0" branchCoverage="0" maxCyclomaticComplexity="1" minCyclomaticComplexity="1" />
              <MetadataToken>100663305</MetadataToken>
              <Name>System.Int32 BusTrackerDomain.Entity.DepartureInfo::get_RouteId()</Name>
              <SequencePoints />
              <BranchPoints />
              <MethodPoint vc="0" uspid="18" ordinal="0" offset="0" />
            </Method>
            <Method visited="true" cyclomaticComplexity="1" sequenceCoverage="0" branchCoverage="0" isConstructor="false" isStatic="false" isGetter="false" isSetter="true">
              <Summary numSequencePoints="0" visitedSequencePoints="0" numBranchPoints="0" visitedBranchPoints="0" sequenceCoverage="0" branchCoverage="0" maxCyclomaticComplexity="1" minCyclomaticComplexity="1" />
              <MetadataToken>100663306</MetadataToken>
              <Name>System.Void BusTrackerDomain.Entity.DepartureInfo::set_RouteId(System.Int32)</Name>
              <SequencePoints />
              <BranchPoints />
              <MethodPoint vc="3" uspid="19" ordinal="0" offset="0" />
            </Method>
            <Method visited="false" cyclomaticComplexity="1" sequenceCoverage="0" branchCoverage="0" isConstructor="false" isStatic="false" isGetter="true" isSetter="false">
              <Summary numSequencePoints="0" visitedSequencePoints="0" numBranchPoints="0" visitedBranchPoints="0" sequenceCoverage="0" branchCoverage="0" maxCyclomaticComplexity="1" minCyclomaticComplexity="1" />
              <MetadataToken>100663307</MetadataToken>
              <Name>System.Int32 BusTrackerDomain.Entity.DepartureInfo::get_Direction()</Name>
              <SequencePoints />
              <BranchPoints />
              <MethodPoint vc="0" uspid="20" ordinal="0" offset="0" />
            </Method>
            <Method visited="true" cyclomaticComplexity="1" sequenceCoverage="0" branchCoverage="0" isConstructor="false" isStatic="false" isGetter="false" isSetter="true">
              <Summary numSequencePoints="0" visitedSequencePoints="0" numBranchPoints="0" visitedBranchPoints="0" sequenceCoverage="0" branchCoverage="0" maxCyclomaticComplexity="1" minCyclomaticComplexity="1" />
              <MetadataToken>100663308</MetadataToken>
              <Name>System.Void BusTrackerDomain.Entity.DepartureInfo::set_Direction(System.Int32)</Name>
              <SequencePoints />
              <BranchPoints />
              <MethodPoint vc="3" uspid="21" ordinal="0" offset="0" />
            </Method>
            <Method visited="true" cyclomaticComplexity="1" sequenceCoverage="0" branchCoverage="0" isConstructor="false" isStatic="false" isGetter="true" isSetter="false">
              <Summary numSequencePoints="0" visitedSequencePoints="0" numBranchPoints="0" visitedBranchPoints="0" sequenceCoverage="0" branchCoverage="0" maxCyclomaticComplexity="1" minCyclomaticComplexity="1" />
              <MetadataToken>100663309</MetadataToken>
              <Name>System.DateTime BusTrackerDomain.Entity.DepartureInfo::get_DepartureTime()</Name>
              <SequencePoints />
              <BranchPoints />
              <MethodPoint vc="1" uspid="22" ordinal="0" offset="0" />
            </Method>
            <Method visited="true" cyclomaticComplexity="1" sequenceCoverage="0" branchCoverage="0" isConstructor="false" isStatic="false" isGetter="false" isSetter="true">
              <Summary numSequencePoints="0" visitedSequencePoints="0" numBranchPoints="0" visitedBranchPoints="0" sequenceCoverage="0" branchCoverage="0" maxCyclomaticComplexity="1" minCyclomaticComplexity="1" />
              <MetadataToken>100663310</MetadataToken>
              <Name>System.Void BusTrackerDomain.Entity.DepartureInfo::set_DepartureTime(System.DateTime)</Name>
              <SequencePoints />
              <BranchPoints />
              <MethodPoint vc="3" uspid="23" ordinal="0" offset="0" />
            </Method>
            <Method visited="true" cyclomaticComplexity="1" sequenceCoverage="0" branchCoverage="0" isConstructor="false" isStatic="false" isGetter="true" isSetter="false">
              <Summary numSequencePoints="0" visitedSequencePoints="0" numBranchPoints="0" visitedBranchPoints="0" sequenceCoverage="0" branchCoverage="0" maxCyclomaticComplexity="1" minCyclomaticComplexity="1" />
              <MetadataToken>100663311</MetadataToken>
              <Name>System.TimeSpan BusTrackerDomain.Entity.DepartureInfo::get_Delay()</Name>
              <SequencePoints />
              <BranchPoints />
              <MethodPoint vc="1" uspid="24" ordinal="0" offset="0" />
            </Method>
            <Method visited="true" cyclomaticComplexity="1" sequenceCoverage="0" branchCoverage="0" isConstructor="false" isStatic="false" isGetter="false" isSetter="true">
              <Summary numSequencePoints="0" visitedSequencePoints="0" numBranchPoints="0" visitedBranchPoints="0" sequenceCoverage="0" branchCoverage="0" maxCyclomaticComplexity="1" minCyclomaticComplexity="1" />
              <MetadataToken>100663312</MetadataToken>
              <Name>System.Void BusTrackerDomain.Entity.DepartureInfo::set_Delay(System.TimeSpan)</Name>
              <SequencePoints />
              <BranchPoints />
              <MethodPoint vc="3" uspid="25" ordinal="0" offset="0" />
            </Method>
            <Method visited="false" cyclomaticComplexity="1" sequenceCoverage="0" branchCoverage="0" isConstructor="false" isStatic="false" isGetter="true" isSetter="false">
              <Summary numSequencePoints="0" visitedSequencePoints="0" numBranchPoints="0" visitedBranchPoints="0" sequenceCoverage="0" branchCoverage="0" maxCyclomaticComplexity="1" minCyclomaticComplexity="1" />
              <MetadataToken>100663313</MetadataToken>
              <Name>System.String BusTrackerDomain.Entity.DepartureInfo::get_Note()</Name>
              <SequencePoints />
              <BranchPoints />
              <MethodPoint vc="0" uspid="26" ordinal="0" offset="0" />
            </Method>
            <Method visited="true" cyclomaticComplexity="1" sequenceCoverage="0" branchCoverage="0" isConstructor="false" isStatic="false" isGetter="false" isSetter="true">
              <Summary numSequencePoints="0" visitedSequencePoints="0" numBranchPoints="0" visitedBranchPoints="0" sequenceCoverage="0" branchCoverage="0" maxCyclomaticComplexity="1" minCyclomaticComplexity="1" />
              <MetadataToken>100663314</MetadataToken>
              <Name>System.Void BusTrackerDomain.Entity.DepartureInfo::set_Note(System.String)</Name>
              <SequencePoints />
              <BranchPoints />
              <MethodPoint vc="3" uspid="27" ordinal="0" offset="0" />
            </Method>
            <Method visited="true" cyclomaticComplexity="1" sequenceCoverage="0" branchCoverage="0" isConstructor="true" isStatic="false" isGetter="false" isSetter="false">
              <Summary numSequencePoints="0" visitedSequencePoints="0" numBranchPoints="0" visitedBranchPoints="0" sequenceCoverage="0" branchCoverage="0" maxCyclomaticComplexity="1" minCyclomaticComplexity="1" />
              <MetadataToken>100663315</MetadataToken>
              <Name>System.Void BusTrackerDomain.Entity.DepartureInfo::.ctor()</Name>
              <SequencePoints />
              <BranchPoints />
              <MethodPoint vc="3" uspid="28" ordinal="0" offset="0" />
            </Method>
          </Methods>
        </Class>
        <Class>
          <Summary numSequencePoints="0" visitedSequencePoints="0" numBranchPoints="0" visitedBranchPoints="0" sequenceCoverage="0" branchCoverage="0" maxCyclomaticComplexity="1" minCyclomaticComplexity="1" />
          <FullName>BusTrackerDomain.Entity.Service</FullName>
          <Methods>
            <Method visited="true" cyclomaticComplexity="1" sequenceCoverage="0" branchCoverage="0" isConstructor="false" isStatic="false" isGetter="true" isSetter="false">
              <Summary numSequencePoints="0" visitedSequencePoints="0" numBranchPoints="0" visitedBranchPoints="0" sequenceCoverage="0" branchCoverage="0" maxCyclomaticComplexity="1" minCyclomaticComplexity="1" />
              <MetadataToken>100663316</MetadataToken>
              <Name>System.Int32 BusTrackerDomain.Entity.Service::get_ServiceId()</Name>
              <SequencePoints />
              <BranchPoints />
              <MethodPoint vc="1" uspid="29" ordinal="0" offset="0" />
            </Method>
            <Method visited="true" cyclomaticComplexity="1" sequenceCoverage="0" branchCoverage="0" isConstructor="false" isStatic="false" isGetter="false" isSetter="true">
              <Summary numSequencePoints="0" visitedSequencePoints="0" numBranchPoints="0" visitedBranchPoints="0" sequenceCoverage="0" branchCoverage="0" maxCyclomaticComplexity="1" minCyclomaticComplexity="1" />
              <MetadataToken>100663317</MetadataToken>
              <Name>System.Void BusTrackerDomain.Entity.Service::set_ServiceId(System.Int32)</Name>
              <SequencePoints />
              <BranchPoints />
              <MethodPoint vc="3" uspid="30" ordinal="0" offset="0" />
            </Method>
            <Method visited="false" cyclomaticComplexity="1" sequenceCoverage="0" branchCoverage="0" isConstructor="false" isStatic="false" isGetter="true" isSetter="false">
              <Summary numSequencePoints="0" visitedSequencePoints="0" numBranchPoints="0" visitedBranchPoints="0" sequenceCoverage="0" branchCoverage="0" maxCyclomaticComplexity="1" minCyclomaticComplexity="1" />
              <MetadataToken>100663318</MetadataToken>
              <Name>System.String BusTrackerDomain.Entity.Service::get_ServiceName()</Name>
              <SequencePoints />
              <BranchPoints />
              <MethodPoint vc="0" uspid="31" ordinal="0" offset="0" />
            </Method>
            <Method visited="true" cyclomaticComplexity="1" sequenceCoverage="0" branchCoverage="0" isConstructor="false" isStatic="false" isGetter="false" isSetter="true">
              <Summary numSequencePoints="0" visitedSequencePoints="0" numBranchPoints="0" visitedBranchPoints="0" sequenceCoverage="0" branchCoverage="0" maxCyclomaticComplexity="1" minCyclomaticComplexity="1" />
              <MetadataToken>100663319</MetadataToken>
              <Name>System.Void BusTrackerDomain.Entity.Service::set_ServiceName(System.String)</Name>
              <SequencePoints />
              <BranchPoints />
              <MethodPoint vc="3" uspid="32" ordinal="0" offset="0" />
            </Method>
            <Method visited="true" cyclomaticComplexity="1" sequenceCoverage="0" branchCoverage="0" isConstructor="true" isStatic="false" isGetter="false" isSetter="false">
              <Summary numSequencePoints="0" visitedSequencePoints="0" numBranchPoints="0" visitedBranchPoints="0" sequenceCoverage="0" branchCoverage="0" maxCyclomaticComplexity="1" minCyclomaticComplexity="1" />
              <MetadataToken>100663320</MetadataToken>
              <Name>System.Void BusTrackerDomain.Entity.Service::.ctor()</Name>
              <SequencePoints />
              <BranchPoints />
              <MethodPoint vc="3" uspid="33" ordinal="0" offset="0" />
            </Method>
          </Methods>
        </Class>
        <Class>
          <Summary numSequencePoints="0" visitedSequencePoints="0" numBranchPoints="0" visitedBranchPoints="0" sequenceCoverage="0" branchCoverage="0" maxCyclomaticComplexity="1" minCyclomaticComplexity="1" />
          <FullName>BusTrackerDomain.Entity.ServiceRoute</FullName>
          <Methods>
            <Method visited="false" cyclomaticComplexity="1" sequenceCoverage="0" branchCoverage="0" isConstructor="false" isStatic="false" isGetter="true" isSetter="false">
              <Summary numSequencePoints="0" visitedSequencePoints="0" numBranchPoints="0" visitedBranchPoints="0" sequenceCoverage="0" branchCoverage="0" maxCyclomaticComplexity="1" minCyclomaticComplexity="1" />
              <MetadataToken>100663321</MetadataToken>
              <Name>BusTrackerDomain.Entity.Service BusTrackerDomain.Entity.ServiceRoute::get_Service()</Name>
              <SequencePoints />
              <BranchPoints />
              <MethodPoint vc="0" uspid="34" ordinal="0" offset="0" />
            </Method>
            <Method visited="false" cyclomaticComplexity="1" sequenceCoverage="0" branchCoverage="0" isConstructor="false" isStatic="false" isGetter="false" isSetter="true">
              <Summary numSequencePoints="0" visitedSequencePoints="0" numBranchPoints="0" visitedBranchPoints="0" sequenceCoverage="0" branchCoverage="0" maxCyclomaticComplexity="1" minCyclomaticComplexity="1" />
              <MetadataToken>100663322</MetadataToken>
              <Name>System.Void BusTrackerDomain.Entity.ServiceRoute::set_Service(BusTrackerDomain.Entity.Service)</Name>
              <SequencePoints />
              <BranchPoints />
              <MethodPoint vc="0" uspid="35" ordinal="0" offset="0" />
            </Method>
            <Method visited="false" cyclomaticComplexity="1" sequenceCoverage="0" branchCoverage="0" isConstructor="false" isStatic="false" isGetter="true" isSetter="false">
              <Summary numSequencePoints="0" visitedSequencePoints="0" numBranchPoints="0" visitedBranchPoints="0" sequenceCoverage="0" branchCoverage="0" maxCyclomaticComplexity="1" minCyclomaticComplexity="1" />
              <MetadataToken>100663323</MetadataToken>
              <Name>System.Collections.Generic.List`1&lt;BusTrackerDomain.Entity.Station&gt; BusTrackerDomain.Entity.ServiceRoute::get_Stations()</Name>
              <SequencePoints />
              <BranchPoints />
              <MethodPoint vc="0" uspid="36" ordinal="0" offset="0" />
            </Method>
            <Method visited="false" cyclomaticComplexity="1" sequenceCoverage="0" branchCoverage="0" isConstructor="false" isStatic="false" isGetter="false" isSetter="true">
              <Summary numSequencePoints="0" visitedSequencePoints="0" numBranchPoints="0" visitedBranchPoints="0" sequenceCoverage="0" branchCoverage="0" maxCyclomaticComplexity="1" minCyclomaticComplexity="1" />
              <MetadataToken>100663324</MetadataToken>
              <Name>System.Void BusTrackerDomain.Entity.ServiceRoute::set_Stations(System.Collections.Generic.List`1&lt;BusTrackerDomain.Entity.Station&gt;)</Name>
              <SequencePoints />
              <BranchPoints />
              <MethodPoint vc="0" uspid="37" ordinal="0" offset="0" />
            </Method>
            <Method visited="false" cyclomaticComplexity="1" sequenceCoverage="0" branchCoverage="0" isConstructor="true" isStatic="false" isGetter="false" isSetter="false">
              <Summary numSequencePoints="0" visitedSequencePoints="0" numBranchPoints="0" visitedBranchPoints="0" sequenceCoverage="0" branchCoverage="0" maxCyclomaticComplexity="1" minCyclomaticComplexity="1" />
              <MetadataToken>100663325</MetadataToken>
              <Name>System.Void BusTrackerDomain.Entity.ServiceRoute::.ctor()</Name>
              <SequencePoints />
              <BranchPoints />
              <MethodPoint vc="0" uspid="38" ordinal="0" offset="0" />
            </Method>
          </Methods>
        </Class>
        <Class>
          <Summary numSequencePoints="0" visitedSequencePoints="0" numBranchPoints="0" visitedBranchPoints="0" sequenceCoverage="0" branchCoverage="0" maxCyclomaticComplexity="1" minCyclomaticComplexity="1" />
          <FullName>BusTrackerDomain.Entity.Station</FullName>
          <Methods>
            <Method visited="false" cyclomaticComplexity="1" sequenceCoverage="0" branchCoverage="0" isConstructor="false" isStatic="false" isGetter="true" isSetter="false">
              <Summary numSequencePoints="0" visitedSequencePoints="0" numBranchPoints="0" visitedBranchPoints="0" sequenceCoverage="0" branchCoverage="0" maxCyclomaticComplexity="1" minCyclomaticComplexity="1" />
              <MetadataToken>100663326</MetadataToken>
              <Name>System.Int32 BusTrackerDomain.Entity.Station::get_Id()</Name>
              <SequencePoints />
              <BranchPoints />
              <MethodPoint vc="0" uspid="39" ordinal="0" offset="0" />
            </Method>
            <Method visited="true" cyclomaticComplexity="1" sequenceCoverage="0" branchCoverage="0" isConstructor="false" isStatic="false" isGetter="false" isSetter="true">
              <Summary numSequencePoints="0" visitedSequencePoints="0" numBranchPoints="0" visitedBranchPoints="0" sequenceCoverage="0" branchCoverage="0" maxCyclomaticComplexity="1" minCyclomaticComplexity="1" />
              <MetadataToken>100663327</MetadataToken>
              <Name>System.Void BusTrackerDomain.Entity.Station::set_Id(System.Int32)</Name>
              <SequencePoints />
              <BranchPoints />
              <MethodPoint vc="3" uspid="40" ordinal="0" offset="0" />
            </Method>
            <Method visited="false" cyclomaticComplexity="1" sequenceCoverage="0" branchCoverage="0" isConstructor="false" isStatic="false" isGetter="true" isSetter="false">
              <Summary numSequencePoints="0" visitedSequencePoints="0" numBranchPoints="0" visitedBranchPoints="0" sequenceCoverage="0" branchCoverage="0" maxCyclomaticComplexity="1" minCyclomaticComplexity="1" />
              <MetadataToken>100663328</MetadataToken>
              <Name>System.String BusTrackerDomain.Entity.Station::get_Name()</Name>
              <SequencePoints />
              <BranchPoints />
              <MethodPoint vc="0" uspid="41" ordinal="0" offset="0" />
            </Method>
            <Method visited="true" cyclomaticComplexity="1" sequenceCoverage="0" branchCoverage="0" isConstructor="false" isStatic="false" isGetter="false" isSetter="true">
              <Summary numSequencePoints="0" visitedSequencePoints="0" numBranchPoints="0" visitedBranchPoints="0" sequenceCoverage="0" branchCoverage="0" maxCyclomaticComplexity="1" minCyclomaticComplexity="1" />
              <MetadataToken>100663329</MetadataToken>
              <Name>System.Void BusTrackerDomain.Entity.Station::set_Name(System.String)</Name>
              <SequencePoints />
              <BranchPoints />
              <MethodPoint vc="3" uspid="42" ordinal="0" offset="0" />
            </Method>
            <Method visited="true" cyclomaticComplexity="1" sequenceCoverage="0" branchCoverage="0" isConstructor="true" isStatic="false" isGetter="false" isSetter="false">
              <Summary numSequencePoints="0" visitedSequencePoints="0" numBranchPoints="0" visitedBranchPoints="0" sequenceCoverage="0" branchCoverage="0" maxCyclomaticComplexity="1" minCyclomaticComplexity="1" />
              <MetadataToken>100663330</MetadataToken>
              <Name>System.Void BusTrackerDomain.Entity.Station::.ctor()</Name>
              <SequencePoints />
              <BranchPoints />
              <MethodPoint vc="3" uspid="43" ordinal="0" offset="0" />
            </Method>
          </Methods>
        </Class>
      </Classes>
    </Module>
    <Module skippedDueTo="Filter" hash="55-1B-1C-BA-F1-FD-3A-71-DF-58-92-18-9F-D7-3A-E4-01-E9-13-E4">
      <FullName>C:\Git\Bus Tracker\BusTrackerDomain\BusTrackerDomain.Test\bin\Debug\NSubstitute.dll</FullName>
      <ModuleName>NSubstitute</ModuleName>
      <Classes />
    </Module>
    <Module skippedDueTo="Filter" hash="1F-F0-9E-EE-C6-0E-AF-A7-D0-8B-FA-43-7E-80-38-CE-02-B8-9A-66">
      <FullName>C:\Windows\Microsoft.Net\assembly\GAC_MSIL\System.ServiceModel\v4.0_4.0.0.0__b77a5c561934e089\System.ServiceModel.dll</FullName>
      <ModuleName>System.ServiceModel</ModuleName>
      <Classes />
    </Module>
    <Module skippedDueTo="Filter" hash="58-95-C1-AF-C4-E5-C6-BB-F3-54-7A-B0-3C-B7-C6-29-C9-42-CA-D4">
      <FullName>C:\Windows\Microsoft.Net\assembly\GAC_MSIL\System.Core\v4.0_4.0.0.0__b77a5c561934e089\System.Core.dll</FullName>
      <ModuleName>System.Core</ModuleName>
      <Classes />
    </Module>
    <Module skippedDueTo="Filter" hash="">
      <FullName>RefEmit_InMemoryManifestModule</FullName>
      <ModuleName>DynamicProxyGenAssembly2</ModuleName>
      <Classes />
    </Module>
    <Module skippedDueTo="Filter" hash="37-F6-10-B0-1D-79-AE-48-D7-FC-68-EE-B7-09-2C-77-1A-C7-24-E5">
      <FullName>C:\Git\Bus Tracker\BusTrackerWeb\SkanetrafikenServiceAgent.Test\bin\Debug\SkanetrafikenServiceAgent.Test.dll</FullName>
      <ModuleName>SkanetrafikenServiceAgent.Test</ModuleName>
      <Classes />
    </Module>
    <Module hash="E9-6D-96-0E-37-93-BC-4D-2C-F1-E0-00-53-F6-67-34-DE-35-C9-D7">
      <Summary numSequencePoints="118" visitedSequencePoints="35" numBranchPoints="64" visitedBranchPoints="17" sequenceCoverage="29.66" branchCoverage="26.56" maxCyclomaticComplexity="8" minCyclomaticComplexity="1" />
      <FullName>C:\Git\Bus Tracker\BusTrackerWeb\SkanetrafikenServiceAgent.Test\bin\Debug\SkanetrafikenServiceAgent.dll</FullName>
      <ModuleName>SkanetrafikenServiceAgent</ModuleName>
      <Files>
        <File uid="3" fullPath="c:\Git\Bus Tracker\BusTrackerWeb\SkanetrafikenServiceAgent\Entity\GetLineResult.cs" />
        <File uid="4" fullPath="c:\Git\Bus Tracker\BusTrackerWeb\SkanetrafikenServiceAgent\ServiceAgent.cs" />
        <File uid="5" fullPath="c:\Git\Bus Tracker\BusTrackerWeb\SkanetrafikenServiceAgent\Entity\GetDepartureArrivalResult.cs" />
        <File uid="8" fullPath="c:\Git\Bus Tracker\BusTrackerWeb\SkanetrafikenServiceAgent\ServiceFinder.cs" />
        <File uid="11" fullPath="c:\Git\Bus Tracker\BusTrackerWeb\SkanetrafikenServiceAgent\WebCallProxy.cs" />
      </Files>
      <Classes>
        <Class>
          <Summary numSequencePoints="0" visitedSequencePoints="0" numBranchPoints="0" visitedBranchPoints="0" sequenceCoverage="0" branchCoverage="0" maxCyclomaticComplexity="0" minCyclomaticComplexity="0" />
          <FullName>&lt;Module&gt;</FullName>
          <Methods />
        </Class>
        <Class>
          <Summary numSequencePoints="0" visitedSequencePoints="0" numBranchPoints="0" visitedBranchPoints="0" sequenceCoverage="0" branchCoverage="0" maxCyclomaticComplexity="1" minCyclomaticComplexity="1" />
          <FullName>BusTrackerWeb.SkanetrafikenServiceAgent.Entity.GetJourneyResult</FullName>
          <Methods>
            <Method visited="false" cyclomaticComplexity="1" sequenceCoverage="0" branchCoverage="0" isConstructor="true" isStatic="false" isGetter="false" isSetter="false">
              <Summary numSequencePoints="0" visitedSequencePoints="0" numBranchPoints="0" visitedBranchPoints="0" sequenceCoverage="0" branchCoverage="0" maxCyclomaticComplexity="1" minCyclomaticComplexity="1" />
              <MetadataToken>100663297</MetadataToken>
              <Name>System.Void BusTrackerWeb.SkanetrafikenServiceAgent.Entity.GetJourneyResult::.ctor()</Name>
              <SequencePoints />
              <BranchPoints />
              <MethodPoint vc="0" uspid="44" ordinal="0" offset="0" />
            </Method>
          </Methods>
        </Class>
        <Class>
          <Summary numSequencePoints="0" visitedSequencePoints="0" numBranchPoints="0" visitedBranchPoints="0" sequenceCoverage="0" branchCoverage="0" maxCyclomaticComplexity="1" minCyclomaticComplexity="1" />
          <FullName>BusTrackerWeb.SkanetrafikenServiceAgent.Entity.GetJourneyResult/Journey</FullName>
          <Methods>
            <Method visited="false" cyclomaticComplexity="1" sequenceCoverage="0" branchCoverage="0" isConstructor="false" isStatic="false" isGetter="true" isSetter="false">
              <Summary numSequencePoints="0" visitedSequencePoints="0" numBranchPoints="0" visitedBranchPoints="0" sequenceCoverage="0" branchCoverage="0" maxCyclomaticComplexity="1" minCyclomaticComplexity="1" />
              <MetadataToken>100663298</MetadataToken>
              <Name>BusTrackerWeb.SkanetrafikenServiceAgent.Entity.GetJourneyResult/Journey/LineInfo BusTrackerWeb.SkanetrafikenServiceAgent.Entity.GetJourneyResult/Journey::get_Line()</Name>
              <SequencePoints />
              <BranchPoints />
              <MethodPoint vc="0" uspid="45" ordinal="0" offset="0" />
            </Method>
            <Method visited="false" cyclomaticComplexity="1" sequenceCoverage="0" branchCoverage="0" isConstructor="false" isStatic="false" isGetter="false" isSetter="true">
              <Summary numSequencePoints="0" visitedSequencePoints="0" numBranchPoints="0" visitedBranchPoints="0" sequenceCoverage="0" branchCoverage="0" maxCyclomaticComplexity="1" minCyclomaticComplexity="1" />
              <MetadataToken>100663299</MetadataToken>
              <Name>System.Void BusTrackerWeb.SkanetrafikenServiceAgent.Entity.GetJourneyResult/Journey::set_Line(BusTrackerWeb.SkanetrafikenServiceAgent.Entity.GetJourneyResult/Journey/LineInfo)</Name>
              <SequencePoints />
              <BranchPoints />
              <MethodPoint vc="0" uspid="46" ordinal="0" offset="0" />
            </Method>
            <Method visited="false" cyclomaticComplexity="1" sequenceCoverage="0" branchCoverage="0" isConstructor="true" isStatic="false" isGetter="false" isSetter="false">
              <Summary numSequencePoints="0" visitedSequencePoints="0" numBranchPoints="0" visitedBranchPoints="0" sequenceCoverage="0" branchCoverage="0" maxCyclomaticComplexity="1" minCyclomaticComplexity="1" />
              <MetadataToken>100663300</MetadataToken>
              <Name>System.Void BusTrackerWeb.SkanetrafikenServiceAgent.Entity.GetJourneyResult/Journey::.ctor()</Name>
              <SequencePoints />
              <BranchPoints />
              <MethodPoint vc="0" uspid="47" ordinal="0" offset="0" />
            </Method>
          </Methods>
        </Class>
        <Class>
          <Summary numSequencePoints="0" visitedSequencePoints="0" numBranchPoints="0" visitedBranchPoints="0" sequenceCoverage="0" branchCoverage="0" maxCyclomaticComplexity="1" minCyclomaticComplexity="1" />
          <FullName>BusTrackerWeb.SkanetrafikenServiceAgent.Entity.GetJourneyResult/Journey/RouteLink</FullName>
          <Methods>
            <Method visited="false" cyclomaticComplexity="1" sequenceCoverage="0" branchCoverage="0" isConstructor="true" isStatic="false" isGetter="false" isSetter="false">
              <Summary numSequencePoints="0" visitedSequencePoints="0" numBranchPoints="0" visitedBranchPoints="0" sequenceCoverage="0" branchCoverage="0" maxCyclomaticComplexity="1" minCyclomaticComplexity="1" />
              <MetadataToken>100663301</MetadataToken>
              <Name>System.Void BusTrackerWeb.SkanetrafikenServiceAgent.Entity.GetJourneyResult/Journey/RouteLink::.ctor()</Name>
              <SequencePoints />
              <BranchPoints />
              <MethodPoint vc="0" uspid="48" ordinal="0" offset="0" />
            </Method>
          </Methods>
        </Class>
        <Class>
          <Summary numSequencePoints="0" visitedSequencePoints="0" numBranchPoints="0" visitedBranchPoints="0" sequenceCoverage="0" branchCoverage="0" maxCyclomaticComplexity="1" minCyclomaticComplexity="1" />
          <FullName>BusTrackerWeb.SkanetrafikenServiceAgent.Entity.GetJourneyResult/Journey/LineInfo</FullName>
          <Methods>
            <Method visited="false" cyclomaticComplexity="1" sequenceCoverage="0" branchCoverage="0" isConstructor="false" isStatic="false" isGetter="true" isSetter="false">
              <Summary numSequencePoints="0" visitedSequencePoints="0" numBranchPoints="0" visitedBranchPoints="0" sequenceCoverage="0" branchCoverage="0" maxCyclomaticComplexity="1" minCyclomaticComplexity="1" />
              <MetadataToken>100663302</MetadataToken>
              <Name>System.String BusTrackerWeb.SkanetrafikenServiceAgent.Entity.GetJourneyResult/Journey/LineInfo::get_No()</Name>
              <SequencePoints />
              <BranchPoints />
              <MethodPoint vc="0" uspid="49" ordinal="0" offset="0" />
            </Method>
            <Method visited="false" cyclomaticComplexity="1" sequenceCoverage="0" branchCoverage="0" isConstructor="false" isStatic="false" isGetter="false" isSetter="true">
              <Summary numSequencePoints="0" visitedSequencePoints="0" numBranchPoints="0" visitedBranchPoints="0" sequenceCoverage="0" branchCoverage="0" maxCyclomaticComplexity="1" minCyclomaticComplexity="1" />
              <MetadataToken>100663303</MetadataToken>
              <Name>System.Void BusTrackerWeb.SkanetrafikenServiceAgent.Entity.GetJourneyResult/Journey/LineInfo::set_No(System.String)</Name>
              <SequencePoints />
              <BranchPoints />
              <MethodPoint vc="0" uspid="50" ordinal="0" offset="0" />
            </Method>
            <Method visited="false" cyclomaticComplexity="1" sequenceCoverage="0" branchCoverage="0" isConstructor="true" isStatic="false" isGetter="false" isSetter="false">
              <Summary numSequencePoints="0" visitedSequencePoints="0" numBranchPoints="0" visitedBranchPoints="0" sequenceCoverage="0" branchCoverage="0" maxCyclomaticComplexity="1" minCyclomaticComplexity="1" />
              <MetadataToken>100663304</MetadataToken>
              <Name>System.Void BusTrackerWeb.SkanetrafikenServiceAgent.Entity.GetJourneyResult/Journey/LineInfo::.ctor()</Name>
              <SequencePoints />
              <BranchPoints />
              <MethodPoint vc="0" uspid="51" ordinal="0" offset="0" />
            </Method>
          </Methods>
        </Class>
        <Class>
          <Summary numSequencePoints="31" visitedSequencePoints="0" numBranchPoints="22" visitedBranchPoints="0" sequenceCoverage="0" branchCoverage="0" maxCyclomaticComplexity="8" minCyclomaticComplexity="1" />
          <FullName>BusTrackerWeb.SkanetrafikenServiceAgent.GetLineResult</FullName>
          <Methods>
            <Method visited="false" cyclomaticComplexity="8" sequenceCoverage="0" branchCoverage="0" isConstructor="false" isStatic="false" isGetter="false" isSetter="false">
              <Summary numSequencePoints="28" visitedSequencePoints="0" numBranchPoints="15" visitedBranchPoints="0" sequenceCoverage="0" branchCoverage="0" maxCyclomaticComplexity="8" minCyclomaticComplexity="8" />
              <MetadataToken>100663305</MetadataToken>
              <Name>BusTrackerDomain.Entity.ServiceRoute BusTrackerWeb.SkanetrafikenServiceAgent.GetLineResult::ToServiceRoute(System.String)</Name>
              <FileRef uid="3" />
              <SequencePoints>
                <SequencePoint vc="0" uspid="52" ordinal="0" offset="0" sl="15" sc="9" el="15" ec="10" />
                <SequencePoint vc="0" uspid="53" ordinal="1" offset="1" sl="16" sc="13" el="16" ec="110" />
                <SequencePoint vc="0" uspid="54" ordinal="2" offset="13" sl="20" sc="20" el="20" ec="51" />
                <SequencePoint vc="0" uspid="55" ordinal="3" offset="19" sl="21" sc="13" el="21" ec="14" />
                <SequencePoint vc="0" uspid="56" ordinal="4" offset="20" sl="22" sc="17" el="22" ec="59" />
                <SequencePoint vc="0" uspid="57" ordinal="5" offset="28" sl="23" sc="13" el="23" ec="14" />
                <SequencePoint vc="0" uspid="58" ordinal="6" offset="50" sl="25" sc="13" el="25" ec="51" />
                <SequencePoint vc="0" uspid="59" ordinal="7" offset="56" sl="26" sc="13" el="26" ec="31" />
                <SequencePoint vc="0" uspid="60" ordinal="8" offset="64" sl="28" sc="13" el="28" ec="113" />
                <SequencePoint vc="0" uspid="61" ordinal="9" offset="92" sl="30" sc="13" el="30" ec="92" />
                <SequencePoint vc="0" uspid="62" ordinal="10" offset="116" sl="32" sc="13" el="32" ec="20" />
                <SequencePoint vc="0" uspid="63" ordinal="11" offset="117" sl="32" sc="40" el="32" ec="147" />
                <SequencePoint vc="0" uspid="64" ordinal="12" offset="167" sl="32" sc="22" el="32" ec="36" />
                <SequencePoint vc="0" uspid="65" ordinal="13" offset="176" sl="33" sc="13" el="33" ec="14" />
                <SequencePoint vc="0" uspid="66" ordinal="14" offset="177" sl="34" sc="17" el="38" ec="89" />
                <SequencePoint vc="0" uspid="67" ordinal="15" offset="222" sl="40" sc="17" el="40" ec="45" />
                <SequencePoint vc="0" uspid="68" ordinal="16" offset="236" sl="41" sc="17" el="41" ec="18" />
                <SequencePoint vc="0" uspid="69" ordinal="17" offset="237" sl="42" sc="21" el="44" ec="68" />
                <SequencePoint vc="0" uspid="70" ordinal="18" offset="282" sl="45" sc="21" el="47" ec="62" />
                <SequencePoint vc="0" uspid="71" ordinal="19" offset="328" sl="48" sc="21" el="48" ec="63" />
                <SequencePoint vc="0" uspid="72" ordinal="20" offset="339" sl="49" sc="21" el="49" ec="72" />
                <SequencePoint vc="0" uspid="73" ordinal="21" offset="350" sl="50" sc="21" el="50" ec="61" />
                <SequencePoint vc="0" uspid="74" ordinal="22" offset="359" sl="52" sc="21" el="52" ec="101" />
                <SequencePoint vc="0" uspid="75" ordinal="23" offset="401" sl="53" sc="17" el="53" ec="18" />
                <SequencePoint vc="0" uspid="76" ordinal="24" offset="402" sl="54" sc="13" el="54" ec="14" />
                <SequencePoint vc="0" uspid="77" ordinal="25" offset="403" sl="32" sc="37" el="32" ec="39" />
                <SequencePoint vc="0" uspid="78" ordinal="26" offset="442" sl="56" sc="13" el="56" ec="33" />
                <SequencePoint vc="0" uspid="79" ordinal="27" offset="448" sl="57" sc="9" el="57" ec="10" />
              </SequencePoints>
              <BranchPoints>
                <BranchPoint vc="0" uspid="80" ordinal="0" offset="39" path="0" />
                <BranchPoint vc="0" uspid="81" ordinal="1" offset="39" path="1" />
                <BranchPoint vc="0" uspid="82" ordinal="2" offset="124" path="0" />
                <BranchPoint vc="0" uspid="83" ordinal="3" offset="124" path="1" />
                <BranchPoint vc="0" uspid="84" ordinal="4" offset="189" path="0" />
                <BranchPoint vc="0" uspid="85" ordinal="5" offset="189" path="1" />
                <BranchPoint vc="0" uspid="86" ordinal="6" offset="231" path="0" />
                <BranchPoint vc="0" uspid="87" ordinal="7" offset="231" path="1" />
                <BranchPoint vc="0" uspid="88" ordinal="8" offset="249" path="0" />
                <BranchPoint vc="0" uspid="89" ordinal="9" offset="249" path="1" />
                <BranchPoint vc="0" uspid="90" ordinal="10" offset="414" path="0" />
                <BranchPoint vc="0" uspid="91" ordinal="11" offset="414" path="1" />
                <BranchPoint vc="0" uspid="92" ordinal="12" offset="430" path="0" />
                <BranchPoint vc="0" uspid="93" ordinal="13" offset="430" path="1" />
              </BranchPoints>
              <MethodPoint xsi:type="SequencePoint" vc="0" uspid="52" ordinal="0" offset="0" sl="15" sc="9" el="15" ec="10" />
            </Method>
            <Method visited="false" cyclomaticComplexity="1" sequenceCoverage="0" branchCoverage="0" isConstructor="true" isStatic="false" isGetter="false" isSetter="false">
              <Summary numSequencePoints="0" visitedSequencePoints="0" numBranchPoints="0" visitedBranchPoints="0" sequenceCoverage="0" branchCoverage="0" maxCyclomaticComplexity="1" minCyclomaticComplexity="1" />
              <MetadataToken>100663306</MetadataToken>
              <Name>System.Void BusTrackerWeb.SkanetrafikenServiceAgent.GetLineResult::.ctor()</Name>
              <SequencePoints />
              <BranchPoints />
              <MethodPoint vc="0" uspid="94" ordinal="0" offset="0" />
            </Method>
            <Method visited="false" cyclomaticComplexity="2" sequenceCoverage="0" branchCoverage="0" isConstructor="false" isStatic="true" isGetter="false" isSetter="false">
              <Summary numSequencePoints="1" visitedSequencePoints="0" numBranchPoints="3" visitedBranchPoints="0" sequenceCoverage="0" branchCoverage="0" maxCyclomaticComplexity="2" minCyclomaticComplexity="2" />
              <MetadataToken>100663307</MetadataToken>
              <Name>System.Boolean BusTrackerWeb.SkanetrafikenServiceAgent.GetLineResult::&lt;ToServiceRoute&gt;b__2(HtmlAgilityPack.HtmlNode)</Name>
              <FileRef uid="3" />
              <SequencePoints>
                <SequencePoint vc="0" uspid="95" ordinal="0" offset="0" sl="32" sc="62" el="32" ec="146" />
              </SequencePoints>
              <BranchPoints>
                <BranchPoint vc="0" uspid="96" ordinal="0" offset="16" path="0" />
                <BranchPoint vc="0" uspid="97" ordinal="1" offset="16" path="1" />
              </BranchPoints>
              <MethodPoint xsi:type="SequencePoint" vc="0" uspid="95" ordinal="0" offset="0" sl="32" sc="62" el="32" ec="146" />
            </Method>
            <Method visited="false" cyclomaticComplexity="2" sequenceCoverage="0" branchCoverage="0" isConstructor="false" isStatic="true" isGetter="false" isSetter="false">
              <Summary numSequencePoints="1" visitedSequencePoints="0" numBranchPoints="3" visitedBranchPoints="0" sequenceCoverage="0" branchCoverage="0" maxCyclomaticComplexity="2" minCyclomaticComplexity="2" />
              <MetadataToken>100663308</MetadataToken>
              <Name>System.Boolean BusTrackerWeb.SkanetrafikenServiceAgent.GetLineResult::&lt;ToServiceRoute&gt;b__3(HtmlAgilityPack.HtmlNode)</Name>
              <FileRef uid="3" />
              <SequencePoints>
                <SequencePoint vc="0" uspid="98" ordinal="0" offset="0" sl="37" sc="38" el="38" ec="87" />
              </SequencePoints>
              <BranchPoints>
                <BranchPoint vc="0" uspid="99" ordinal="0" offset="16" path="0" />
                <BranchPoint vc="0" uspid="100" ordinal="1" offset="16" path="1" />
              </BranchPoints>
              <MethodPoint xsi:type="SequencePoint" vc="0" uspid="98" ordinal="0" offset="0" sl="37" sc="38" el="38" ec="87" />
            </Method>
            <Method visited="false" cyclomaticComplexity="1" sequenceCoverage="0" branchCoverage="0" isConstructor="false" isStatic="true" isGetter="false" isSetter="false">
              <Summary numSequencePoints="1" visitedSequencePoints="0" numBranchPoints="1" visitedBranchPoints="0" sequenceCoverage="0" branchCoverage="0" maxCyclomaticComplexity="1" minCyclomaticComplexity="1" />
              <MetadataToken>100663309</MetadataToken>
              <Name>System.Boolean BusTrackerWeb.SkanetrafikenServiceAgent.GetLineResult::&lt;ToServiceRoute&gt;b__4(HtmlAgilityPack.HtmlNode)</Name>
              <FileRef uid="3" />
              <SequencePoints>
                <SequencePoint vc="0" uspid="101" ordinal="0" offset="0" sl="44" sc="53" el="44" ec="66" />
              </SequencePoints>
              <BranchPoints />
              <MethodPoint xsi:type="SequencePoint" vc="0" uspid="101" ordinal="0" offset="0" sl="44" sc="53" el="44" ec="66" />
            </Method>
          </Methods>
        </Class>
        <Class>
          <Summary numSequencePoints="40" visitedSequencePoints="26" numBranchPoints="9" visitedBranchPoints="5" sequenceCoverage="65" branchCoverage="55.56" maxCyclomaticComplexity="2" minCyclomaticComplexity="1" />
          <FullName>BusTrackerWeb.SkanetrafikenServiceAgent.ServiceAgent</FullName>
          <Methods>
            <Method visited="true" cyclomaticComplexity="1" sequenceCoverage="100" branchCoverage="100" isConstructor="true" isStatic="false" isGetter="false" isSetter="false">
              <Summary numSequencePoints="4" visitedSequencePoints="4" numBranchPoints="1" visitedBranchPoints="1" sequenceCoverage="100" branchCoverage="100" maxCyclomaticComplexity="1" minCyclomaticComplexity="1" />
              <MetadataToken>100663310</MetadataToken>
              <Name>System.Void BusTrackerWeb.SkanetrafikenServiceAgent.ServiceAgent::.ctor(BusTrackerWeb.SkanetrafikenServiceAgent.Interface.IServiceProxy)</Name>
              <FileRef uid="4" />
              <SequencePoints>
                <SequencePoint vc="3" uspid="102" ordinal="0" offset="0" sl="21" sc="9" el="21" ec="56" />
                <SequencePoint vc="3" uspid="103" ordinal="1" offset="7" sl="22" sc="9" el="22" ec="10" />
                <SequencePoint vc="3" uspid="104" ordinal="2" offset="8" sl="23" sc="13" el="23" ec="46" />
                <SequencePoint vc="3" uspid="105" ordinal="3" offset="15" sl="24" sc="9" el="24" ec="10" />
              </SequencePoints>
              <BranchPoints />
              <MethodPoint xsi:type="SequencePoint" vc="3" uspid="102" ordinal="0" offset="0" sl="21" sc="9" el="21" ec="56" />
            </Method>
            <Method visited="true" cyclomaticComplexity="1" sequenceCoverage="100" branchCoverage="100" isConstructor="false" isStatic="false" isGetter="false" isSetter="false">
              <Summary numSequencePoints="5" visitedSequencePoints="5" numBranchPoints="1" visitedBranchPoints="1" sequenceCoverage="100" branchCoverage="100" maxCyclomaticComplexity="1" minCyclomaticComplexity="1" />
              <MetadataToken>100663311</MetadataToken>
              <Name>System.Collections.Generic.IEnumerable`1&lt;BusTrackerDomain.Entity.DepartureInfo&gt; BusTrackerWeb.SkanetrafikenServiceAgent.ServiceAgent::GetStationInfo(System.Int32)</Name>
              <FileRef uid="4" />
              <SequencePoints>
                <SequencePoint vc="3" uspid="106" ordinal="0" offset="0" sl="27" sc="9" el="27" ec="10" />
                <SequencePoint vc="3" uspid="107" ordinal="1" offset="1" sl="28" sc="13" el="28" ec="116" />
                <SequencePoint vc="3" uspid="108" ordinal="2" offset="18" sl="30" sc="13" el="30" ec="73" />
                <SequencePoint vc="3" uspid="109" ordinal="3" offset="26" sl="32" sc="13" el="32" ec="52" />
                <SequencePoint vc="3" uspid="110" ordinal="4" offset="36" sl="33" sc="9" el="33" ec="10" />
              </SequencePoints>
              <BranchPoints />
              <MethodPoint xsi:type="SequencePoint" vc="3" uspid="106" ordinal="0" offset="0" sl="27" sc="9" el="27" ec="10" />
            </Method>
            <Method visited="false" cyclomaticComplexity="1" sequenceCoverage="0" branchCoverage="0" isConstructor="false" isStatic="false" isGetter="false" isSetter="false">
              <Summary numSequencePoints="5" visitedSequencePoints="0" numBranchPoints="1" visitedBranchPoints="0" sequenceCoverage="0" branchCoverage="0" maxCyclomaticComplexity="1" minCyclomaticComplexity="1" />
              <MetadataToken>100663312</MetadataToken>
              <Name>BusTrackerWeb.SkanetrafikenServiceAgent.Entity.GetJourneyResult BusTrackerWeb.SkanetrafikenServiceAgent.ServiceAgent::GetJourneyResponse(System.Int32,System.Int32,System.DateTime)</Name>
              <FileRef uid="4" />
              <SequencePoints>
                <SequencePoint vc="0" uspid="111" ordinal="0" offset="0" sl="36" sc="9" el="36" ec="10" />
                <SequencePoint vc="0" uspid="112" ordinal="1" offset="1" sl="37" sc="13" el="38" ec="131" />
                <SequencePoint vc="0" uspid="113" ordinal="2" offset="72" sl="40" sc="13" el="40" ec="64" />
                <SequencePoint vc="0" uspid="114" ordinal="3" offset="80" sl="42" sc="13" el="42" ec="27" />
                <SequencePoint vc="0" uspid="115" ordinal="4" offset="84" sl="43" sc="9" el="43" ec="10" />
              </SequencePoints>
              <BranchPoints />
              <MethodPoint xsi:type="SequencePoint" vc="0" uspid="111" ordinal="0" offset="0" sl="36" sc="9" el="36" ec="10" />
            </Method>
            <Method visited="true" cyclomaticComplexity="1" sequenceCoverage="100" branchCoverage="100" isConstructor="false" isStatic="false" isGetter="false" isSetter="false">
              <Summary numSequencePoints="9" visitedSequencePoints="9" numBranchPoints="1" visitedBranchPoints="1" sequenceCoverage="100" branchCoverage="100" maxCyclomaticComplexity="1" minCyclomaticComplexity="1" />
              <MetadataToken>100663313</MetadataToken>
              <Name>T BusTrackerWeb.SkanetrafikenServiceAgent.ServiceAgent::ApiQuery(System.String)</Name>
              <FileRef uid="4" />
              <SequencePoints>
                <SequencePoint vc="3" uspid="116" ordinal="0" offset="0" sl="46" sc="9" el="46" ec="10" />
                <SequencePoint vc="3" uspid="117" ordinal="1" offset="1" sl="47" sc="13" el="47" ec="60" />
                <SequencePoint vc="3" uspid="118" ordinal="2" offset="14" sl="49" sc="13" el="49" ec="50" />
                <SequencePoint vc="3" uspid="119" ordinal="3" offset="21" sl="50" sc="13" el="50" ec="72" />
                <SequencePoint vc="3" uspid="120" ordinal="4" offset="48" sl="52" sc="13" el="52" ec="68" />
                <SequencePoint vc="3" uspid="121" ordinal="5" offset="59" sl="53" sc="13" el="53" ec="122" />
                <SequencePoint vc="3" uspid="122" ordinal="6" offset="102" sl="55" sc="13" el="55" ec="55" />
                <SequencePoint vc="3" uspid="123" ordinal="7" offset="110" sl="57" sc="13" el="57" ec="27" />
                <SequencePoint vc="3" uspid="124" ordinal="8" offset="116" sl="58" sc="9" el="58" ec="10" />
              </SequencePoints>
              <BranchPoints />
              <MethodPoint xsi:type="SequencePoint" vc="3" uspid="116" ordinal="0" offset="0" sl="46" sc="9" el="46" ec="10" />
            </Method>
            <Method visited="true" cyclomaticComplexity="2" sequenceCoverage="100" branchCoverage="66.67" isConstructor="false" isStatic="true" isGetter="false" isSetter="false">
              <Summary numSequencePoints="8" visitedSequencePoints="8" numBranchPoints="3" visitedBranchPoints="2" sequenceCoverage="100" branchCoverage="66.67" maxCyclomaticComplexity="2" minCyclomaticComplexity="2" />
              <MetadataToken>100663314</MetadataToken>
              <Name>T BusTrackerWeb.SkanetrafikenServiceAgent.ServiceAgent::FromXmlString(System.String)</Name>
              <FileRef uid="4" />
              <SequencePoints>
                <SequencePoint vc="3" uspid="125" ordinal="0" offset="0" sl="61" sc="9" el="61" ec="10" />
                <SequencePoint vc="3" uspid="126" ordinal="1" offset="1" sl="62" sc="20" el="62" ec="60" />
                <SequencePoint vc="3" uspid="127" ordinal="2" offset="8" sl="63" sc="13" el="63" ec="14" />
                <SequencePoint vc="3" uspid="128" ordinal="3" offset="9" sl="64" sc="17" el="64" ec="64" />
                <SequencePoint vc="3" uspid="129" ordinal="4" offset="25" sl="65" sc="17" el="65" ec="56" />
                <SequencePoint vc="3" uspid="130" ordinal="5" offset="33" sl="66" sc="17" el="66" ec="38" />
                <SequencePoint vc="3" uspid="131" ordinal="6" offset="40" sl="68" sc="17" el="68" ec="33" />
                <SequencePoint vc="3" uspid="132" ordinal="7" offset="64" sl="70" sc="9" el="70" ec="10" />
              </SequencePoints>
              <BranchPoints>
                <BranchPoint vc="3" uspid="133" ordinal="0" offset="53" path="0" />
                <BranchPoint vc="0" uspid="134" ordinal="1" offset="53" path="1" />
              </BranchPoints>
              <MethodPoint xsi:type="SequencePoint" vc="3" uspid="125" ordinal="0" offset="0" sl="61" sc="9" el="61" ec="10" />
            </Method>
            <Method visited="false" cyclomaticComplexity="1" sequenceCoverage="0" branchCoverage="0" isConstructor="false" isStatic="false" isGetter="false" isSetter="false">
              <Summary numSequencePoints="6" visitedSequencePoints="0" numBranchPoints="1" visitedBranchPoints="0" sequenceCoverage="0" branchCoverage="0" maxCyclomaticComplexity="1" minCyclomaticComplexity="1" />
              <MetadataToken>100663315</MetadataToken>
              <Name>BusTrackerDomain.Entity.ServiceRoute BusTrackerWeb.SkanetrafikenServiceAgent.ServiceAgent::GetServiceRoute(System.Int32)</Name>
              <FileRef uid="4" />
              <SequencePoints>
                <SequencePoint vc="0" uspid="135" ordinal="0" offset="0" sl="73" sc="9" el="73" ec="10" />
                <SequencePoint vc="0" uspid="136" ordinal="1" offset="1" sl="74" sc="13" el="74" ec="81" />
                <SequencePoint vc="0" uspid="137" ordinal="2" offset="13" sl="75" sc="13" el="75" ec="84" />
                <SequencePoint vc="0" uspid="138" ordinal="3" offset="25" sl="77" sc="13" el="77" ec="83" />
                <SequencePoint vc="0" uspid="139" ordinal="4" offset="43" sl="79" sc="13" el="79" ec="33" />
                <SequencePoint vc="0" uspid="140" ordinal="5" offset="47" sl="80" sc="9" el="80" ec="10" />
              </SequencePoints>
              <BranchPoints />
              <MethodPoint xsi:type="SequencePoint" vc="0" uspid="135" ordinal="0" offset="0" sl="73" sc="9" el="73" ec="10" />
            </Method>
            <Method visited="false" cyclomaticComplexity="1" sequenceCoverage="0" branchCoverage="0" isConstructor="false" isStatic="false" isGetter="false" isSetter="false">
              <Summary numSequencePoints="3" visitedSequencePoints="0" numBranchPoints="1" visitedBranchPoints="0" sequenceCoverage="0" branchCoverage="0" maxCyclomaticComplexity="1" minCyclomaticComplexity="1" />
              <MetadataToken>100663316</MetadataToken>
              <Name>System.Collections.Generic.List`1&lt;BusTrackerDomain.Entity.Service&gt; BusTrackerWeb.SkanetrafikenServiceAgent.ServiceAgent::GetServices()</Name>
              <FileRef uid="4" />
              <SequencePoints>
                <SequencePoint vc="0" uspid="141" ordinal="0" offset="0" sl="83" sc="9" el="83" ec="10" />
                <SequencePoint vc="0" uspid="142" ordinal="1" offset="1" sl="84" sc="13" el="84" ec="54" />
                <SequencePoint vc="0" uspid="143" ordinal="2" offset="14" sl="85" sc="9" el="85" ec="10" />
              </SequencePoints>
              <BranchPoints />
              <MethodPoint xsi:type="SequencePoint" vc="0" uspid="141" ordinal="0" offset="0" sl="83" sc="9" el="83" ec="10" />
            </Method>
          </Methods>
        </Class>
        <Class>
          <Summary numSequencePoints="4" visitedSequencePoints="4" numBranchPoints="1" visitedBranchPoints="1" sequenceCoverage="100" branchCoverage="100" maxCyclomaticComplexity="1" minCyclomaticComplexity="1" />
          <FullName>BusTrackerWeb.SkanetrafikenServiceAgent.Entity.GetDepartureArrivalResult</FullName>
          <Methods>
            <Method visited="true" cyclomaticComplexity="1" sequenceCoverage="0" branchCoverage="0" isConstructor="false" isStatic="false" isGetter="true" isSetter="false">
              <Summary numSequencePoints="0" visitedSequencePoints="0" numBranchPoints="0" visitedBranchPoints="0" sequenceCoverage="0" branchCoverage="0" maxCyclomaticComplexity="1" minCyclomaticComplexity="1" />
              <MetadataToken>100663317</MetadataToken>
              <Name>System.Collections.Generic.List`1&lt;BusTrackerWeb.SkanetrafikenServiceAgent.Entity.GetDepartureArrivalResult/Line&gt; BusTrackerWeb.SkanetrafikenServiceAgent.Entity.GetDepartureArrivalResult::get_Lines()</Name>
              <SequencePoints />
              <BranchPoints />
              <MethodPoint vc="18" uspid="144" ordinal="0" offset="0" />
            </Method>
            <Method visited="true" cyclomaticComplexity="1" sequenceCoverage="0" branchCoverage="0" isConstructor="false" isStatic="false" isGetter="false" isSetter="true">
              <Summary numSequencePoints="0" visitedSequencePoints="0" numBranchPoints="0" visitedBranchPoints="0" sequenceCoverage="0" branchCoverage="0" maxCyclomaticComplexity="1" minCyclomaticComplexity="1" />
              <MetadataToken>100663318</MetadataToken>
              <Name>System.Void BusTrackerWeb.SkanetrafikenServiceAgent.Entity.GetDepartureArrivalResult::set_Lines(System.Collections.Generic.List`1&lt;BusTrackerWeb.SkanetrafikenServiceAgent.Entity.GetDepartureArrivalResult/Line&gt;)</Name>
              <SequencePoints />
              <BranchPoints />
              <MethodPoint vc="6" uspid="145" ordinal="0" offset="0" />
            </Method>
            <Method visited="true" cyclomaticComplexity="1" sequenceCoverage="0" branchCoverage="0" isConstructor="false" isStatic="false" isGetter="true" isSetter="false">
              <Summary numSequencePoints="0" visitedSequencePoints="0" numBranchPoints="0" visitedBranchPoints="0" sequenceCoverage="0" branchCoverage="0" maxCyclomaticComplexity="1" minCyclomaticComplexity="1" />
              <MetadataToken>100663319</MetadataToken>
              <Name>BusTrackerWeb.SkanetrafikenServiceAgent.Entity.GetDepartureArrivalResult/StopAreaDataObject BusTrackerWeb.SkanetrafikenServiceAgent.Entity.GetDepartureArrivalResult::get_StopAreaData()</Name>
              <SequencePoints />
              <BranchPoints />
              <MethodPoint vc="6" uspid="146" ordinal="0" offset="0" />
            </Method>
            <Method visited="true" cyclomaticComplexity="1" sequenceCoverage="0" branchCoverage="0" isConstructor="false" isStatic="false" isGetter="false" isSetter="true">
              <Summary numSequencePoints="0" visitedSequencePoints="0" numBranchPoints="0" visitedBranchPoints="0" sequenceCoverage="0" branchCoverage="0" maxCyclomaticComplexity="1" minCyclomaticComplexity="1" />
              <MetadataToken>100663320</MetadataToken>
              <Name>System.Void BusTrackerWeb.SkanetrafikenServiceAgent.Entity.GetDepartureArrivalResult::set_StopAreaData(BusTrackerWeb.SkanetrafikenServiceAgent.Entity.GetDepartureArrivalResult/StopAreaDataObject)</Name>
              <SequencePoints />
              <BranchPoints />
              <MethodPoint vc="6" uspid="147" ordinal="0" offset="0" />
            </Method>
            <Method visited="true" cyclomaticComplexity="1" sequenceCoverage="100" branchCoverage="100" isConstructor="false" isStatic="false" isGetter="false" isSetter="false">
              <Summary numSequencePoints="4" visitedSequencePoints="4" numBranchPoints="1" visitedBranchPoints="1" sequenceCoverage="100" branchCoverage="100" maxCyclomaticComplexity="1" minCyclomaticComplexity="1" />
              <MetadataToken>100663321</MetadataToken>
              <Name>System.Collections.Generic.List`1&lt;BusTrackerDomain.Entity.DepartureInfo&gt; BusTrackerWeb.SkanetrafikenServiceAgent.Entity.GetDepartureArrivalResult::ToDepartureInfo(System.Int32)</Name>
              <FileRef uid="5" />
              <SequencePoints>
                <SequencePoint vc="3" uspid="148" ordinal="0" offset="13" sl="83" sc="9" el="83" ec="10" />
                <SequencePoint vc="3" uspid="149" ordinal="1" offset="14" sl="84" sc="13" el="84" ec="57" />
                <SequencePoint vc="3" uspid="150" ordinal="2" offset="31" sl="86" sc="13" el="95" ec="25" />
                <SequencePoint vc="3" uspid="151" ordinal="3" offset="62" sl="96" sc="9" el="96" ec="10" />
              </SequencePoints>
              <BranchPoints />
              <MethodPoint vc="3" uspid="152" ordinal="0" offset="0" />
            </Method>
            <Method visited="true" cyclomaticComplexity="1" sequenceCoverage="0" branchCoverage="0" isConstructor="true" isStatic="false" isGetter="false" isSetter="false">
              <Summary numSequencePoints="0" visitedSequencePoints="0" numBranchPoints="0" visitedBranchPoints="0" sequenceCoverage="0" branchCoverage="0" maxCyclomaticComplexity="1" minCyclomaticComplexity="1" />
              <MetadataToken>100663322</MetadataToken>
              <Name>System.Void BusTrackerWeb.SkanetrafikenServiceAgent.Entity.GetDepartureArrivalResult::.ctor()</Name>
              <SequencePoints />
              <BranchPoints />
              <MethodPoint vc="6" uspid="153" ordinal="0" offset="0" />
            </Method>
          </Methods>
        </Class>
        <Class>
          <Summary numSequencePoints="21" visitedSequencePoints="4" numBranchPoints="12" visitedBranchPoints="3" sequenceCoverage="19.05" branchCoverage="25" maxCyclomaticComplexity="6" minCyclomaticComplexity="1" />
          <FullName>BusTrackerWeb.SkanetrafikenServiceAgent.Entity.GetDepartureArrivalResult/Line</FullName>
          <Methods>
            <Method visited="true" cyclomaticComplexity="1" sequenceCoverage="0" branchCoverage="0" isConstructor="false" isStatic="false" isGetter="true" isSetter="false">
              <Summary numSequencePoints="0" visitedSequencePoints="0" numBranchPoints="0" visitedBranchPoints="0" sequenceCoverage="0" branchCoverage="0" maxCyclomaticComplexity="1" minCyclomaticComplexity="1" />
              <MetadataToken>100663323</MetadataToken>
              <Name>System.String BusTrackerWeb.SkanetrafikenServiceAgent.Entity.GetDepartureArrivalResult/Line::get_Name()</Name>
              <SequencePoints />
              <BranchPoints />
              <MethodPoint vc="6" uspid="154" ordinal="0" offset="0" />
            </Method>
            <Method visited="false" cyclomaticComplexity="1" sequenceCoverage="0" branchCoverage="0" isConstructor="false" isStatic="false" isGetter="false" isSetter="true">
              <Summary numSequencePoints="0" visitedSequencePoints="0" numBranchPoints="0" visitedBranchPoints="0" sequenceCoverage="0" branchCoverage="0" maxCyclomaticComplexity="1" minCyclomaticComplexity="1" />
              <MetadataToken>100663324</MetadataToken>
              <Name>System.Void BusTrackerWeb.SkanetrafikenServiceAgent.Entity.GetDepartureArrivalResult/Line::set_Name(System.String)</Name>
              <SequencePoints />
              <BranchPoints />
              <MethodPoint vc="0" uspid="155" ordinal="0" offset="0" />
            </Method>
            <Method visited="true" cyclomaticComplexity="1" sequenceCoverage="0" branchCoverage="0" isConstructor="false" isStatic="false" isGetter="true" isSetter="false">
              <Summary numSequencePoints="0" visitedSequencePoints="0" numBranchPoints="0" visitedBranchPoints="0" sequenceCoverage="0" branchCoverage="0" maxCyclomaticComplexity="1" minCyclomaticComplexity="1" />
              <MetadataToken>100663325</MetadataToken>
              <Name>System.Int32 BusTrackerWeb.SkanetrafikenServiceAgent.Entity.GetDepartureArrivalResult/Line::get_No()</Name>
              <SequencePoints />
              <BranchPoints />
              <MethodPoint vc="6" uspid="156" ordinal="0" offset="0" />
            </Method>
            <Method visited="true" cyclomaticComplexity="1" sequenceCoverage="0" branchCoverage="0" isConstructor="false" isStatic="false" isGetter="false" isSetter="true">
              <Summary numSequencePoints="0" visitedSequencePoints="0" numBranchPoints="0" visitedBranchPoints="0" sequenceCoverage="0" branchCoverage="0" maxCyclomaticComplexity="1" minCyclomaticComplexity="1" />
              <MetadataToken>100663326</MetadataToken>
              <Name>System.Void BusTrackerWeb.SkanetrafikenServiceAgent.Entity.GetDepartureArrivalResult/Line::set_No(System.Int32)</Name>
              <SequencePoints />
              <BranchPoints />
              <MethodPoint vc="4" uspid="157" ordinal="0" offset="0" />
            </Method>
            <Method visited="true" cyclomaticComplexity="1" sequenceCoverage="0" branchCoverage="0" isConstructor="false" isStatic="false" isGetter="true" isSetter="false">
              <Summary numSequencePoints="0" visitedSequencePoints="0" numBranchPoints="0" visitedBranchPoints="0" sequenceCoverage="0" branchCoverage="0" maxCyclomaticComplexity="1" minCyclomaticComplexity="1" />
              <MetadataToken>100663327</MetadataToken>
              <Name>System.DateTime BusTrackerWeb.SkanetrafikenServiceAgent.Entity.GetDepartureArrivalResult/Line::get_JourneyDateTime()</Name>
              <SequencePoints />
              <BranchPoints />
              <MethodPoint vc="6" uspid="158" ordinal="0" offset="0" />
            </Method>
            <Method visited="true" cyclomaticComplexity="1" sequenceCoverage="0" branchCoverage="0" isConstructor="false" isStatic="false" isGetter="false" isSetter="true">
              <Summary numSequencePoints="0" visitedSequencePoints="0" numBranchPoints="0" visitedBranchPoints="0" sequenceCoverage="0" branchCoverage="0" maxCyclomaticComplexity="1" minCyclomaticComplexity="1" />
              <MetadataToken>100663328</MetadataToken>
              <Name>System.Void BusTrackerWeb.SkanetrafikenServiceAgent.Entity.GetDepartureArrivalResult/Line::set_JourneyDateTime(System.DateTime)</Name>
              <SequencePoints />
              <BranchPoints />
              <MethodPoint vc="4" uspid="159" ordinal="0" offset="0" />
            </Method>
            <Method visited="false" cyclomaticComplexity="1" sequenceCoverage="0" branchCoverage="0" isConstructor="false" isStatic="false" isGetter="true" isSetter="false">
              <Summary numSequencePoints="3" visitedSequencePoints="0" numBranchPoints="1" visitedBranchPoints="0" sequenceCoverage="0" branchCoverage="0" maxCyclomaticComplexity="1" minCyclomaticComplexity="1" />
              <MetadataToken>100663329</MetadataToken>
              <Name>System.TimeSpan BusTrackerWeb.SkanetrafikenServiceAgent.Entity.GetDepartureArrivalResult/Line::get_TimeToDeparture()</Name>
              <FileRef uid="5" />
              <SequencePoints>
                <SequencePoint vc="0" uspid="160" ordinal="0" offset="0" sl="28" sc="21" el="28" ec="22" />
                <SequencePoint vc="0" uspid="161" ordinal="1" offset="1" sl="28" sc="23" el="28" ec="61" />
                <SequencePoint vc="0" uspid="162" ordinal="2" offset="20" sl="28" sc="62" el="28" ec="63" />
              </SequencePoints>
              <BranchPoints />
              <MethodPoint xsi:type="SequencePoint" vc="0" uspid="160" ordinal="0" offset="0" sl="28" sc="21" el="28" ec="22" />
            </Method>
            <Method visited="true" cyclomaticComplexity="1" sequenceCoverage="0" branchCoverage="0" isConstructor="false" isStatic="false" isGetter="true" isSetter="false">
              <Summary numSequencePoints="0" visitedSequencePoints="0" numBranchPoints="0" visitedBranchPoints="0" sequenceCoverage="0" branchCoverage="0" maxCyclomaticComplexity="1" minCyclomaticComplexity="1" />
              <MetadataToken>100663330</MetadataToken>
              <Name>BusTrackerWeb.SkanetrafikenServiceAgent.Entity.GetDepartureArrivalResult/RealTime BusTrackerWeb.SkanetrafikenServiceAgent.Entity.GetDepartureArrivalResult/Line::get_RealTime()</Name>
              <SequencePoints />
              <BranchPoints />
              <MethodPoint vc="13" uspid="163" ordinal="0" offset="0" />
            </Method>
            <Method visited="true" cyclomaticComplexity="1" sequenceCoverage="0" branchCoverage="0" isConstructor="false" isStatic="false" isGetter="false" isSetter="true">
              <Summary numSequencePoints="0" visitedSequencePoints="0" numBranchPoints="0" visitedBranchPoints="0" sequenceCoverage="0" branchCoverage="0" maxCyclomaticComplexity="1" minCyclomaticComplexity="1" />
              <MetadataToken>100663331</MetadataToken>
              <Name>System.Void BusTrackerWeb.SkanetrafikenServiceAgent.Entity.GetDepartureArrivalResult/Line::set_RealTime(BusTrackerWeb.SkanetrafikenServiceAgent.Entity.GetDepartureArrivalResult/RealTime)</Name>
              <SequencePoints />
              <BranchPoints />
              <MethodPoint vc="2" uspid="164" ordinal="0" offset="0" />
            </Method>
            <Method visited="true" cyclomaticComplexity="1" sequenceCoverage="0" branchCoverage="0" isConstructor="false" isStatic="false" isGetter="true" isSetter="false">
              <Summary numSequencePoints="0" visitedSequencePoints="0" numBranchPoints="0" visitedBranchPoints="0" sequenceCoverage="0" branchCoverage="0" maxCyclomaticComplexity="1" minCyclomaticComplexity="1" />
              <MetadataToken>100663332</MetadataToken>
              <Name>System.Xml.XmlElement[] BusTrackerWeb.SkanetrafikenServiceAgent.Entity.GetDepartureArrivalResult/Line::get_DeviationsNodes()</Name>
              <SequencePoints />
              <BranchPoints />
              <MethodPoint vc="6" uspid="165" ordinal="0" offset="0" />
            </Method>
            <Method visited="true" cyclomaticComplexity="1" sequenceCoverage="0" branchCoverage="0" isConstructor="false" isStatic="false" isGetter="false" isSetter="true">
              <Summary numSequencePoints="0" visitedSequencePoints="0" numBranchPoints="0" visitedBranchPoints="0" sequenceCoverage="0" branchCoverage="0" maxCyclomaticComplexity="1" minCyclomaticComplexity="1" />
              <MetadataToken>100663333</MetadataToken>
              <Name>System.Void BusTrackerWeb.SkanetrafikenServiceAgent.Entity.GetDepartureArrivalResult/Line::set_DeviationsNodes(System.Xml.XmlElement[])</Name>
              <SequencePoints />
              <BranchPoints />
[...]
            </Method>
            <Method visited="false" cyclomaticComplexity="1" sequenceCoverage="0" branchCoverage="0" isConstructor="false" isStatic="false" isGetter="false" isSetter="true">
              <Summary numSequencePoints="0" visitedSequencePoints="0" numBranchPoints="0" visitedBranchPoints="0" sequenceCoverage="0" branchCoverage="0" maxCyclomaticComplexity="1" minCyclomaticComplexity="1" />
              <MetadataToken>100663344</MetadataToken>
              <Name>System.Void BusTrackerWeb.SkanetrafikenServiceAgent.Entity.GetDepartureArrivalResult/RealTimeInfo::set_DepDeviationAffect(System.String)</Name>
              <SequencePoints />
              <BranchPoints />
              <MethodPoint vc="0" uspid="204" ordinal="0" offset="0" />
            </Method>
            <Method visited="true" cyclomaticComplexity="1" sequenceCoverage="0" branchCoverage="0" isConstructor="true" isStatic="false" isGetter="false" isSetter="false">
              <Summary numSequencePoints="0" visitedSequencePoints="0" numBranchPoints="0" visitedBranchPoints="0" sequenceCoverage="0" branchCoverage="0" maxCyclomaticComplexity="1" minCyclomaticComplexity="1" />
              <MetadataToken>100663345</MetadataToken>
              <Name>System.Void BusTrackerWeb.SkanetrafikenServiceAgent.Entity.GetDepartureArrivalResult/RealTimeInfo::.ctor()</Name>
              <SequencePoints />
              <BranchPoints />
              <MethodPoint vc="2" uspid="205" ordinal="0" offset="0" />
            </Method>
          </Methods>
        </Class>
        <Class>
          <Summary numSequencePoints="0" visitedSequencePoints="0" numBranchPoints="0" visitedBranchPoints="0" sequenceCoverage="0" branchCoverage="0" maxCyclomaticComplexity="1" minCyclomaticComplexity="1" />
          <FullName>BusTrackerWeb.SkanetrafikenServiceAgent.Entity.GetDepartureArrivalResult/StopAreaDataObject</FullName>
          <Methods>
            <Method visited="true" cyclomaticComplexity="1" sequenceCoverage="0" branchCoverage="0" isConstructor="false" isStatic="false" isGetter="true" isSetter="false">
              <Summary numSequencePoints="0" visitedSequencePoints="0" numBranchPoints="0" visitedBranchPoints="0" sequenceCoverage="0" branchCoverage="0" maxCyclomaticComplexity="1" minCyclomaticComplexity="1" />
              <MetadataToken>100663346</MetadataToken>
              <Name>System.String BusTrackerWeb.SkanetrafikenServiceAgent.Entity.GetDepartureArrivalResult/StopAreaDataObject::get_Name()</Name>
              <SequencePoints />
              <BranchPoints />
              <MethodPoint vc="6" uspid="206" ordinal="0" offset="0" />
            </Method>
            <Method visited="true" cyclomaticComplexity="1" sequenceCoverage="0" branchCoverage="0" isConstructor="false" isStatic="false" isGetter="false" isSetter="true">
              <Summary numSequencePoints="0" visitedSequencePoints="0" numBranchPoints="0" visitedBranchPoints="0" sequenceCoverage="0" branchCoverage="0" maxCyclomaticComplexity="1" minCyclomaticComplexity="1" />
              <MetadataToken>100663347</MetadataToken>
              <Name>System.Void BusTrackerWeb.SkanetrafikenServiceAgent.Entity.GetDepartureArrivalResult/StopAreaDataObject::set_Name(System.String)</Name>
              <SequencePoints />
              <BranchPoints />
              <MethodPoint vc="6" uspid="207" ordinal="0" offset="0" />
            </Method>
            <Method visited="true" cyclomaticComplexity="1" sequenceCoverage="0" branchCoverage="0" isConstructor="true" isStatic="false" isGetter="false" isSetter="false">
              <Summary numSequencePoints="0" visitedSequencePoints="0" numBranchPoints="0" visitedBranchPoints="0" sequenceCoverage="0" branchCoverage="0" maxCyclomaticComplexity="1" minCyclomaticComplexity="1" />
              <MetadataToken>100663348</MetadataToken>
              <Name>System.Void BusTrackerWeb.SkanetrafikenServiceAgent.Entity.GetDepartureArrivalResult/StopAreaDataObject::.ctor()</Name>
              <SequencePoints />
              <BranchPoints />
              <MethodPoint vc="6" uspid="208" ordinal="0" offset="0" />
            </Method>
          </Methods>
        </Class>
        <Class>
          <Summary numSequencePoints="1" visitedSequencePoints="1" numBranchPoints="11" visitedBranchPoints="8" sequenceCoverage="100" branchCoverage="72.73" maxCyclomaticComplexity="8" minCyclomaticComplexity="1" />
          <FullName>BusTrackerWeb.SkanetrafikenServiceAgent.Entity.GetDepartureArrivalResult/&lt;&gt;c__DisplayClass4</FullName>
          <Methods>
            <Method visited="true" cyclomaticComplexity="1" sequenceCoverage="0" branchCoverage="0" isConstructor="true" isStatic="false" isGetter="false" isSetter="false">
              <Summary numSequencePoints="0" visitedSequencePoints="0" numBranchPoints="0" visitedBranchPoints="0" sequenceCoverage="0" branchCoverage="0" maxCyclomaticComplexity="1" minCyclomaticComplexity="1" />
              <MetadataToken>100663356</MetadataToken>
              <Name>System.Void BusTrackerWeb.SkanetrafikenServiceAgent.Entity.GetDepartureArrivalResult/&lt;&gt;c__DisplayClass4::.ctor()</Name>
              <SequencePoints />
              <BranchPoints />
              <MethodPoint vc="3" uspid="209" ordinal="0" offset="0" />
            </Method>
            <Method visited="true" cyclomaticComplexity="8" sequenceCoverage="100" branchCoverage="72.73" isConstructor="false" isStatic="false" isGetter="false" isSetter="false">
              <Summary numSequencePoints="1" visitedSequencePoints="1" numBranchPoints="11" visitedBranchPoints="8" sequenceCoverage="100" branchCoverage="72.73" maxCyclomaticComplexity="8" minCyclomaticComplexity="8" />
              <MetadataToken>100663357</MetadataToken>
              <Name>BusTrackerDomain.Entity.DepartureInfo BusTrackerWeb.SkanetrafikenServiceAgent.Entity.GetDepartureArrivalResult/&lt;&gt;c__DisplayClass4::&lt;ToDepartureInfo&gt;b__3(BusTrackerWeb.SkanetrafikenServiceAgent.Entity.GetDepartureArrivalResult/Line)</Name>
              <FileRef uid="5" />
              <SequencePoints>
                <SequencePoint vc="3" uspid="210" ordinal="0" offset="0" sl="86" sc="46" el="95" ec="14" />
              </SequencePoints>
              <BranchPoints>
                <BranchPoint vc="1" uspid="211" ordinal="0" offset="13" path="0" />
                <BranchPoint vc="2" uspid="212" ordinal="1" offset="13" path="1" />
                <BranchPoint vc="0" uspid="213" ordinal="2" offset="26" path="0" />
                <BranchPoint vc="1" uspid="214" ordinal="3" offset="26" path="1" />
                <BranchPoint vc="1" uspid="215" ordinal="4" offset="95" path="0" />
                <BranchPoint vc="2" uspid="216" ordinal="5" offset="95" path="1" />
                <BranchPoint vc="1" uspid="217" ordinal="6" offset="108" path="0" />
                <BranchPoint vc="0" uspid="218" ordinal="7" offset="108" path="1" />
                <BranchPoint vc="1" uspid="219" ordinal="8" offset="126" path="0" />
                <BranchPoint vc="0" uspid="220" ordinal="9" offset="126" path="1" />
              </BranchPoints>
              <MethodPoint xsi:type="SequencePoint" vc="3" uspid="210" ordinal="0" offset="0" sl="86" sc="46" el="95" ec="14" />
            </Method>
          </Methods>
        </Class>
        <Class>
          <Summary numSequencePoints="14" visitedSequencePoints="0" numBranchPoints="4" visitedBranchPoints="0" sequenceCoverage="0" branchCoverage="0" maxCyclomaticComplexity="1" minCyclomaticComplexity="1" />
          <FullName>BusTrackerWeb.SkanetrafikenServiceAgent.ServiceFinder</FullName>
          <Methods>
            <Method visited="false" cyclomaticComplexity="1" sequenceCoverage="0" branchCoverage="0" isConstructor="true" isStatic="false" isGetter="false" isSetter="false">
              <Summary numSequencePoints="5" visitedSequencePoints="0" numBranchPoints="1" visitedBranchPoints="0" sequenceCoverage="0" branchCoverage="0" maxCyclomaticComplexity="1" minCyclomaticComplexity="1" />
              <MetadataToken>100663350</MetadataToken>
              <Name>System.Void BusTrackerWeb.SkanetrafikenServiceAgent.ServiceFinder::.ctor()</Name>
              <FileRef uid="8" />
              <SequencePoints>
                <SequencePoint vc="0" uspid="221" ordinal="0" offset="0" sl="12" sc="9" el="12" ec="102" />
                <SequencePoint vc="0" uspid="222" ordinal="1" offset="11" sl="14" sc="9" el="14" ec="31" />
                <SequencePoint vc="0" uspid="223" ordinal="2" offset="18" sl="15" sc="9" el="15" ec="10" />
                <SequencePoint vc="0" uspid="224" ordinal="3" offset="19" sl="16" sc="13" el="16" ec="124" />
                <SequencePoint vc="0" uspid="225" ordinal="4" offset="67" sl="17" sc="9" el="17" ec="10" />
              </SequencePoints>
              <BranchPoints />
              <MethodPoint xsi:type="SequencePoint" vc="0" uspid="221" ordinal="0" offset="0" sl="12" sc="9" el="12" ec="102" />
            </Method>
            <Method visited="false" cyclomaticComplexity="1" sequenceCoverage="0" branchCoverage="0" isConstructor="false" isStatic="false" isGetter="false" isSetter="false">
              <Summary numSequencePoints="3" visitedSequencePoints="0" numBranchPoints="1" visitedBranchPoints="0" sequenceCoverage="0" branchCoverage="0" maxCyclomaticComplexity="1" minCyclomaticComplexity="1" />
              <MetadataToken>100663351</MetadataToken>
              <Name>System.Collections.Generic.List`1&lt;BusTrackerDomain.Entity.Service&gt; BusTrackerWeb.SkanetrafikenServiceAgent.ServiceFinder::GetServices()</Name>
              <FileRef uid="8" />
              <SequencePoints>
                <SequencePoint vc="0" uspid="226" ordinal="0" offset="0" sl="20" sc="9" el="20" ec="10" />
                <SequencePoint vc="0" uspid="227" ordinal="1" offset="1" sl="21" sc="13" el="21" ec="46" />
                <SequencePoint vc="0" uspid="228" ordinal="2" offset="20" sl="22" sc="9" el="22" ec="10" />
              </SequencePoints>
              <BranchPoints />
              <MethodPoint xsi:type="SequencePoint" vc="0" uspid="226" ordinal="0" offset="0" sl="20" sc="9" el="20" ec="10" />
            </Method>
            <Method visited="false" cyclomaticComplexity="1" sequenceCoverage="0" branchCoverage="0" isConstructor="false" isStatic="false" isGetter="false" isSetter="false">
              <Summary numSequencePoints="3" visitedSequencePoints="0" numBranchPoints="1" visitedBranchPoints="0" sequenceCoverage="0" branchCoverage="0" maxCyclomaticComplexity="1" minCyclomaticComplexity="1" />
              <MetadataToken>100663352</MetadataToken>
              <Name>System.String BusTrackerWeb.SkanetrafikenServiceAgent.ServiceFinder::GetRouteKey(System.Int32)</Name>
              <FileRef uid="8" />
              <SequencePoints>
                <SequencePoint vc="0" uspid="229" ordinal="0" offset="13" sl="25" sc="9" el="25" ec="10" />
                <SequencePoint vc="0" uspid="230" ordinal="1" offset="14" sl="26" sc="13" el="26" ec="79" />
                <SequencePoint vc="0" uspid="231" ordinal="2" offset="48" sl="27" sc="9" el="27" ec="10" />
              </SequencePoints>
              <BranchPoints />
              <MethodPoint vc="0" uspid="232" ordinal="0" offset="0" />
            </Method>
            <Method visited="false" cyclomaticComplexity="1" sequenceCoverage="0" branchCoverage="0" isConstructor="false" isStatic="false" isGetter="false" isSetter="false">
              <Summary numSequencePoints="3" visitedSequencePoints="0" numBranchPoints="1" visitedBranchPoints="0" sequenceCoverage="0" branchCoverage="0" maxCyclomaticComplexity="1" minCyclomaticComplexity="1" />
              <MetadataToken>100663353</MetadataToken>
              <Name>BusTrackerDomain.Entity.Service BusTrackerWeb.SkanetrafikenServiceAgent.ServiceFinder::GetRouteService(System.Int32)</Name>
              <FileRef uid="8" />
              <SequencePoints>
                <SequencePoint vc="0" uspid="233" ordinal="0" offset="13" sl="30" sc="9" el="30" ec="10" />
                <SequencePoint vc="0" uspid="234" ordinal="1" offset="14" sl="31" sc="13" el="31" ec="77" />
                <SequencePoint vc="0" uspid="235" ordinal="2" offset="48" sl="32" sc="9" el="32" ec="10" />
              </SequencePoints>
              <BranchPoints />
              <MethodPoint vc="0" uspid="236" ordinal="0" offset="0" />
            </Method>
          </Methods>
        </Class>
        <Class>
          <Summary numSequencePoints="1" visitedSequencePoints="0" numBranchPoints="1" visitedBranchPoints="0" sequenceCoverage="0" branchCoverage="0" maxCyclomaticComplexity="1" minCyclomaticComplexity="1" />
          <FullName>BusTrackerWeb.SkanetrafikenServiceAgent.ServiceFinder/&lt;&gt;c__DisplayClass2</FullName>
          <Methods>
            <Method visited="false" cyclomaticComplexity="1" sequenceCoverage="0" branchCoverage="0" isConstructor="true" isStatic="false" isGetter="false" isSetter="false">
              <Summary numSequencePoints="0" visitedSequencePoints="0" numBranchPoints="0" visitedBranchPoints="0" sequenceCoverage="0" branchCoverage="0" maxCyclomaticComplexity="1" minCyclomaticComplexity="1" />
              <MetadataToken>100663358</MetadataToken>
              <Name>System.Void BusTrackerWeb.SkanetrafikenServiceAgent.ServiceFinder/&lt;&gt;c__DisplayClass2::.ctor()</Name>
              <SequencePoints />
              <BranchPoints />
              <MethodPoint vc="0" uspid="237" ordinal="0" offset="0" />
            </Method>
            <Method visited="false" cyclomaticComplexity="1" sequenceCoverage="0" branchCoverage="0" isConstructor="false" isStatic="false" isGetter="false" isSetter="false">
              <Summary numSequencePoints="1" visitedSequencePoints="0" numBranchPoints="1" visitedBranchPoints="0" sequenceCoverage="0" branchCoverage="0" maxCyclomaticComplexity="1" minCyclomaticComplexity="1" />
              <MetadataToken>100663359</MetadataToken>
              <Name>System.Boolean BusTrackerWeb.SkanetrafikenServiceAgent.ServiceFinder/&lt;&gt;c__DisplayClass2::&lt;GetRouteKey&gt;b__1(System.Collections.Generic.KeyValuePair`2&lt;BusTrackerDomain.Entity.Service,System.String&gt;)</Name>
              <FileRef uid="8" />
              <SequencePoints>
                <SequencePoint vc="0" uspid="238" ordinal="0" offset="0" sl="26" sc="43" el="26" ec="71" />
              </SequencePoints>
              <BranchPoints />
              <MethodPoint xsi:type="SequencePoint" vc="0" uspid="238" ordinal="0" offset="0" sl="26" sc="43" el="26" ec="71" />
            </Method>
          </Methods>
        </Class>
        <Class>
          <Summary numSequencePoints="1" visitedSequencePoints="0" numBranchPoints="1" visitedBranchPoints="0" sequenceCoverage="0" branchCoverage="0" maxCyclomaticComplexity="1" minCyclomaticComplexity="1" />
          <FullName>BusTrackerWeb.SkanetrafikenServiceAgent.ServiceFinder/&lt;&gt;c__DisplayClass5</FullName>
          <Methods>
            <Method visited="false" cyclomaticComplexity="1" sequenceCoverage="0" branchCoverage="0" isConstructor="true" isStatic="false" isGetter="false" isSetter="false">
              <Summary numSequencePoints="0" visitedSequencePoints="0" numBranchPoints="0" visitedBranchPoints="0" sequenceCoverage="0" branchCoverage="0" maxCyclomaticComplexity="1" minCyclomaticComplexity="1" />
              <MetadataToken>100663360</MetadataToken>
              <Name>System.Void BusTrackerWeb.SkanetrafikenServiceAgent.ServiceFinder/&lt;&gt;c__DisplayClass5::.ctor()</Name>
              <SequencePoints />
              <BranchPoints />
              <MethodPoint vc="0" uspid="239" ordinal="0" offset="0" />
            </Method>
            <Method visited="false" cyclomaticComplexity="1" sequenceCoverage="0" branchCoverage="0" isConstructor="false" isStatic="false" isGetter="false" isSetter="false">
              <Summary numSequencePoints="1" visitedSequencePoints="0" numBranchPoints="1" visitedBranchPoints="0" sequenceCoverage="0" branchCoverage="0" maxCyclomaticComplexity="1" minCyclomaticComplexity="1" />
              <MetadataToken>100663361</MetadataToken>
              <Name>System.Boolean BusTrackerWeb.SkanetrafikenServiceAgent.ServiceFinder/&lt;&gt;c__DisplayClass5::&lt;GetRouteService&gt;b__4(System.Collections.Generic.KeyValuePair`2&lt;BusTrackerDomain.Entity.Service,System.String&gt;)</Name>
              <FileRef uid="8" />
              <SequencePoints>
                <SequencePoint vc="0" uspid="240" ordinal="0" offset="0" sl="31" sc="43" el="31" ec="71" />
              </SequencePoints>
              <BranchPoints />
              <MethodPoint xsi:type="SequencePoint" vc="0" uspid="240" ordinal="0" offset="0" sl="31" sc="43" el="31" ec="71" />
            </Method>
          </Methods>
        </Class>
        <Class>
          <Summary numSequencePoints="5" visitedSequencePoints="0" numBranchPoints="3" visitedBranchPoints="0" sequenceCoverage="0" branchCoverage="0" maxCyclomaticComplexity="2" minCyclomaticComplexity="1" />
          <FullName>BusTrackerWeb.SkanetrafikenServiceAgent.WebCallProxy</FullName>
          <Methods>
            <Method visited="false" cyclomaticComplexity="2" sequenceCoverage="0" branchCoverage="0" isConstructor="false" isStatic="false" isGetter="false" isSetter="false">
              <Summary numSequencePoints="5" visitedSequencePoints="0" numBranchPoints="3" visitedBranchPoints="0" sequenceCoverage="0" branchCoverage="0" maxCyclomaticComplexity="2" minCyclomaticComplexity="2" />
              <MetadataToken>100663354</MetadataToken>
              <Name>System.String BusTrackerWeb.SkanetrafikenServiceAgent.WebCallProxy::Call(System.String)</Name>
              <FileRef uid="11" />
              <SequencePoints>
                <SequencePoint vc="0" uspid="241" ordinal="0" offset="0" sl="9" sc="9" el="9" ec="10" />
                <SequencePoint vc="0" uspid="242" ordinal="1" offset="1" sl="10" sc="20" el="10" ec="51" />
                <SequencePoint vc="0" uspid="243" ordinal="2" offset="7" sl="11" sc="13" el="11" ec="14" />
                <SequencePoint vc="0" uspid="244" ordinal="3" offset="8" sl="12" sc="17" el="12" ec="60" />
                <SequencePoint vc="0" uspid="245" ordinal="4" offset="35" sl="14" sc="9" el="14" ec="10" />
              </SequencePoints>
              <BranchPoints>
                <BranchPoint vc="0" uspid="246" ordinal="0" offset="24" path="0" />
                <BranchPoint vc="0" uspid="247" ordinal="1" offset="24" path="1" />
              </BranchPoints>
              <MethodPoint xsi:type="SequencePoint" vc="0" uspid="241" ordinal="0" offset="0" sl="9" sc="9" el="9" ec="10" />
            </Method>
            <Method visited="false" cyclomaticComplexity="1" sequenceCoverage="0" branchCoverage="0" isConstructor="true" isStatic="false" isGetter="false" isSetter="false">
              <Summary numSequencePoints="0" visitedSequencePoints="0" numBranchPoints="0" visitedBranchPoints="0" sequenceCoverage="0" branchCoverage="0" maxCyclomaticComplexity="1" minCyclomaticComplexity="1" />
              <MetadataToken>100663355</MetadataToken>
              <Name>System.Void BusTrackerWeb.SkanetrafikenServiceAgent.WebCallProxy::.ctor()</Name>
              <SequencePoints />
              <BranchPoints />
              <MethodPoint vc="0" uspid="248" ordinal="0" offset="0" />
            </Method>
          </Methods>
        </Class>
      </Classes>
    </Module>
    <Module skippedDueTo="Filter" hash="7B-30-A4-BA-34-91-EB-E6-AF-A7-E4-50-3F-B6-8B-C1-35-F6-F1-66">
      <FullName>C:\Windows\Microsoft.Net\assembly\GAC_MSIL\System.Xml.Linq\v4.0_4.0.0.0__b77a5c561934e089\System.Xml.Linq.dll</FullName>
      <ModuleName>System.Xml.Linq</ModuleName>
      <Classes />
    </Module>
  </Modules>
</CoverageSession>